#
# There is insufficient memory for the Java Runtime Environment to continue.
# Native memory allocation (mmap) failed to map 174063616 bytes for committing reserved memory.
# Possible reasons:
#   The system is out of physical RAM or swap space
#   In 32 bit mode, the process size limit was hit
# Possible solutions:
#   Reduce memory load on the system
#   Increase physical memory or swap space
#   Check if swap backing store is full
#   Use 64 bit Java on a 64 bit OS
#   Decrease Java heap size (-Xmx/-Xms)
#   Decrease number of Java threads
#   Decrease Java thread stack sizes (-Xss)
#   Set larger code cache with -XX:ReservedCodeCacheSize=
# This output file may be truncated or incomplete.
#
#  Out of Memory Error (os_linux.cpp:2627), pid=23433, tid=0x00007f0339818700
#
# JRE version: Java(TM) SE Runtime Environment (8.0_101-b13) (build 1.8.0_101-b13)
# Java VM: Java HotSpot(TM) 64-Bit Server VM (25.101-b13 mixed mode linux-amd64 compressed oops)
# Failed to write core dump. Core dumps have been disabled. To enable core dumping, try "ulimit -c unlimited" before starting Java again
#

---------------  T H R E A D  ---------------

Current thread (0x00007f034c078000):  VMThread [stack: 0x00007f0339718000,0x00007f0339819000] [id=23449]

Stack: [0x00007f0339718000,0x00007f0339819000],  sp=0x00007f03398170a0,  free space=1020k
Native frames: (J=compiled Java code, j=interpreted, Vv=VM code, C=native code)
V  [libjvm.so+0xac3f0a]  VMError::report_and_die()+0x2ba
V  [libjvm.so+0x4fbf9b]  report_vm_out_of_memory(char const*, int, unsigned long, VMErrorType, char const*)+0x8b
V  [libjvm.so+0x9222d3]  os::Linux::commit_memory_impl(char*, unsigned long, bool)+0x103
V  [libjvm.so+0x922829]  os::pd_commit_memory(char*, unsigned long, unsigned long, bool)+0x29
V  [libjvm.so+0x91cb2a]  os::commit_memory(char*, unsigned long, unsigned long, bool)+0x2a
V  [libjvm.so+0x991053]  PSVirtualSpace::expand_by(unsigned long)+0x53
V  [libjvm.so+0x992458]  PSYoungGen::resize_generation(unsigned long, unsigned long)+0xf8
V  [libjvm.so+0x9915b2]  PSYoungGen::resize(unsigned long, unsigned long)+0x22
V  [libjvm.so+0x98e88b]  PSScavenge::invoke_no_policy()+0xf3b
V  [libjvm.so+0x98f011]  PSScavenge::invoke()+0x41
V  [libjvm.so+0x945fc0]  ParallelScavengeHeap::failed_mem_allocate(unsigned long)+0x70
V  [libjvm.so+0xac5927]  VM_ParallelGCFailedAllocation::doit()+0x97
V  [libjvm.so+0xacd405]  VM_Operation::evaluate()+0x55
V  [libjvm.so+0xacb7da]  VMThread::evaluate_operation(VM_Operation*)+0xba
V  [libjvm.so+0xacbb5e]  VMThread::loop()+0x1ce
V  [libjvm.so+0xacbfd0]  VMThread::run()+0x70
V  [libjvm.so+0x924698]  java_start(Thread*)+0x108

VM_Operation (0x00007f03383e4fc0): ParallelGCFailedAllocation, mode: safepoint, requested by thread 0x00007f034c19c000


---------------  P R O C E S S  ---------------

Java Threads: ( => current thread )
  0x00007f034c19c000 JavaThread "pool-2-thread-4" [_thread_blocked, id=23484, stack(0x00007f03382e6000,0x00007f03383e7000)]
  0x00007f034c19a800 JavaThread "pool-2-thread-3" [_thread_blocked, id=23483, stack(0x00007f03383e7000,0x00007f03384e8000)]
  0x00007f034c199800 JavaThread "pool-2-thread-2" [_thread_blocked, id=23482, stack(0x00007f03384e8000,0x00007f03385e9000)]
  0x00007f034c18d800 JavaThread "pool-3-thread-1" [_thread_blocked, id=23481, stack(0x00007f03385e9000,0x00007f03386ea000)]
  0x00007f034c18b000 JavaThread "pool-2-thread-1" [_thread_blocked, id=23480, stack(0x00007f03386ea000,0x00007f03387eb000)]
  0x00007f034c0c0000 JavaThread "Service Thread" daemon [_thread_blocked, id=23458, stack(0x00007f0338911000,0x00007f0338a12000)]
  0x00007f034c0bd000 JavaThread "C1 CompilerThread2" daemon [_thread_blocked, id=23456, stack(0x00007f0338a12000,0x00007f0338b13000)]
  0x00007f034c0bb000 JavaThread "C2 CompilerThread1" daemon [_thread_blocked, id=23455, stack(0x00007f0338b13000,0x00007f0338c14000)]
  0x00007f034c0b8800 JavaThread "C2 CompilerThread0" daemon [_thread_blocked, id=23454, stack(0x00007f0338c14000,0x00007f0338d15000)]
  0x00007f034c0b7000 JavaThread "Signal Dispatcher" daemon [_thread_blocked, id=23453, stack(0x00007f0338d15000,0x00007f0338e16000)]
  0x00007f034c084000 JavaThread "Finalizer" daemon [_thread_blocked, id=23451, stack(0x00007f0339516000,0x00007f0339617000)]
  0x00007f034c07f800 JavaThread "Reference Handler" daemon [_thread_blocked, id=23450, stack(0x00007f0339617000,0x00007f0339718000)]
  0x00007f034c00a000 JavaThread "main" [_thread_blocked, id=23441, stack(0x00007f0353deb000,0x00007f0353eec000)]

Other Threads:
=>0x00007f034c078000 VMThread [stack: 0x00007f0339718000,0x00007f0339819000] [id=23449]
  0x00007f034c0c3000 WatcherThread [stack: 0x00007f0338810000,0x00007f0338911000] [id=23459]

VM state:at safepoint (normal execution)

VM Mutex/Monitor currently owned by a thread:  ([mutex/lock_event])
[0x00007f034c0064f0] Threads_lock - owner thread: 0x00007f034c078000
[0x00007f034c0069f0] Heap_lock - owner thread: 0x00007f034c19c000

Heap:
 PSYoungGen      total 132096K, used 5114K [0x00000000eab00000, 0x00000000f3100000, 0x0000000100000000)
  eden space 126976K, 0% used [0x00000000eab00000,0x00000000eab00000,0x00000000f2700000)
  from space 5120K, 99% used [0x00000000f2700000,0x00000000f2bfeb50,0x00000000f2c00000)
  to   space 5120K, 0% used [0x00000000f2c00000,0x00000000f2c00000,0x00000000f3100000)
 ParOldGen       total 84992K, used 40025K [0x00000000c0000000, 0x00000000c5300000, 0x00000000eab00000)
  object space 84992K, 47% used [0x00000000c0000000,0x00000000c2716708,0x00000000c5300000)
 Metaspace       used 6337K, capacity 7128K, committed 7424K, reserved 1056768K
  class space    used 617K, capacity 656K, committed 768K, reserved 1048576K

Card table byte_map: [0x00007f0350991000,0x00007f0350b92000] byte_map_base: 0x00007f0350391000

Marking Bits: (ParMarkBitMap*) 0x00007f03532ba120
 Begin Bits: [0x00007f033b000000, 0x00007f033c000000)
 End Bits:   [0x00007f033c000000, 0x00007f033d000000)

Polling page: 0x00007f0353f09000

CodeCache: size=245760Kb used=6666Kb max_used=6666Kb free=239093Kb
 bounds [0x00007f033d000000, 0x00007f033d690000, 0x00007f034c000000]
 total_blobs=2068 nmethods=1800 adapters=182
 compilation: enabled

Compilation events (10 events):
Event: 7.091 Thread 0x00007f034c0bd000 nmethod 2031 0x00007f033d6831d0 code [0x00007f033d683380, 0x00007f033d683af8]
Event: 7.091 Thread 0x00007f034c0bd000 2032       2       java.util.ArrayDeque::pollFirst (42 bytes)
Event: 7.114 Thread 0x00007f034c0bd000 nmethod 2032 0x00007f033d683f50 code [0x00007f033d6840c0, 0x00007f033d684290]
Event: 7.114 Thread 0x00007f034c0bd000 2098       2       java.util.HashMap::putVal (300 bytes)
Event: 7.115 Thread 0x00007f034c0bd000 nmethod 2098 0x00007f033d684390 code [0x00007f033d6845a0, 0x00007f033d684c98]
Event: 7.115 Thread 0x00007f034c0bd000 2099 %     3       com.android.dx.ssa.SsaRenamer::<init> @ 65 (100 bytes)
Event: 7.116 Thread 0x00007f034c0bd000 nmethod 2099% 0x00007f033d6852d0 code [0x00007f033d6854c0, 0x00007f033d686068]
Event: 7.116 Thread 0x00007f034c0bd000 2094       2       com.android.dx.ssa.PhiInsn::mapSourceRegisters (78 bytes)
Event: 7.117 Thread 0x00007f034c0bd000 nmethod 2094 0x00007f033d686590 code [0x00007f033d686720, 0x00007f033d686ac8]
Event: 7.117 Thread 0x00007f034c0bd000 2092   !   2       com.android.dx.cf.direct.MemberListParser::parse (641 bytes)

GC Heap History (9 events):
Event: 1.396 GC heap before
{Heap before GC invocations=1 (full 0):
 PSYoungGen      total 36864K, used 31744K [0x00000000eab00000, 0x00000000ed400000, 0x0000000100000000)
  eden space 31744K, 100% used [0x00000000eab00000,0x00000000eca00000,0x00000000eca00000)
  from space 5120K, 0% used [0x00000000ecf00000,0x00000000ecf00000,0x00000000ed400000)
  to   space 5120K, 0% used [0x00000000eca00000,0x00000000eca00000,0x00000000ecf00000)
 ParOldGen       total 84992K, used 0K [0x00000000c0000000, 0x00000000c5300000, 0x00000000eab00000)
  object space 84992K, 0% used [0x00000000c0000000,0x00000000c0000000,0x00000000c5300000)
 Metaspace       used 5682K, capacity 6640K, committed 6784K, reserved 1056768K
  class space    used 594K, capacity 616K, committed 640K, reserved 1048576K
Event: 1.412 GC heap after
Heap after GC invocations=1 (full 0):
 PSYoungGen      total 36864K, used 4477K [0x00000000eab00000, 0x00000000ef300000, 0x0000000100000000)
  eden space 31744K, 0% used [0x00000000eab00000,0x00000000eab00000,0x00000000eca00000)
  from space 5120K, 87% used [0x00000000eca00000,0x00000000ece5f590,0x00000000ecf00000)
  to   space 5120K, 0% used [0x00000000eee00000,0x00000000eee00000,0x00000000ef300000)
 ParOldGen       total 84992K, used 8K [0x00000000c0000000, 0x00000000c5300000, 0x00000000eab00000)
  object space 84992K, 0% used [0x00000000c0000000,0x00000000c0002000,0x00000000c5300000)
 Metaspace       used 5682K, capacity 6640K, committed 6784K, reserved 1056768K
  class space    used 594K, capacity 616K, committed 640K, reserved 1048576K
}
Event: 2.876 GC heap before
{Heap before GC invocations=2 (full 0):
 PSYoungGen      total 36864K, used 36221K [0x00000000eab00000, 0x00000000ef300000, 0x0000000100000000)
  eden space 31744K, 100% used [0x00000000eab00000,0x00000000eca00000,0x00000000eca00000)
  from space 5120K, 87% used [0x00000000eca00000,0x00000000ece5f590,0x00000000ecf00000)
  to   space 5120K, 0% used [0x00000000eee00000,0x00000000eee00000,0x00000000ef300000)
 ParOldGen       total 84992K, used 8K [0x00000000c0000000, 0x00000000c5300000, 0x00000000eab00000)
  object space 84992K, 0% used [0x00000000c0000000,0x00000000c0002000,0x00000000c5300000)
 Metaspace       used 5868K, capacity 6768K, committed 7040K, reserved 1056768K
  class space    used 596K, capacity 616K, committed 640K, reserved 1048576K
Event: 2.960 GC heap after
Heap after GC invocations=2 (full 0):
 PSYoungGen      total 68608K, used 5110K [0x00000000eab00000, 0x00000000ef300000, 0x0000000100000000)
  eden space 63488K, 0% used [0x00000000eab00000,0x00000000eab00000,0x00000000ee900000)
  from space 5120K, 99% used [0x00000000eee00000,0x00000000ef2fdb38,0x00000000ef300000)
  to   space 5120K, 0% used [0x00000000ee900000,0x00000000ee900000,0x00000000eee00000)
 ParOldGen       total 84992K, used 3027K [0x00000000c0000000, 0x00000000c5300000, 0x00000000eab00000)
  object space 84992K, 3% used [0x00000000c0000000,0x00000000c02f4d50,0x00000000c5300000)
 Metaspace       used 5868K, capacity 6768K, committed 7040K, reserved 1056768K
  class space    used 596K, capacity 616K, committed 640K, reserved 1048576K
}
Event: 4.646 GC heap before
{Heap before GC invocations=3 (full 0):
 PSYoungGen      total 68608K, used 68598K [0x00000000eab00000, 0x00000000ef300000, 0x0000000100000000)
  eden space 63488K, 100% used [0x00000000eab00000,0x00000000ee900000,0x00000000ee900000)
  from space 5120K, 99% used [0x00000000eee00000,0x00000000ef2fdb38,0x00000000ef300000)
  to   space 5120K, 0% used [0x00000000ee900000,0x00000000ee900000,0x00000000eee00000)
 ParOldGen       total 84992K, used 3027K [0x00000000c0000000, 0x00000000c5300000, 0x00000000eab00000)
  object space 84992K, 3% used [0x00000000c0000000,0x00000000c02f4d50,0x00000000c5300000)
 Metaspace       used 6020K, capacity 6960K, committed 7040K, reserved 1056768K
  class space    used 597K, capacity 616K, committed 640K, reserved 1048576K
Event: 4.707 GC heap after
Heap after GC invocations=3 (full 0):
 PSYoungGen      total 68608K, used 5107K [0x00000000eab00000, 0x00000000f3100000, 0x0000000100000000)
  eden space 63488K, 0% used [0x00000000eab00000,0x00000000eab00000,0x00000000ee900000)
  from space 5120K, 99% used [0x00000000ee900000,0x00000000eedfcfa8,0x00000000eee00000)
  to   space 5120K, 0% used [0x00000000f2c00000,0x00000000f2c00000,0x00000000f3100000)
 ParOldGen       total 84992K, used 11102K [0x00000000c0000000, 0x00000000c5300000, 0x00000000eab00000)
  object space 84992K, 13% used [0x00000000c0000000,0x00000000c0ad7940,0x00000000c5300000)
 Metaspace       used 6020K, capacity 6960K, committed 7040K, reserved 1056768K
  class space    used 597K, capacity 616K, committed 640K, reserved 1048576K
}
Event: 5.451 GC heap before
{Heap before GC invocations=4 (full 0):
 PSYoungGen      total 68608K, used 68595K [0x00000000eab00000, 0x00000000f3100000, 0x0000000100000000)
  eden space 63488K, 100% used [0x00000000eab00000,0x00000000ee900000,0x00000000ee900000)
  from space 5120K, 99% used [0x00000000ee900000,0x00000000eedfcfa8,0x00000000eee00000)
  to   space 5120K, 0% used [0x00000000f2c00000,0x00000000f2c00000,0x00000000f3100000)
 ParOldGen       total 84992K, used 11102K [0x00000000c0000000, 0x00000000c5300000, 0x00000000eab00000)
  object space 84992K, 13% used [0x00000000c0000000,0x00000000c0ad7940,0x00000000c5300000)
 Metaspace       used 6041K, capacity 6960K, committed 7040K, reserved 1056768K
  class space    used 597K, capacity 616K, committed 640K, reserved 1048576K
Event: 5.548 GC heap after
Heap after GC invocations=4 (full 0):
 PSYoungGen      total 132096K, used 5106K [0x00000000eab00000, 0x00000000f3100000, 0x0000000100000000)
  eden space 126976K, 0% used [0x00000000eab00000,0x00000000eab00000,0x00000000f2700000)
  from space 5120K, 99% used [0x00000000f2c00000,0x00000000f30fc8d8,0x00000000f3100000)
  to   space 5120K, 0% used [0x00000000f2700000,0x00000000f2700000,0x00000000f2c00000)
 ParOldGen       total 84992K, used 20729K [0x00000000c0000000, 0x00000000c5300000, 0x00000000eab00000)
  object space 84992K, 24% used [0x00000000c0000000,0x00000000c143e6a8,0x00000000c5300000)
 Metaspace       used 6041K, capacity 6960K, committed 7040K, reserved 1056768K
  class space    used 597K, capacity 616K, committed 640K, reserved 1048576K
}
Event: 7.163 GC heap before
{Heap before GC invocations=5 (full 0):
 PSYoungGen      total 132096K, used 132082K [0x00000000eab00000, 0x00000000f3100000, 0x0000000100000000)
  eden space 126976K, 100% used [0x00000000eab00000,0x00000000f2700000,0x00000000f2700000)
  from space 5120K, 99% used [0x00000000f2c00000,0x00000000f30fc8d8,0x00000000f3100000)
  to   space 5120K, 0% used [0x00000000f2700000,0x00000000f2700000,0x00000000f2c00000)
 ParOldGen       total 84992K, used 20729K [0x00000000c0000000, 0x00000000c5300000, 0x00000000eab00000)
  object space 84992K, 24% used [0x00000000c0000000,0x00000000c143e6a8,0x00000000c5300000)
 Metaspace       used 6337K, capacity 7128K, committed 7424K, reserved 1056768K
  class space    used 617K, capacity 656K, committed 768K, reserved 1048576K

Deoptimization events (10 events):
Event: 4.509 Thread 0x00007f034c18b000 Uncommon trap: reason=bimorphic action=maybe_recompile pc=0x00007f033d229a14 method=java.util.HashMap.getNode(ILjava/lang/Object;)Ljava/util/HashMap$Node; @ 126
Event: 4.509 Thread 0x00007f034c18b000 Uncommon trap: reason=class_check action=maybe_recompile pc=0x00007f033d4881ac method=java.util.HashMap.putVal(ILjava/lang/Object;Ljava/lang/Object;ZZ)Ljava/lang/Object; @ 203
Event: 4.509 Thread 0x00007f034c18b000 Uncommon trap: reason=bimorphic action=maybe_recompile pc=0x00007f033d229a14 method=java.util.HashMap.getNode(ILjava/lang/Object;)Ljava/util/HashMap$Node; @ 126
Event: 4.509 Thread 0x00007f034c18b000 Uncommon trap: reason=bimorphic action=maybe_recompile pc=0x00007f033d229a14 method=java.util.HashMap.getNode(ILjava/lang/Object;)Ljava/util/HashMap$Node; @ 126
Event: 4.510 Thread 0x00007f034c18b000 Uncommon trap: reason=class_check action=maybe_recompile pc=0x00007f033d4881ac method=java.util.HashMap.putVal(ILjava/lang/Object;Ljava/lang/Object;ZZ)Ljava/lang/Object; @ 203
Event: 4.553 Thread 0x00007f034c199800 Uncommon trap: reason=unstable_if action=reinterpret pc=0x00007f033d3018bc method=com.android.dx.ssa.SsaMethod.updateOneDefinition(Lcom/android/dx/ssa/SsaInsn;Lcom/android/dx/rop/code/RegisterSpec;)V @ 4
Event: 5.760 Thread 0x00007f034c18b000 Uncommon trap: reason=class_check action=maybe_recompile pc=0x00007f033d4881ac method=java.util.HashMap.putVal(ILjava/lang/Object;Ljava/lang/Object;ZZ)Ljava/lang/Object; @ 203
Event: 6.862 Thread 0x00007f034c19c000 Uncommon trap: reason=unstable_if action=reinterpret pc=0x00007f033d297c0c method=java.util.HashMap.putVal(ILjava/lang/Object;Ljava/lang/Object;ZZ)Ljava/lang/Object; @ 162
Event: 6.893 Thread 0x00007f034c19c000 Uncommon trap: reason=unstable_if action=reinterpret pc=0x00007f033d4a1bf0 method=java.util.HashMap.getNode(ILjava/lang/Object;)Ljava/util/HashMap$Node; @ 84
Event: 7.107 Thread 0x00007f034c199800 Uncommon trap: reason=unstable_if action=reinterpret pc=0x00007f033d626598 method=java.util.HashMap.putVal(ILjava/lang/Object;Ljava/lang/Object;ZZ)Ljava/lang/Object; @ 109

Internal exceptions (6 events):
Event: 0.037 Thread 0x00007f034c00a000 Exception <a 'java/lang/NoSuchMethodError': Method sun.misc.Unsafe.defineClass(Ljava/lang/String;[BII)Ljava/lang/Class; name or signature does not match> (0x00000000eab07cc0) thrown at [/HUDSON3/workspace/8-2-build-linux-amd64/jdk8u101/7261/hotspot/src/sh
Event: 0.037 Thread 0x00007f034c00a000 Exception <a 'java/lang/NoSuchMethodError': Method sun.misc.Unsafe.prefetchRead(Ljava/lang/Object;J)V name or signature does not match> (0x00000000eab07fa8) thrown at [/HUDSON3/workspace/8-2-build-linux-amd64/jdk8u101/7261/hotspot/src/share/vm/prims/jni.c
Event: 3.436 Thread 0x00007f034c19a800 Implicit null exception at 0x00007f033d2f2531 to 0x00007f033d2f4b9d
Event: 6.863 Thread 0x00007f034c19c000 Exception <a 'java/lang/ArrayIndexOutOfBoundsException': 18> (0x00000000f0fcb668) thrown at [/HUDSON3/workspace/8-2-build-linux-amd64/jdk8u101/7261/hotspot/src/share/vm/interpreter/interpreterRuntime.cpp, line 366]
Event: 6.875 Thread 0x00007f034c19c000 Exception <a 'java/lang/ArrayIndexOutOfBoundsException': 145> (0x00000000f0fcd1e8) thrown at [/HUDSON3/workspace/8-2-build-linux-amd64/jdk8u101/7261/hotspot/src/share/vm/interpreter/interpreterRuntime.cpp, line 366]
Event: 6.892 Thread 0x00007f034c19c000 Exception <a 'java/lang/ArrayIndexOutOfBoundsException': 40> (0x00000000f0fce4d0) thrown at [/HUDSON3/workspace/8-2-build-linux-amd64/jdk8u101/7261/hotspot/src/share/vm/interpreter/interpreterRuntime.cpp, line 366]

Events (10 events):
Event: 7.034 Thread 0x00007f034c19a800 DEOPT PACKING pc=0x00007f033d39c7ec sp=0x00007f03384e6130
Event: 7.034 Thread 0x00007f034c19a800 DEOPT UNPACKING pc=0x00007f033d047633 sp=0x00007f03384e5e30 mode 0
Event: 7.044 Thread 0x00007f034c18b000 DEOPT PACKING pc=0x00007f033d2d3c72 sp=0x00007f03387e8cf0
Event: 7.044 Thread 0x00007f034c18b000 DEOPT UNPACKING pc=0x00007f033d047633 sp=0x00007f03387e8af0 mode 0
Event: 7.107 Thread 0x00007f034c199800 Uncommon trap: trap_request=0xffffff65 fr.pc=0x00007f033d626598
Event: 7.107 Thread 0x00007f034c199800 DEOPT PACKING pc=0x00007f033d626598 sp=0x00007f03385e6bd0
Event: 7.107 Thread 0x00007f034c199800 DEOPT UNPACKING pc=0x00007f033d005229 sp=0x00007f03385e6b80 mode 2
Event: 7.117 Thread 0x00007f034c19a800 DEOPT PACKING pc=0x00007f033d2d3c72 sp=0x00007f03384e5e70
Event: 7.117 Thread 0x00007f034c19a800 DEOPT UNPACKING pc=0x00007f033d047633 sp=0x00007f03384e5c70 mode 0
Event: 7.142 Executing VM operation: ParallelGCFailedAllocation


Dynamic libraries:
00400000-00401000 r-xp 00000000 08:12 3279766                            /home/eric/program/jdk/bin/java
00600000-00601000 rw-p 00000000 08:12 3279766                            /home/eric/program/jdk/bin/java
01906000-01927000 rw-p 00000000 00:00 0                                  [heap]
c0000000-c5300000 rw-p 00000000 00:00 0 
c5300000-eab00000 ---p 00000000 00:00 0 
eab00000-f3100000 rw-p 00000000 00:00 0 
fd700000-100000000 ---p 00000000 00:00 0 
100000000-1000c0000 rw-p 00000000 00:00 0 
1000c0000-140000000 ---p 00000000 00:00 0 
7f02ec000000-7f02ec025000 rw-p 00000000 00:00 0 
7f02ec025000-7f02f0000000 ---p 00000000 00:00 0 
7f02f4000000-7f02f4041000 rw-p 00000000 00:00 0 
7f02f4041000-7f02f8000000 ---p 00000000 00:00 0 
7f02f8000000-7f02f8021000 rw-p 00000000 00:00 0 
7f02f8021000-7f02fc000000 ---p 00000000 00:00 0 
7f02fc000000-7f02fc031000 rw-p 00000000 00:00 0 
7f02fc031000-7f0300000000 ---p 00000000 00:00 0 
7f0300000000-7f0300021000 rw-p 00000000 00:00 0 
7f0300021000-7f0304000000 ---p 00000000 00:00 0 
7f0304000000-7f0304021000 rw-p 00000000 00:00 0 
7f0304021000-7f0308000000 ---p 00000000 00:00 0 
7f0308000000-7f0308021000 rw-p 00000000 00:00 0 
7f0308021000-7f030c000000 ---p 00000000 00:00 0 
7f030c000000-7f030ca7a000 rw-p 00000000 00:00 0 
7f030ca7a000-7f0310000000 ---p 00000000 00:00 0 
7f0310000000-7f03108df000 rw-p 00000000 00:00 0 
7f03108df000-7f0314000000 ---p 00000000 00:00 0 
7f0314000000-7f0314021000 rw-p 00000000 00:00 0 
7f0314021000-7f0318000000 ---p 00000000 00:00 0 
7f0318000000-7f0318627000 rw-p 00000000 00:00 0 
7f0318627000-7f031c000000 ---p 00000000 00:00 0 
7f031c000000-7f031c021000 rw-p 00000000 00:00 0 
7f031c021000-7f0320000000 ---p 00000000 00:00 0 
7f0320000000-7f0320021000 rw-p 00000000 00:00 0 
7f0320021000-7f0324000000 ---p 00000000 00:00 0 
7f0324000000-7f0324021000 rw-p 00000000 00:00 0 
7f0324021000-7f0328000000 ---p 00000000 00:00 0 
7f0328000000-7f0328291000 rw-p 00000000 00:00 0 
7f0328291000-7f032c000000 ---p 00000000 00:00 0 
7f032c000000-7f032c021000 rw-p 00000000 00:00 0 
7f032c021000-7f0330000000 ---p 00000000 00:00 0 
7f0330000000-7f0330021000 rw-p 00000000 00:00 0 
7f0330021000-7f0334000000 ---p 00000000 00:00 0 
7f0334000000-7f0334021000 rw-p 00000000 00:00 0 
7f0334021000-7f0338000000 ---p 00000000 00:00 0 
7f03382be000-7f03382c5000 r--s 00000000 08:12 1181748                    /usr/lib/x86_64-linux-gnu/gconv/gconv-modules.cache
7f03382c5000-7f03382e6000 r--p 00000000 08:12 1707293                    /usr/share/locale-langpack/zh_CN/LC_MESSAGES/libc.mo
7f03382e6000-7f03382e9000 ---p 00000000 00:00 0 
7f03382e9000-7f03383e7000 rw-p 00000000 00:00 0 
7f03383e7000-7f03383ea000 ---p 00000000 00:00 0 
7f03383ea000-7f03384e8000 rw-p 00000000 00:00 0 
7f03384e8000-7f03384eb000 ---p 00000000 00:00 0 
7f03384eb000-7f03385e9000 rw-p 00000000 00:00 0 
7f03385e9000-7f03385ec000 ---p 00000000 00:00 0 
7f03385ec000-7f03386ea000 rw-p 00000000 00:00 0 
7f03386ea000-7f03386ed000 ---p 00000000 00:00 0 
7f03386ed000-7f03387eb000 rw-p 00000000 00:00 0 
7f03387eb000-7f0338802000 r--s 00101000 08:12 4334781                    /home/eric/project/AndroidStudioProjects/TimeTable/app/build/intermediates/exploded-aar/com.android.support/support-v4/24.1.1/jars/classes.jar
7f0338802000-7f0338810000 r--s 000e0000 08:12 3809999                    /home/eric/Android/Sdk/build-tools/24.0.0/lib/dx.jar
7f0338810000-7f0338811000 ---p 00000000 00:00 0 
7f0338811000-7f0338911000 rw-p 00000000 00:00 0 
7f0338911000-7f0338914000 ---p 00000000 00:00 0 
7f0338914000-7f0338a12000 rw-p 00000000 00:00 0 
7f0338a12000-7f0338a15000 ---p 00000000 00:00 0 
7f0338a15000-7f0338b13000 rw-p 00000000 00:00 0 
7f0338b13000-7f0338b16000 ---p 00000000 00:00 0 
7f0338b16000-7f0338c14000 rw-p 00000000 00:00 0 
7f0338c14000-7f0338c17000 ---p 00000000 00:00 0 
7f0338c17000-7f0338d15000 rw-p 00000000 00:00 0 
7f0338d15000-7f0338d18000 ---p 00000000 00:00 0 
7f0338d18000-7f0338e16000 rw-p 00000000 00:00 0 
7f0338e16000-7f0339516000 r--p 00000000 08:12 925954                     /usr/lib/locale/locale-archive
7f0339516000-7f0339519000 ---p 00000000 00:00 0 
7f0339519000-7f0339617000 rw-p 00000000 00:00 0 
7f0339617000-7f033961a000 ---p 00000000 00:00 0 
7f033961a000-7f0339718000 rw-p 00000000 00:00 0 
7f0339718000-7f0339719000 ---p 00000000 00:00 0 
7f0339719000-7f033a627000 rw-p 00000000 00:00 0 
7f033a627000-7f033a800000 r--s 03d29000 08:12 3279842                    /home/eric/program/jdk/jre/lib/rt.jar
7f033a800000-7f033ae80000 rw-p 00000000 00:00 0 
7f033ae80000-7f033b000000 ---p 00000000 00:00 0 
7f033b000000-7f033d000000 rw-p 00000000 00:00 0 
7f033d000000-7f033d690000 rwxp 00000000 00:00 0 
7f033d690000-7f034c000000 ---p 00000000 00:00 0 
7f034c000000-7f034c3bc000 rw-p 00000000 00:00 0 
7f034c3bc000-7f0350000000 ---p 00000000 00:00 0 
7f0350000000-7f035000e000 r--s 0007f000 08:12 3289987                    /home/eric/program/jdk/jre/lib/ext/commons-collections-3.2.1.jar
7f035000e000-7f0350437000 rw-p 00000000 00:00 0 
7f0350437000-7f0350438000 ---p 00000000 00:00 0 
7f0350438000-7f0350538000 rw-p 00000000 00:00 0 
7f0350538000-7f0350539000 ---p 00000000 00:00 0 
7f0350539000-7f0350639000 rw-p 00000000 00:00 0 
7f0350639000-7f035063a000 ---p 00000000 00:00 0 
7f035063a000-7f035073a000 rw-p 00000000 00:00 0 
7f035073a000-7f035073b000 ---p 00000000 00:00 0 
7f035073b000-7f0350865000 rw-p 00000000 00:00 0 
7f0350865000-7f0350991000 ---p 00000000 00:00 0 
7f0350991000-7f03509bb000 rw-p 00000000 00:00 0 
7f03509bb000-7f0350ae6000 ---p 00000000 00:00 0 
7f0350ae6000-7f0350b2a000 rw-p 00000000 00:00 0 
7f0350b2a000-7f0350b91000 ---p 00000000 00:00 0 
7f0350b91000-7f0350bad000 rw-p 00000000 00:00 0 
7f0350bad000-7f0350f52000 ---p 00000000 00:00 0 
7f0350f52000-7f0350f6c000 r-xp 00000000 08:12 3279871                    /home/eric/program/jdk/jre/lib/amd64/libzip.so
7f0350f6c000-7f035116c000 ---p 0001a000 08:12 3279871                    /home/eric/program/jdk/jre/lib/amd64/libzip.so
7f035116c000-7f035116d000 rw-p 0001a000 08:12 3279871                    /home/eric/program/jdk/jre/lib/amd64/libzip.so
7f035116d000-7f0351178000 r-xp 00000000 08:12 5378649                    /lib/x86_64-linux-gnu/libnss_files-2.23.so
7f0351178000-7f0351377000 ---p 0000b000 08:12 5378649                    /lib/x86_64-linux-gnu/libnss_files-2.23.so
7f0351377000-7f0351378000 r--p 0000a000 08:12 5378649                    /lib/x86_64-linux-gnu/libnss_files-2.23.so
7f0351378000-7f0351379000 rw-p 0000b000 08:12 5378649                    /lib/x86_64-linux-gnu/libnss_files-2.23.so
7f0351379000-7f035137f000 rw-p 00000000 00:00 0 
7f035137f000-7f035138a000 r-xp 00000000 08:12 5378660                    /lib/x86_64-linux-gnu/libnss_nis-2.23.so
7f035138a000-7f0351589000 ---p 0000b000 08:12 5378660                    /lib/x86_64-linux-gnu/libnss_nis-2.23.so
7f0351589000-7f035158a000 r--p 0000a000 08:12 5378660                    /lib/x86_64-linux-gnu/libnss_nis-2.23.so
7f035158a000-7f035158b000 rw-p 0000b000 08:12 5378660                    /lib/x86_64-linux-gnu/libnss_nis-2.23.so
7f035158b000-7f03515a1000 r-xp 00000000 08:12 5378643                    /lib/x86_64-linux-gnu/libnsl-2.23.so
7f03515a1000-7f03517a0000 ---p 00016000 08:12 5378643                    /lib/x86_64-linux-gnu/libnsl-2.23.so
7f03517a0000-7f03517a1000 r--p 00015000 08:12 5378643                    /lib/x86_64-linux-gnu/libnsl-2.23.so
7f03517a1000-7f03517a2000 rw-p 00016000 08:12 5378643                    /lib/x86_64-linux-gnu/libnsl-2.23.so
7f03517a2000-7f03517a4000 rw-p 00000000 00:00 0 
7f03517a4000-7f03517ac000 r-xp 00000000 08:12 5378645                    /lib/x86_64-linux-gnu/libnss_compat-2.23.so
7f03517ac000-7f03519ab000 ---p 00008000 08:12 5378645                    /lib/x86_64-linux-gnu/libnss_compat-2.23.so
7f03519ab000-7f03519ac000 r--p 00007000 08:12 5378645                    /lib/x86_64-linux-gnu/libnss_compat-2.23.so
7f03519ac000-7f03519ad000 rw-p 00008000 08:12 5378645                    /lib/x86_64-linux-gnu/libnss_compat-2.23.so
7f03519ad000-7f03519d7000 r-xp 00000000 08:12 3279897                    /home/eric/program/jdk/jre/lib/amd64/libjava.so
7f03519d7000-7f0351bd7000 ---p 0002a000 08:12 3279897                    /home/eric/program/jdk/jre/lib/amd64/libjava.so
7f0351bd7000-7f0351bd9000 rw-p 0002a000 08:12 3279897                    /home/eric/program/jdk/jre/lib/amd64/libjava.so
7f0351bd9000-7f0351be6000 r-xp 00000000 08:12 3279851                    /home/eric/program/jdk/jre/lib/amd64/libverify.so
7f0351be6000-7f0351de6000 ---p 0000d000 08:12 3279851                    /home/eric/program/jdk/jre/lib/amd64/libverify.so
7f0351de6000-7f0351de8000 rw-p 0000d000 08:12 3279851                    /home/eric/program/jdk/jre/lib/amd64/libverify.so
7f0351de8000-7f0351def000 r-xp 00000000 08:12 5378705                    /lib/x86_64-linux-gnu/librt-2.23.so
7f0351def000-7f0351fee000 ---p 00007000 08:12 5378705                    /lib/x86_64-linux-gnu/librt-2.23.so
7f0351fee000-7f0351fef000 r--p 00006000 08:12 5378705                    /lib/x86_64-linux-gnu/librt-2.23.so
7f0351fef000-7f0351ff0000 rw-p 00007000 08:12 5378705                    /lib/x86_64-linux-gnu/librt-2.23.so
7f0351ff0000-7f03520f8000 r-xp 00000000 08:12 5378622                    /lib/x86_64-linux-gnu/libm-2.23.so
7f03520f8000-7f03522f7000 ---p 00108000 08:12 5378622                    /lib/x86_64-linux-gnu/libm-2.23.so
7f03522f7000-7f03522f8000 r--p 00107000 08:12 5378622                    /lib/x86_64-linux-gnu/libm-2.23.so
7f03522f8000-7f03522f9000 rw-p 00108000 08:12 5378622                    /lib/x86_64-linux-gnu/libm-2.23.so
7f03522f9000-7f0352fc4000 r-xp 00000000 08:12 3279901                    /home/eric/program/jdk/jre/lib/amd64/server/libjvm.so
7f0352fc4000-7f03531c3000 ---p 00ccb000 08:12 3279901                    /home/eric/program/jdk/jre/lib/amd64/server/libjvm.so
7f03531c3000-7f035329c000 rw-p 00cca000 08:12 3279901                    /home/eric/program/jdk/jre/lib/amd64/server/libjvm.so
7f035329c000-7f03532e7000 rw-p 00000000 00:00 0 
7f03532e7000-7f03534a7000 r-xp 00000000 08:12 5378554                    /lib/x86_64-linux-gnu/libc-2.23.so
7f03534a7000-7f03536a6000 ---p 001c0000 08:12 5378554                    /lib/x86_64-linux-gnu/libc-2.23.so
7f03536a6000-7f03536aa000 r--p 001bf000 08:12 5378554                    /lib/x86_64-linux-gnu/libc-2.23.so
7f03536aa000-7f03536ac000 rw-p 001c3000 08:12 5378554                    /lib/x86_64-linux-gnu/libc-2.23.so
7f03536ac000-7f03536b0000 rw-p 00000000 00:00 0 
7f03536b0000-7f03536b3000 r-xp 00000000 08:12 5378576                    /lib/x86_64-linux-gnu/libdl-2.23.so
7f03536b3000-7f03538b2000 ---p 00003000 08:12 5378576                    /lib/x86_64-linux-gnu/libdl-2.23.so
7f03538b2000-7f03538b3000 r--p 00002000 08:12 5378576                    /lib/x86_64-linux-gnu/libdl-2.23.so
7f03538b3000-7f03538b4000 rw-p 00003000 08:12 5378576                    /lib/x86_64-linux-gnu/libdl-2.23.so
7f03538b4000-7f03538c9000 r-xp 00000000 08:12 3278985                    /home/eric/program/jdk/lib/amd64/jli/libjli.so
7f03538c9000-7f0353ac9000 ---p 00015000 08:12 3278985                    /home/eric/program/jdk/lib/amd64/jli/libjli.so
7f0353ac9000-7f0353aca000 rw-p 00015000 08:12 3278985                    /home/eric/program/jdk/lib/amd64/jli/libjli.so
7f0353aca000-7f0353ae2000 r-xp 00000000 08:12 5378697                    /lib/x86_64-linux-gnu/libpthread-2.23.so
7f0353ae2000-7f0353ce1000 ---p 00018000 08:12 5378697                    /lib/x86_64-linux-gnu/libpthread-2.23.so
7f0353ce1000-7f0353ce2000 r--p 00017000 08:12 5378697                    /lib/x86_64-linux-gnu/libpthread-2.23.so
7f0353ce2000-7f0353ce3000 rw-p 00018000 08:12 5378697                    /lib/x86_64-linux-gnu/libpthread-2.23.so
7f0353ce3000-7f0353ce7000 rw-p 00000000 00:00 0 
7f0353ce7000-7f0353d0d000 r-xp 00000000 08:12 5378526                    /lib/x86_64-linux-gnu/ld-2.23.so
7f0353d0d000-7f0353d12000 r--s 00035000 08:12 3290011                    /home/eric/program/jdk/jre/lib/ext/commons-beanutils-1.9.2.jar
7f0353d12000-7f0353deb000 rw-p 00000000 00:00 0 
7f0353deb000-7f0353dee000 ---p 00000000 00:00 0 
7f0353dee000-7f0353ef0000 rw-p 00000000 00:00 0 
7f0353ef4000-7f0353efe000 r--s 000e8000 08:12 3289072                    /home/eric/program/jdk/jre/lib/ext/mysql-connector-java-5.1.39-bin.jar
7f0353efe000-7f0353f00000 r--s 0000d000 08:12 3290171                    /home/eric/program/jdk/jre/lib/ext/commons-logging-1.1.1.jar
7f0353f00000-7f0353f08000 rw-s 00000000 08:12 2756366                    /tmp/hsperfdata_eric/23433
7f0353f08000-7f0353f09000 rw-p 00000000 00:00 0 
7f0353f09000-7f0353f0a000 ---p 00000000 00:00 0 
7f0353f0a000-7f0353f0c000 rw-p 00000000 00:00 0 
7f0353f0c000-7f0353f0d000 r--p 00025000 08:12 5378526                    /lib/x86_64-linux-gnu/ld-2.23.so
7f0353f0d000-7f0353f0e000 rw-p 00026000 08:12 5378526                    /lib/x86_64-linux-gnu/ld-2.23.so
7f0353f0e000-7f0353f0f000 rw-p 00000000 00:00 0 
7ffc0f4aa000-7ffc0f4cb000 rw-p 00000000 00:00 0                          [stack]
7ffc0f5c7000-7ffc0f5c9000 r--p 00000000 00:00 0                          [vvar]
7ffc0f5c9000-7ffc0f5cb000 r-xp 00000000 00:00 0                          [vdso]
ffffffffff600000-ffffffffff601000 r-xp 00000000 00:00 0                  [vsyscall]

VM Arguments:
jvm_args: -Djava.awt.headless=true -Xmx1024M -Dfile.encoding=UTF-8 -Duser.country=CN -Duser.language=zh -Duser.variant 
java_command: com.android.dx.command.Main --dex --force-jumbo --num-threads=4 --multi-dex --output /home/eric/project/AndroidStudioProjects/TimeTable/app/build/intermediates/transforms/dex/debug/folders/1000/10/com.android.support-support-v4-24.1.1_5b40b28784c7974af428cf177625ab2c74a3ed4b /home/eric/project/AndroidStudioProjects/TimeTable/app/build/intermediates/exploded-aar/com.android.support/support-v4/24.1.1/jars/classes.jar
java_class_path (initial): /home/eric/Android/Sdk/build-tools/24.0.0/lib/dx.jar
Launcher Type: SUN_STANDARD

Environment Variables:
JAVA_HOME=/home/eric/program/jdk
PATH=/usr/local/sbin:/usr/local/bin:/usr/sbin:/usr/bin:/sbin:/bin:/usr/games:/usr/local/games:/snap/bin
USERNAME=eric
LD_LIBRARY_PATH=/home/eric/program/android-studio/bin:
SHELL=/bin/bash
DISPLAY=:1

Signal Handlers:
SIGSEGV: [libjvm.so+0xac4790], sa_mask[0]=11111111011111111101111111111110, sa_flags=SA_RESTART|SA_SIGINFO
SIGBUS: [libjvm.so+0xac4790], sa_mask[0]=11111111011111111101111111111110, sa_flags=SA_RESTART|SA_SIGINFO
SIGFPE: [libjvm.so+0x91f140], sa_mask[0]=11111111011111111101111111111110, sa_flags=SA_RESTART|SA_SIGINFO
SIGPIPE: [libjvm.so+0x91f140], sa_mask[0]=11111111011111111101111111111110, sa_flags=SA_RESTART|SA_SIGINFO
SIGXFSZ: [libjvm.so+0x91f140], sa_mask[0]=11111111011111111101111111111110, sa_flags=SA_RESTART|SA_SIGINFO
SIGILL: [libjvm.so+0x91f140], sa_mask[0]=11111111011111111101111111111110, sa_flags=SA_RESTART|SA_SIGINFO
SIGUSR1: SIG_DFL, sa_mask[0]=00000000000000000000000000000000, sa_flags=none
SIGUSR2: [libjvm.so+0x920770], sa_mask[0]=00100000000000000000000000000000, sa_flags=SA_RESTART|SA_SIGINFO
SIGHUP: [libjvm.so+0x921b70], sa_mask[0]=11111111011111111101111111111110, sa_flags=SA_RESTART|SA_SIGINFO
SIGINT: [libjvm.so+0x921b70], sa_mask[0]=11111111011111111101111111111110, sa_flags=SA_RESTART|SA_SIGINFO
SIGTERM: [libjvm.so+0x921b70], sa_mask[0]=11111111011111111101111111111110, sa_flags=SA_RESTART|SA_SIGINFO
SIGQUIT: [libjvm.so+0x921b70], sa_mask[0]=11111111011111111101111111111110, sa_flags=SA_RESTART|SA_SIGINFO


---------------  S Y S T E M  ---------------

OS:DISTRIB_ID=Ubuntu
DISTRIB_RELEASE=16.04
DISTRIB_CODENAME=xenial
DISTRIB_DESCRIPTION="Ubuntu 16.04.1 LTS"

uname:Linux 4.4.0-21-generic #37-Ubuntu SMP Mon Apr 18 18:33:37 UTC 2016 x86_64
libc:glibc 2.23 NPTL 2.23 
rlimit: STACK 8192k, CORE 0k, NPROC 31488, NOFILE 65536, AS infinity
load average:13.08 7.48 4.30

/proc/meminfo:
MemTotal:        8099688 kB
MemFree:           56984 kB
MemAvailable:     133248 kB
Buffers:             892 kB
Cached:          2117752 kB
SwapCached:            0 kB
Active:          5861856 kB
Inactive:        1950916 kB
Active(anon):    5826812 kB
Inactive(anon):  1915816 kB
Active(file):      35044 kB
Inactive(file):    35100 kB
Unevictable:          48 kB
Mlocked:              48 kB
SwapTotal:             0 kB
SwapFree:              0 kB
Dirty:              1724 kB
Writeback:             0 kB
AnonPages:       5694416 kB
Mapped:           901148 kB
Shmem:           2048308 kB
Slab:              95480 kB
SReclaimable:      48480 kB
SUnreclaim:        47000 kB
KernelStack:       15632 kB
PageTables:        59500 kB
NFS_Unstable:          0 kB
Bounce:                0 kB
WritebackTmp:          0 kB
CommitLimit:     4049844 kB
Committed_AS:   14818864 kB
VmallocTotal:   34359738367 kB
VmallocUsed:           0 kB
VmallocChunk:          0 kB
HardwareCorrupted:     0 kB
AnonHugePages:   3299328 kB
CmaTotal:              0 kB
CmaFree:               0 kB
HugePages_Total:       0
HugePages_Free:        0
HugePages_Rsvd:        0
HugePages_Surp:        0
Hugepagesize:       2048 kB
DirectMap4k:      201408 kB
DirectMap2M:     7063552 kB
DirectMap1G:     2097152 kB


CPU:total 4 (2 cores per cpu, 2 threads per core) family 6 model 60 stepping 3, cmov, cx8, fxsr, mmx, sse, sse2, sse3, ssse3, sse4.1, sse4.2, popcnt, avx, avx2, clmul, erms, lzcnt, ht, tsc, tscinvbit, bmi1, bmi2

/proc/cpuinfo:
processor	: 0
vendor_id	: GenuineIntel
cpu family	: 6
model		: 60
model name	: Intel(R) Core(TM) i3-4000M CPU @ 2.40GHz
stepping	: 3
microcode	: 0x17
cpu MHz		: 2400.000
cache size	: 3072 KB
physical id	: 0
siblings	: 4
core id		: 0
cpu cores	: 2
apicid		: 0
initial apicid	: 0
fpu		: yes
fpu_exception	: yes
cpuid level	: 13
wp		: yes
flags		: fpu vme de pse tsc msr pae mce cx8 apic sep mtrr pge mca cmov pat pse36 clflush dts acpi mmx fxsr sse sse2 ss ht tm pbe syscall nx pdpe1gb rdtscp lm constant_tsc arch_perfmon pebs bts rep_good nopl xtopology nonstop_tsc aperfmperf eagerfpu pni pclmulqdq dtes64 monitor ds_cpl vmx est tm2 ssse3 sdbg fma cx16 xtpr pdcm pcid sse4_1 sse4_2 movbe popcnt tsc_deadline_timer xsave avx f16c rdrand lahf_lm abm epb tpr_shadow vnmi flexpriority ept vpid fsgsbase tsc_adjust bmi1 avx2 smep bmi2 erms invpcid xsaveopt dtherm arat pln pts
bugs		:
bogomips	: 4788.37
clflush size	: 64
cache_alignment	: 64
address sizes	: 39 bits physical, 48 bits virtual
power management:

processor	: 1
vendor_id	: GenuineIntel
cpu family	: 6
model		: 60
model name	: Intel(R) Core(TM) i3-4000M CPU @ 2.40GHz
stepping	: 3
microcode	: 0x17
cpu MHz		: 2400.000
cache size	: 3072 KB
physical id	: 0
siblings	: 4
core id		: 0
cpu cores	: 2
apicid		: 1
initial apicid	: 1
fpu		: yes
fpu_exception	: yes
cpuid level	: 13
wp		: yes
flags		: fpu vme de pse tsc msr pae mce cx8 apic sep mtrr pge mca cmov pat pse36 clflush dts acpi mmx fxsr sse sse2 ss ht tm pbe syscall nx pdpe1gb rdtscp lm constant_tsc arch_perfmon pebs bts rep_good nopl xtopology nonstop_tsc aperfmperf eagerfpu pni pclmulqdq dtes64 monitor ds_cpl vmx est tm2 ssse3 sdbg fma cx16 xtpr pdcm pcid sse4_1 sse4_2 movbe popcnt tsc_deadline_timer xsave avx f16c rdrand lahf_lm abm epb tpr_shadow vnmi flexpriority ept vpid fsgsbase tsc_adjust bmi1 avx2 smep bmi2 erms invpcid xsaveopt dtherm arat pln pts
bugs		:
bogomips	: 4788.37
clflush size	: 64
cache_alignment	: 64
address sizes	: 39 bits physical, 48 bits virtual
power management:

processor	: 2
vendor_id	: GenuineIntel
cpu family	: 6
model		: 60
model name	: Intel(R) Core(TM) i3-4000M CPU @ 2.40GHz
stepping	: 3
microcode	: 0x17
cpu MHz		: 2399.906
cache size	: 3072 KB
physical id	: 0
siblings	: 4
core id		: 1
cpu cores	: 2
apicid		: 2
initial apicid	: 2
fpu		: yes
fpu_exception	: yes
cpuid level	: 13
wp		: yes
flags		: fpu vme de pse tsc msr pae mce cx8 apic sep mtrr pge mca cmov pat pse36 clflush dts acpi mmx fxsr sse sse2 ss ht tm pbe syscall nx pdpe1gb rdtscp lm constant_tsc arch_perfmon pebs bts rep_good nopl xtopology nonstop_tsc aperfmperf eagerfpu pni pclmulqdq dtes64 monitor ds_cpl vmx est tm2 ssse3 sdbg fma cx16 xtpr pdcm pcid sse4_1 sse4_2 movbe popcnt tsc_deadline_timer xsave avx f16c rdrand lahf_lm abm epb tpr_shadow vnmi flexpriority ept vpid fsgsbase tsc_adjust bmi1 avx2 smep bmi2 erms invpcid xsaveopt dtherm arat pln pts
bugs		:
bogomips	: 4788.37
clflush size	: 64
cache_alignment	: 64
address sizes	: 39 bits physical, 48 bits virtual
power management:

processor	: 3
vendor_id	: GenuineIntel
cpu family	: 6
model		: 60
model name	: Intel(R) Core(TM) i3-4000M CPU @ 2.40GHz
stepping	: 3
microcode	: 0x17
cpu MHz		: 2400.000
cache size	: 3072 KB
physical id	: 0
siblings	: 4
core id		: 1
cpu cores	: 2
apicid		: 3
initial apicid	: 3
fpu		: yes
fpu_exception	: yes
cpuid level	: 13
wp		: yes
flags		: fpu vme de pse tsc msr pae mce cx8 apic sep mtrr pge mca cmov pat pse36 clflush dts acpi mmx fxsr sse sse2 ss ht tm pbe syscall nx pdpe1gb rdtscp lm constant_tsc arch_perfmon pebs bts rep_good nopl xtopology nonstop_tsc aperfmperf eagerfpu pni pclmulqdq dtes64 monitor ds_cpl vmx est tm2 ssse3 sdbg fma cx16 xtpr pdcm pcid sse4_1 sse4_2 movbe popcnt tsc_deadline_timer xsave avx f16c rdrand lahf_lm abm epb tpr_shadow vnmi flexpriority ept vpid fsgsbase tsc_adjust bmi1 avx2 smep bmi2 erms invpcid xsaveopt dtherm arat pln pts
bugs		:
bogomips	: 4788.37
clflush size	: 64
cache_alignment	: 64
address sizes	: 39 bits physical, 48 bits virtual
power management:



Memory: 4k page, physical 8099688k(57080k free), swap 0k(0k free)

vm_info: Java HotSpot(TM) 64-Bit Server VM (25.101-b13) for linux-amd64 JRE (1.8.0_101-b13), built on Jun 22 2016 02:59:44 by "java_re" with gcc 4.3.0 20080428 (Red Hat 4.3.0-8)

time: Fri Sep  9 03:01:24 2016
elapsed time: 7 seconds (0d 0h 0m 7s)

