#
# There is insufficient memory for the Java Runtime Environment to continue.
# Native memory allocation (mmap) failed to map 175112192 bytes for committing reserved memory.
# Possible reasons:
#   The system is out of physical RAM or swap space
#   In 32 bit mode, the process size limit was hit
# Possible solutions:
#   Reduce memory load on the system
#   Increase physical memory or swap space
#   Check if swap backing store is full
#   Use 64 bit Java on a 64 bit OS
#   Decrease Java heap size (-Xmx/-Xms)
#   Decrease number of Java threads
#   Decrease Java thread stack sizes (-Xss)
#   Set larger code cache with -XX:ReservedCodeCacheSize=
# This output file may be truncated or incomplete.
#
#  Out of Memory Error (os_linux.cpp:2627), pid=13875, tid=0x00007feb6c708700
#
# JRE version: Java(TM) SE Runtime Environment (8.0_101-b13) (build 1.8.0_101-b13)
# Java VM: Java HotSpot(TM) 64-Bit Server VM (25.101-b13 mixed mode linux-amd64 compressed oops)
# Failed to write core dump. Core dumps have been disabled. To enable core dumping, try "ulimit -c unlimited" before starting Java again
#

---------------  T H R E A D  ---------------

Current thread (0x00007feb80078000):  VMThread [stack: 0x00007feb6c608000,0x00007feb6c709000] [id=13895]

Stack: [0x00007feb6c608000,0x00007feb6c709000],  sp=0x00007feb6c706fa0,  free space=1019k
Native frames: (J=compiled Java code, j=interpreted, Vv=VM code, C=native code)
V  [libjvm.so+0xac3f0a]  VMError::report_and_die()+0x2ba
V  [libjvm.so+0x4fbf9b]  report_vm_out_of_memory(char const*, int, unsigned long, VMErrorType, char const*)+0x8b
V  [libjvm.so+0x9222d3]  os::Linux::commit_memory_impl(char*, unsigned long, bool)+0x103
V  [libjvm.so+0x922829]  os::pd_commit_memory(char*, unsigned long, unsigned long, bool)+0x29
V  [libjvm.so+0x91cb2a]  os::commit_memory(char*, unsigned long, unsigned long, bool)+0x2a
V  [libjvm.so+0x991053]  PSVirtualSpace::expand_by(unsigned long)+0x53
V  [libjvm.so+0x992458]  PSYoungGen::resize_generation(unsigned long, unsigned long)+0xf8
V  [libjvm.so+0x9915b2]  PSYoungGen::resize(unsigned long, unsigned long)+0x22
V  [libjvm.so+0x98e88b]  PSScavenge::invoke_no_policy()+0xf3b
V  [libjvm.so+0x98f011]  PSScavenge::invoke()+0x41
V  [libjvm.so+0x945fc0]  ParallelScavengeHeap::failed_mem_allocate(unsigned long)+0x70
V  [libjvm.so+0xac5927]  VM_ParallelGCFailedAllocation::doit()+0x97
V  [libjvm.so+0xacd405]  VM_Operation::evaluate()+0x55
V  [libjvm.so+0xacb7da]  VMThread::evaluate_operation(VM_Operation*)+0xba
V  [libjvm.so+0xacbb5e]  VMThread::loop()+0x1ce
V  [libjvm.so+0xacbfd0]  VMThread::run()+0x70
V  [libjvm.so+0x924698]  java_start(Thread*)+0x108

VM_Operation (0x00007feb573c5dc0): ParallelGCFailedAllocation, mode: safepoint, requested by thread 0x00007feb8016a800


---------------  P R O C E S S  ---------------

Java Threads: ( => current thread )
  0x00007feb8016c000 JavaThread "pool-1-thread-4" [_thread_blocked, id=13937, stack(0x00007feb571c6000,0x00007feb572c7000)]
  0x00007feb8016a800 JavaThread "pool-1-thread-3" [_thread_blocked, id=13936, stack(0x00007feb572c7000,0x00007feb573c8000)]
  0x00007feb80166800 JavaThread "pool-1-thread-2" [_thread_blocked, id=13935, stack(0x00007feb573c8000,0x00007feb574c9000)]
  0x00007feb80165800 JavaThread "pool-2-thread-1" [_thread_blocked, id=13934, stack(0x00007feb574c9000,0x00007feb575ca000)]
  0x00007feb80163800 JavaThread "pool-1-thread-1" [_thread_blocked, id=13933, stack(0x00007feb575ca000,0x00007feb576cb000)]
  0x00007feb800c0000 JavaThread "Service Thread" daemon [_thread_blocked, id=13902, stack(0x00007feb577ff000,0x00007feb57900000)]
  0x00007feb800bd000 JavaThread "C1 CompilerThread2" daemon [_thread_blocked, id=13901, stack(0x00007feb6c002000,0x00007feb6c103000)]
  0x00007feb800bb000 JavaThread "C2 CompilerThread1" daemon [_thread_blocked, id=13900, stack(0x00007feb6c103000,0x00007feb6c204000)]
  0x00007feb800b8800 JavaThread "C2 CompilerThread0" daemon [_thread_blocked, id=13899, stack(0x00007feb6c204000,0x00007feb6c305000)]
  0x00007feb800b7000 JavaThread "Signal Dispatcher" daemon [_thread_blocked, id=13898, stack(0x00007feb6c305000,0x00007feb6c406000)]
  0x00007feb80084000 JavaThread "Finalizer" daemon [_thread_blocked, id=13897, stack(0x00007feb6c406000,0x00007feb6c507000)]
  0x00007feb8007f800 JavaThread "Reference Handler" daemon [_thread_blocked, id=13896, stack(0x00007feb6c507000,0x00007feb6c608000)]
  0x00007feb8000a000 JavaThread "main" [_thread_blocked, id=13882, stack(0x00007feb86cd1000,0x00007feb86dd2000)]

Other Threads:
=>0x00007feb80078000 VMThread [stack: 0x00007feb6c608000,0x00007feb6c709000] [id=13895]
  0x00007feb800c3000 WatcherThread [stack: 0x00007feb576fe000,0x00007feb577ff000] [id=13903]

VM state:at safepoint (normal execution)

VM Mutex/Monitor currently owned by a thread:  ([mutex/lock_event])
[0x00007feb80006490] Threads_lock - owner thread: 0x00007feb80078000
[0x00007feb80006990] Heap_lock - owner thread: 0x00007feb8016a800

Heap:
 PSYoungGen      total 132096K, used 5091K [0x00000000eab00000, 0x00000000f3100000, 0x0000000100000000)
  eden space 126976K, 0% used [0x00000000eab00000,0x00000000eab00000,0x00000000f2700000)
  from space 5120K, 99% used [0x00000000f2700000,0x00000000f2bf8f70,0x00000000f2c00000)
  to   space 5120K, 0% used [0x00000000f2c00000,0x00000000f2c00000,0x00000000f3100000)
 ParOldGen       total 84992K, used 41149K [0x00000000c0000000, 0x00000000c5300000, 0x00000000eab00000)
  object space 84992K, 48% used [0x00000000c0000000,0x00000000c282f6e0,0x00000000c5300000)
 Metaspace       used 6373K, capacity 7192K, committed 7424K, reserved 1056768K
  class space    used 618K, capacity 656K, committed 768K, reserved 1048576K

Card table byte_map: [0x00007feb70824000,0x00007feb70a25000] byte_map_base: 0x00007feb70224000

Marking Bits: (ParMarkBitMap*) 0x00007feb861a0120
 Begin Bits: [0x00007feb6e2ca000, 0x00007feb6f2ca000)
 End Bits:   [0x00007feb6f2ca000, 0x00007feb702ca000)

Polling page: 0x00007feb86def000

CodeCache: size=245760Kb used=6869Kb max_used=6869Kb free=238891Kb
 bounds [0x00007feb70de5000, 0x00007feb714a5000, 0x00007feb7fde5000]
 total_blobs=2144 nmethods=1875 adapters=182
 compilation: enabled

Compilation events (10 events):
Event: 7.795 Thread 0x00007feb800bd000 nmethod 2157 0x00007feb7149d250 code [0x00007feb7149d3a0, 0x00007feb7149d4d0]
Event: 7.795 Thread 0x00007feb800bd000 2158       1       com.android.dx.cf.code.LocalVariableList$Item::getSignature (5 bytes)
Event: 7.795 Thread 0x00007feb800bd000 nmethod 2158 0x00007feb7149d590 code [0x00007feb7149d6e0, 0x00007feb7149d7f0]
Event: 7.795 Thread 0x00007feb800bd000 2159       2       com.android.dx.cf.code.LocalVariableList$Item::withSignature (29 bytes)
Event: 7.795 Thread 0x00007feb800bd000 nmethod 2159 0x00007feb7149d850 code [0x00007feb7149d9c0, 0x00007feb7149dba8]
Event: 7.796 Thread 0x00007feb800bd000 2161       2       java.util.concurrent.FutureTask::finishCompletion (74 bytes)
Event: 7.796 Thread 0x00007feb800bd000 nmethod 2161 0x00007feb7149dc50 code [0x00007feb7149dde0, 0x00007feb7149e108]
Event: 7.796 Thread 0x00007feb800bd000 2162       2       java.util.concurrent.FutureTask::done (1 bytes)
Event: 7.796 Thread 0x00007feb800bd000 nmethod 2162 0x00007feb7149e290 code [0x00007feb7149e3e0, 0x00007feb7149e530]
Event: 7.798 Thread 0x00007feb800bd000 2163   !   2       com.android.dx.cf.direct.MemberListParser::parse (641 bytes)

GC Heap History (9 events):
Event: 1.598 GC heap before
{Heap before GC invocations=1 (full 0):
 PSYoungGen      total 36864K, used 31744K [0x00000000eab00000, 0x00000000ed400000, 0x0000000100000000)
  eden space 31744K, 100% used [0x00000000eab00000,0x00000000eca00000,0x00000000eca00000)
  from space 5120K, 0% used [0x00000000ecf00000,0x00000000ecf00000,0x00000000ed400000)
  to   space 5120K, 0% used [0x00000000eca00000,0x00000000eca00000,0x00000000ecf00000)
 ParOldGen       total 84992K, used 0K [0x00000000c0000000, 0x00000000c5300000, 0x00000000eab00000)
  object space 84992K, 0% used [0x00000000c0000000,0x00000000c0000000,0x00000000c5300000)
 Metaspace       used 5723K, capacity 6704K, committed 6784K, reserved 1056768K
  class space    used 596K, capacity 616K, committed 640K, reserved 1048576K
Event: 1.617 GC heap after
Heap after GC invocations=1 (full 0):
 PSYoungGen      total 36864K, used 4587K [0x00000000eab00000, 0x00000000ef300000, 0x0000000100000000)
  eden space 31744K, 0% used [0x00000000eab00000,0x00000000eab00000,0x00000000eca00000)
  from space 5120K, 89% used [0x00000000eca00000,0x00000000ece7ad48,0x00000000ecf00000)
  to   space 5120K, 0% used [0x00000000eee00000,0x00000000eee00000,0x00000000ef300000)
 ParOldGen       total 84992K, used 8K [0x00000000c0000000, 0x00000000c5300000, 0x00000000eab00000)
  object space 84992K, 0% used [0x00000000c0000000,0x00000000c0002000,0x00000000c5300000)
 Metaspace       used 5723K, capacity 6704K, committed 6784K, reserved 1056768K
  class space    used 596K, capacity 616K, committed 640K, reserved 1048576K
}
Event: 3.024 GC heap before
{Heap before GC invocations=2 (full 0):
 PSYoungGen      total 36864K, used 36331K [0x00000000eab00000, 0x00000000ef300000, 0x0000000100000000)
  eden space 31744K, 100% used [0x00000000eab00000,0x00000000eca00000,0x00000000eca00000)
  from space 5120K, 89% used [0x00000000eca00000,0x00000000ece7ad48,0x00000000ecf00000)
  to   space 5120K, 0% used [0x00000000eee00000,0x00000000eee00000,0x00000000ef300000)
 ParOldGen       total 84992K, used 8K [0x00000000c0000000, 0x00000000c5300000, 0x00000000eab00000)
  object space 84992K, 0% used [0x00000000c0000000,0x00000000c0002000,0x00000000c5300000)
 Metaspace       used 5882K, capacity 6832K, committed 7040K, reserved 1056768K
  class space    used 597K, capacity 616K, committed 640K, reserved 1048576K
Event: 3.084 GC heap after
Heap after GC invocations=2 (full 0):
 PSYoungGen      total 68608K, used 5091K [0x00000000eab00000, 0x00000000ef300000, 0x0000000100000000)
  eden space 63488K, 0% used [0x00000000eab00000,0x00000000eab00000,0x00000000ee900000)
  from space 5120K, 99% used [0x00000000eee00000,0x00000000ef2f8fb8,0x00000000ef300000)
  to   space 5120K, 0% used [0x00000000ee900000,0x00000000ee900000,0x00000000eee00000)
 ParOldGen       total 84992K, used 3547K [0x00000000c0000000, 0x00000000c5300000, 0x00000000eab00000)
  object space 84992K, 4% used [0x00000000c0000000,0x00000000c0376e68,0x00000000c5300000)
 Metaspace       used 5882K, capacity 6832K, committed 7040K, reserved 1056768K
  class space    used 597K, capacity 616K, committed 640K, reserved 1048576K
}
Event: 5.001 GC heap before
{Heap before GC invocations=3 (full 0):
 PSYoungGen      total 68608K, used 68579K [0x00000000eab00000, 0x00000000ef300000, 0x0000000100000000)
  eden space 63488K, 100% used [0x00000000eab00000,0x00000000ee900000,0x00000000ee900000)
  from space 5120K, 99% used [0x00000000eee00000,0x00000000ef2f8fb8,0x00000000ef300000)
  to   space 5120K, 0% used [0x00000000ee900000,0x00000000ee900000,0x00000000eee00000)
 ParOldGen       total 84992K, used 3566K [0x00000000c0000000, 0x00000000c5300000, 0x00000000eab00000)
  object space 84992K, 4% used [0x00000000c0000000,0x00000000c037bb00,0x00000000c5300000)
 Metaspace       used 6044K, capacity 6960K, committed 7040K, reserved 1056768K
  class space    used 598K, capacity 616K, committed 640K, reserved 1048576K
Event: 5.124 GC heap after
Heap after GC invocations=3 (full 0):
 PSYoungGen      total 68608K, used 5106K [0x00000000eab00000, 0x00000000f3100000, 0x0000000100000000)
  eden space 63488K, 0% used [0x00000000eab00000,0x00000000eab00000,0x00000000ee900000)
  from space 5120K, 99% used [0x00000000ee900000,0x00000000eedfc8d8,0x00000000eee00000)
  to   space 5120K, 0% used [0x00000000f2c00000,0x00000000f2c00000,0x00000000f3100000)
 ParOldGen       total 84992K, used 11682K [0x00000000c0000000, 0x00000000c5300000, 0x00000000eab00000)
  object space 84992K, 13% used [0x00000000c0000000,0x00000000c0b68800,0x00000000c5300000)
 Metaspace       used 6044K, capacity 6960K, committed 7040K, reserved 1056768K
  class space    used 598K, capacity 616K, committed 640K, reserved 1048576K
}
Event: 5.867 GC heap before
{Heap before GC invocations=4 (full 0):
 PSYoungGen      total 68608K, used 68594K [0x00000000eab00000, 0x00000000f3100000, 0x0000000100000000)
  eden space 63488K, 100% used [0x00000000eab00000,0x00000000ee900000,0x00000000ee900000)
  from space 5120K, 99% used [0x00000000ee900000,0x00000000eedfc8d8,0x00000000eee00000)
  to   space 5120K, 0% used [0x00000000f2c00000,0x00000000f2c00000,0x00000000f3100000)
 ParOldGen       total 84992K, used 11684K [0x00000000c0000000, 0x00000000c5300000, 0x00000000eab00000)
  object space 84992K, 13% used [0x00000000c0000000,0x00000000c0b692e8,0x00000000c5300000)
 Metaspace       used 6045K, capacity 6960K, committed 7040K, reserved 1056768K
  class space    used 598K, capacity 616K, committed 640K, reserved 1048576K
Event: 6.092 GC heap after
Heap after GC invocations=4 (full 0):
 PSYoungGen      total 132096K, used 5106K [0x00000000eab00000, 0x00000000f3100000, 0x0000000100000000)
  eden space 126976K, 0% used [0x00000000eab00000,0x00000000eab00000,0x00000000f2700000)
  from space 5120K, 99% used [0x00000000f2c00000,0x00000000f30fc8d8,0x00000000f3100000)
  to   space 5120K, 0% used [0x00000000f2700000,0x00000000f2700000,0x00000000f2c00000)
 ParOldGen       total 84992K, used 21410K [0x00000000c0000000, 0x00000000c5300000, 0x00000000eab00000)
  object space 84992K, 25% used [0x00000000c0000000,0x00000000c14e8970,0x00000000c5300000)
 Metaspace       used 6045K, capacity 6960K, committed 7040K, reserved 1056768K
  class space    used 598K, capacity 616K, committed 640K, reserved 1048576K
}
Event: 7.816 GC heap before
{Heap before GC invocations=5 (full 0):
 PSYoungGen      total 132096K, used 132082K [0x00000000eab00000, 0x00000000f3100000, 0x0000000100000000)
  eden space 126976K, 100% used [0x00000000eab00000,0x00000000f2700000,0x00000000f2700000)
  from space 5120K, 99% used [0x00000000f2c00000,0x00000000f30fc8d8,0x00000000f3100000)
  to   space 5120K, 0% used [0x00000000f2700000,0x00000000f2700000,0x00000000f2c00000)
 ParOldGen       total 84992K, used 21410K [0x00000000c0000000, 0x00000000c5300000, 0x00000000eab00000)
  object space 84992K, 25% used [0x00000000c0000000,0x00000000c14e8970,0x00000000c5300000)
 Metaspace       used 6373K, capacity 7192K, committed 7424K, reserved 1056768K
  class space    used 618K, capacity 656K, committed 768K, reserved 1048576K

Deoptimization events (10 events):
Event: 4.844 Thread 0x00007feb80166800 Uncommon trap: reason=class_check action=maybe_recompile pc=0x00007feb7123082c method=java.util.HashMap.putVal(ILjava/lang/Object;Ljava/lang/Object;ZZ)Ljava/lang/Object; @ 203
Event: 4.844 Thread 0x00007feb80166800 Uncommon trap: reason=bimorphic action=maybe_recompile pc=0x00007feb71032498 method=java.util.HashMap.getNode(ILjava/lang/Object;)Ljava/util/HashMap$Node; @ 126
Event: 4.844 Thread 0x00007feb80166800 Uncommon trap: reason=bimorphic action=maybe_recompile pc=0x00007feb71032498 method=java.util.HashMap.getNode(ILjava/lang/Object;)Ljava/util/HashMap$Node; @ 126
Event: 4.844 Thread 0x00007feb80166800 Uncommon trap: reason=class_check action=maybe_recompile pc=0x00007feb7123082c method=java.util.HashMap.putVal(ILjava/lang/Object;Ljava/lang/Object;ZZ)Ljava/lang/Object; @ 203
Event: 4.886 Thread 0x00007feb8016c000 Uncommon trap: reason=unstable_if action=reinterpret pc=0x00007feb7113447c method=com.android.dx.ssa.SsaMethod.updateOneDefinition(Lcom/android/dx/ssa/SsaInsn;Lcom/android/dx/rop/code/RegisterSpec;)V @ 4
Event: 6.150 Thread 0x00007feb8000a000 Uncommon trap: reason=unstable_if action=reinterpret pc=0x00007feb712f9248 method=com.android.dx.ssa.SCCP.simulateStmt(Lcom/android/dx/ssa/SsaInsn;)V @ 53
Event: 6.178 Thread 0x00007feb8000a000 Uncommon trap: reason=class_check action=maybe_recompile pc=0x00007feb7123082c method=java.util.HashMap.putVal(ILjava/lang/Object;Ljava/lang/Object;ZZ)Ljava/lang/Object; @ 203
Event: 7.463 Thread 0x00007feb8016c000 Uncommon trap: reason=unstable_if action=reinterpret pc=0x00007feb710aa7e4 method=java.util.HashMap.putVal(ILjava/lang/Object;Ljava/lang/Object;ZZ)Ljava/lang/Object; @ 162
Event: 7.466 Thread 0x00007feb8016c000 Uncommon trap: reason=unstable_if action=reinterpret pc=0x00007feb712e73f4 method=java.util.HashMap.getNode(ILjava/lang/Object;)Ljava/util/HashMap$Node; @ 84
Event: 7.757 Thread 0x00007feb8016c000 Uncommon trap: reason=unstable_if action=reinterpret pc=0x00007feb7141a618 method=java.util.HashMap.putVal(ILjava/lang/Object;Ljava/lang/Object;ZZ)Ljava/lang/Object; @ 109

Internal exceptions (6 events):
Event: 0.089 Thread 0x00007feb8000a000 Exception <a 'java/lang/NoSuchMethodError': Method sun.misc.Unsafe.defineClass(Ljava/lang/String;[BII)Ljava/lang/Class; name or signature does not match> (0x00000000eab07cc0) thrown at [/HUDSON3/workspace/8-2-build-linux-amd64/jdk8u101/7261/hotspot/src/sh
Event: 0.089 Thread 0x00007feb8000a000 Exception <a 'java/lang/NoSuchMethodError': Method sun.misc.Unsafe.prefetchRead(Ljava/lang/Object;J)V name or signature does not match> (0x00000000eab07fa8) thrown at [/HUDSON3/workspace/8-2-build-linux-amd64/jdk8u101/7261/hotspot/src/share/vm/prims/jni.c
Event: 3.527 Thread 0x00007feb8016c000 Implicit null exception at 0x00007feb710bba6c to 0x00007feb710beaa1
Event: 7.464 Thread 0x00007feb8016c000 Exception <a 'java/lang/ArrayIndexOutOfBoundsException': 18> (0x00000000f0a41cf0) thrown at [/HUDSON3/workspace/8-2-build-linux-amd64/jdk8u101/7261/hotspot/src/share/vm/interpreter/interpreterRuntime.cpp, line 366]
Event: 7.465 Thread 0x00007feb8016c000 Exception <a 'java/lang/ArrayIndexOutOfBoundsException': 145> (0x00000000f0a43870) thrown at [/HUDSON3/workspace/8-2-build-linux-amd64/jdk8u101/7261/hotspot/src/share/vm/interpreter/interpreterRuntime.cpp, line 366]
Event: 7.466 Thread 0x00007feb8016c000 Exception <a 'java/lang/ArrayIndexOutOfBoundsException': 40> (0x00000000f0a44b58) thrown at [/HUDSON3/workspace/8-2-build-linux-amd64/jdk8u101/7261/hotspot/src/share/vm/interpreter/interpreterRuntime.cpp, line 366]

Events (10 events):
Event: 7.609 Thread 0x00007feb8000a000 DEOPT PACKING pc=0x00007feb713887ff sp=0x00007feb86dcfa50
Event: 7.609 Thread 0x00007feb8000a000 DEOPT UNPACKING pc=0x00007feb70e2c633 sp=0x00007feb86dcf7d0 mode 0
Event: 7.749 Thread 0x00007feb8016a800 DEOPT PACKING pc=0x00007feb7106ea68 sp=0x00007feb573c5290
Event: 7.749 Thread 0x00007feb8016a800 DEOPT UNPACKING pc=0x00007feb70e2c633 sp=0x00007feb573c4fd0 mode 0
Event: 7.757 Thread 0x00007feb8016c000 Uncommon trap: trap_request=0xffffff65 fr.pc=0x00007feb7141a618
Event: 7.757 Thread 0x00007feb8016c000 DEOPT PACKING pc=0x00007feb7141a618 sp=0x00007feb572c4dd0
Event: 7.757 Thread 0x00007feb8016c000 DEOPT UNPACKING pc=0x00007feb70dea229 sp=0x00007feb572c4d80 mode 2
Event: 7.771 Thread 0x00007feb80163800 DEOPT PACKING pc=0x00007feb71374641 sp=0x00007feb576c8dd0
Event: 7.771 Thread 0x00007feb80163800 DEOPT UNPACKING pc=0x00007feb70e2c633 sp=0x00007feb576c8b70 mode 0
Event: 7.811 Executing VM operation: ParallelGCFailedAllocation


Dynamic libraries:
00400000-00401000 r-xp 00000000 08:12 3279766                            /home/eric/program/jdk/bin/java
00600000-00601000 rw-p 00000000 08:12 3279766                            /home/eric/program/jdk/bin/java
02509000-0252a000 rw-p 00000000 00:00 0                                  [heap]
c0000000-c5300000 rw-p 00000000 00:00 0 
c5300000-eab00000 ---p 00000000 00:00 0 
eab00000-f3100000 rw-p 00000000 00:00 0 
fd800000-100000000 ---p 00000000 00:00 0 
100000000-1000c0000 rw-p 00000000 00:00 0 
1000c0000-140000000 ---p 00000000 00:00 0 
7feb1c000000-7feb1c021000 rw-p 00000000 00:00 0 
7feb1c021000-7feb20000000 ---p 00000000 00:00 0 
7feb24000000-7feb24021000 rw-p 00000000 00:00 0 
7feb24021000-7feb28000000 ---p 00000000 00:00 0 
7feb28000000-7feb28021000 rw-p 00000000 00:00 0 
7feb28021000-7feb2c000000 ---p 00000000 00:00 0 
7feb2c000000-7feb2c031000 rw-p 00000000 00:00 0 
7feb2c031000-7feb30000000 ---p 00000000 00:00 0 
7feb30000000-7feb30021000 rw-p 00000000 00:00 0 
7feb30021000-7feb34000000 ---p 00000000 00:00 0 
7feb34000000-7feb34021000 rw-p 00000000 00:00 0 
7feb34021000-7feb38000000 ---p 00000000 00:00 0 
7feb38000000-7feb38021000 rw-p 00000000 00:00 0 
7feb38021000-7feb3c000000 ---p 00000000 00:00 0 
7feb3c000000-7feb3c6e1000 rw-p 00000000 00:00 0 
7feb3c6e1000-7feb40000000 ---p 00000000 00:00 0 
7feb40000000-7feb409a6000 rw-p 00000000 00:00 0 
7feb409a6000-7feb44000000 ---p 00000000 00:00 0 
7feb44000000-7feb44021000 rw-p 00000000 00:00 0 
7feb44021000-7feb48000000 ---p 00000000 00:00 0 
7feb48000000-7feb484c2000 rw-p 00000000 00:00 0 
7feb484c2000-7feb4c000000 ---p 00000000 00:00 0 
7feb4c000000-7feb4c021000 rw-p 00000000 00:00 0 
7feb4c021000-7feb50000000 ---p 00000000 00:00 0 
7feb50000000-7feb50021000 rw-p 00000000 00:00 0 
7feb50021000-7feb54000000 ---p 00000000 00:00 0 
7feb5719e000-7feb571a5000 r--s 00000000 08:12 1181748                    /usr/lib/x86_64-linux-gnu/gconv/gconv-modules.cache
7feb571a5000-7feb571c6000 r--p 00000000 08:12 1707293                    /usr/share/locale-langpack/zh_CN/LC_MESSAGES/libc.mo
7feb571c6000-7feb571c9000 ---p 00000000 00:00 0 
7feb571c9000-7feb572c7000 rw-p 00000000 00:00 0 
7feb572c7000-7feb572ca000 ---p 00000000 00:00 0 
7feb572ca000-7feb573c8000 rw-p 00000000 00:00 0 
7feb573c8000-7feb573cb000 ---p 00000000 00:00 0 
7feb573cb000-7feb574c9000 rw-p 00000000 00:00 0 
7feb574c9000-7feb574cc000 ---p 00000000 00:00 0 
7feb574cc000-7feb575ca000 rw-p 00000000 00:00 0 
7feb575ca000-7feb575cd000 ---p 00000000 00:00 0 
7feb575cd000-7feb576cb000 rw-p 00000000 00:00 0 
7feb576cb000-7feb576e2000 r--s 00101000 08:12 4334710                    /home/eric/project/AndroidStudioProjects/TimeTable/app/build/intermediates/exploded-aar/com.android.support/support-v4/24.1.1/jars/classes.jar
7feb576e2000-7feb576f0000 r--s 000e0000 08:12 3809999                    /home/eric/Android/Sdk/build-tools/24.0.0/lib/dx.jar
7feb576f0000-7feb576fe000 r--s 0007f000 08:12 3289987                    /home/eric/program/jdk/jre/lib/ext/commons-collections-3.2.1.jar
7feb576fe000-7feb576ff000 ---p 00000000 00:00 0 
7feb576ff000-7feb577ff000 rw-p 00000000 00:00 0 
7feb577ff000-7feb57802000 ---p 00000000 00:00 0 
7feb57802000-7feb57900000 rw-p 00000000 00:00 0 
7feb57900000-7feb58000000 r--p 00000000 08:12 925954                     /usr/lib/locale/locale-archive
7feb58000000-7feb58021000 rw-p 00000000 00:00 0 
7feb58021000-7feb5c000000 ---p 00000000 00:00 0 
7feb5c000000-7feb5c299000 rw-p 00000000 00:00 0 
7feb5c299000-7feb60000000 ---p 00000000 00:00 0 
7feb60000000-7feb60021000 rw-p 00000000 00:00 0 
7feb60021000-7feb64000000 ---p 00000000 00:00 0 
7feb64000000-7feb64021000 rw-p 00000000 00:00 0 
7feb64021000-7feb68000000 ---p 00000000 00:00 0 
7feb68000000-7feb68021000 rw-p 00000000 00:00 0 
7feb68021000-7feb6c000000 ---p 00000000 00:00 0 
7feb6c002000-7feb6c005000 ---p 00000000 00:00 0 
7feb6c005000-7feb6c103000 rw-p 00000000 00:00 0 
7feb6c103000-7feb6c106000 ---p 00000000 00:00 0 
7feb6c106000-7feb6c204000 rw-p 00000000 00:00 0 
7feb6c204000-7feb6c207000 ---p 00000000 00:00 0 
7feb6c207000-7feb6c305000 rw-p 00000000 00:00 0 
7feb6c305000-7feb6c308000 ---p 00000000 00:00 0 
7feb6c308000-7feb6c406000 rw-p 00000000 00:00 0 
7feb6c406000-7feb6c409000 ---p 00000000 00:00 0 
7feb6c409000-7feb6c507000 rw-p 00000000 00:00 0 
7feb6c507000-7feb6c50a000 ---p 00000000 00:00 0 
7feb6c50a000-7feb6c608000 rw-p 00000000 00:00 0 
7feb6c608000-7feb6c609000 ---p 00000000 00:00 0 
7feb6c609000-7feb6d67b000 rw-p 00000000 00:00 0 
7feb6d67b000-7feb6d854000 r--s 03d29000 08:12 3279842                    /home/eric/program/jdk/jre/lib/rt.jar
7feb6d854000-7feb6df4a000 rw-p 00000000 00:00 0 
7feb6df4a000-7feb6e0ca000 ---p 00000000 00:00 0 
7feb6e0ca000-7feb702ca000 rw-p 00000000 00:00 0 
7feb702ca000-7feb702cb000 ---p 00000000 00:00 0 
7feb702cb000-7feb703cb000 rw-p 00000000 00:00 0 
7feb703cb000-7feb703cc000 ---p 00000000 00:00 0 
7feb703cc000-7feb704cc000 rw-p 00000000 00:00 0 
7feb704cc000-7feb704cd000 ---p 00000000 00:00 0 
7feb704cd000-7feb705cd000 rw-p 00000000 00:00 0 
7feb705cd000-7feb705ce000 ---p 00000000 00:00 0 
7feb705ce000-7feb706f8000 rw-p 00000000 00:00 0 
7feb706f8000-7feb70824000 ---p 00000000 00:00 0 
7feb70824000-7feb7084e000 rw-p 00000000 00:00 0 
7feb7084e000-7feb70979000 ---p 00000000 00:00 0 
7feb70979000-7feb709bd000 rw-p 00000000 00:00 0 
7feb709bd000-7feb70a24000 ---p 00000000 00:00 0 
7feb70a24000-7feb70a40000 rw-p 00000000 00:00 0 
7feb70a40000-7feb70de5000 ---p 00000000 00:00 0 
7feb70de5000-7feb714a5000 rwxp 00000000 00:00 0 
7feb714a5000-7feb7fde5000 ---p 00000000 00:00 0 
7feb7fde5000-7feb7fdff000 r-xp 00000000 08:12 3279871                    /home/eric/program/jdk/jre/lib/amd64/libzip.so
7feb7fdff000-7feb7ffff000 ---p 0001a000 08:12 3279871                    /home/eric/program/jdk/jre/lib/amd64/libzip.so
7feb7ffff000-7feb80000000 rw-p 0001a000 08:12 3279871                    /home/eric/program/jdk/jre/lib/amd64/libzip.so
7feb80000000-7feb803b9000 rw-p 00000000 00:00 0 
7feb803b9000-7feb84000000 ---p 00000000 00:00 0 
7feb84004000-7feb84053000 rw-p 00000000 00:00 0 
7feb84053000-7feb8405e000 r-xp 00000000 08:12 5378649                    /lib/x86_64-linux-gnu/libnss_files-2.23.so
7feb8405e000-7feb8425d000 ---p 0000b000 08:12 5378649                    /lib/x86_64-linux-gnu/libnss_files-2.23.so
7feb8425d000-7feb8425e000 r--p 0000a000 08:12 5378649                    /lib/x86_64-linux-gnu/libnss_files-2.23.so
7feb8425e000-7feb8425f000 rw-p 0000b000 08:12 5378649                    /lib/x86_64-linux-gnu/libnss_files-2.23.so
7feb8425f000-7feb84265000 rw-p 00000000 00:00 0 
7feb84265000-7feb84270000 r-xp 00000000 08:12 5378660                    /lib/x86_64-linux-gnu/libnss_nis-2.23.so
7feb84270000-7feb8446f000 ---p 0000b000 08:12 5378660                    /lib/x86_64-linux-gnu/libnss_nis-2.23.so
7feb8446f000-7feb84470000 r--p 0000a000 08:12 5378660                    /lib/x86_64-linux-gnu/libnss_nis-2.23.so
7feb84470000-7feb84471000 rw-p 0000b000 08:12 5378660                    /lib/x86_64-linux-gnu/libnss_nis-2.23.so
7feb84471000-7feb84487000 r-xp 00000000 08:12 5378643                    /lib/x86_64-linux-gnu/libnsl-2.23.so
7feb84487000-7feb84686000 ---p 00016000 08:12 5378643                    /lib/x86_64-linux-gnu/libnsl-2.23.so
7feb84686000-7feb84687000 r--p 00015000 08:12 5378643                    /lib/x86_64-linux-gnu/libnsl-2.23.so
7feb84687000-7feb84688000 rw-p 00016000 08:12 5378643                    /lib/x86_64-linux-gnu/libnsl-2.23.so
7feb84688000-7feb8468a000 rw-p 00000000 00:00 0 
7feb8468a000-7feb84692000 r-xp 00000000 08:12 5378645                    /lib/x86_64-linux-gnu/libnss_compat-2.23.so
7feb84692000-7feb84891000 ---p 00008000 08:12 5378645                    /lib/x86_64-linux-gnu/libnss_compat-2.23.so
7feb84891000-7feb84892000 r--p 00007000 08:12 5378645                    /lib/x86_64-linux-gnu/libnss_compat-2.23.so
7feb84892000-7feb84893000 rw-p 00008000 08:12 5378645                    /lib/x86_64-linux-gnu/libnss_compat-2.23.so
7feb84893000-7feb848bd000 r-xp 00000000 08:12 3279897                    /home/eric/program/jdk/jre/lib/amd64/libjava.so
7feb848bd000-7feb84abd000 ---p 0002a000 08:12 3279897                    /home/eric/program/jdk/jre/lib/amd64/libjava.so
7feb84abd000-7feb84abf000 rw-p 0002a000 08:12 3279897                    /home/eric/program/jdk/jre/lib/amd64/libjava.so
7feb84abf000-7feb84acc000 r-xp 00000000 08:12 3279851                    /home/eric/program/jdk/jre/lib/amd64/libverify.so
7feb84acc000-7feb84ccc000 ---p 0000d000 08:12 3279851                    /home/eric/program/jdk/jre/lib/amd64/libverify.so
7feb84ccc000-7feb84cce000 rw-p 0000d000 08:12 3279851                    /home/eric/program/jdk/jre/lib/amd64/libverify.so
7feb84cce000-7feb84cd5000 r-xp 00000000 08:12 5378705                    /lib/x86_64-linux-gnu/librt-2.23.so
7feb84cd5000-7feb84ed4000 ---p 00007000 08:12 5378705                    /lib/x86_64-linux-gnu/librt-2.23.so
7feb84ed4000-7feb84ed5000 r--p 00006000 08:12 5378705                    /lib/x86_64-linux-gnu/librt-2.23.so
7feb84ed5000-7feb84ed6000 rw-p 00007000 08:12 5378705                    /lib/x86_64-linux-gnu/librt-2.23.so
7feb84ed6000-7feb84fde000 r-xp 00000000 08:12 5378622                    /lib/x86_64-linux-gnu/libm-2.23.so
7feb84fde000-7feb851dd000 ---p 00108000 08:12 5378622                    /lib/x86_64-linux-gnu/libm-2.23.so
7feb851dd000-7feb851de000 r--p 00107000 08:12 5378622                    /lib/x86_64-linux-gnu/libm-2.23.so
7feb851de000-7feb851df000 rw-p 00108000 08:12 5378622                    /lib/x86_64-linux-gnu/libm-2.23.so
7feb851df000-7feb85eaa000 r-xp 00000000 08:12 3279901                    /home/eric/program/jdk/jre/lib/amd64/server/libjvm.so
7feb85eaa000-7feb860a9000 ---p 00ccb000 08:12 3279901                    /home/eric/program/jdk/jre/lib/amd64/server/libjvm.so
7feb860a9000-7feb86182000 rw-p 00cca000 08:12 3279901                    /home/eric/program/jdk/jre/lib/amd64/server/libjvm.so
7feb86182000-7feb861cd000 rw-p 00000000 00:00 0 
7feb861cd000-7feb8638d000 r-xp 00000000 08:12 5378554                    /lib/x86_64-linux-gnu/libc-2.23.so
7feb8638d000-7feb8658c000 ---p 001c0000 08:12 5378554                    /lib/x86_64-linux-gnu/libc-2.23.so
7feb8658c000-7feb86590000 r--p 001bf000 08:12 5378554                    /lib/x86_64-linux-gnu/libc-2.23.so
7feb86590000-7feb86592000 rw-p 001c3000 08:12 5378554                    /lib/x86_64-linux-gnu/libc-2.23.so
7feb86592000-7feb86596000 rw-p 00000000 00:00 0 
7feb86596000-7feb86599000 r-xp 00000000 08:12 5378576                    /lib/x86_64-linux-gnu/libdl-2.23.so
7feb86599000-7feb86798000 ---p 00003000 08:12 5378576                    /lib/x86_64-linux-gnu/libdl-2.23.so
7feb86798000-7feb86799000 r--p 00002000 08:12 5378576                    /lib/x86_64-linux-gnu/libdl-2.23.so
7feb86799000-7feb8679a000 rw-p 00003000 08:12 5378576                    /lib/x86_64-linux-gnu/libdl-2.23.so
7feb8679a000-7feb867af000 r-xp 00000000 08:12 3278985                    /home/eric/program/jdk/lib/amd64/jli/libjli.so
7feb867af000-7feb869af000 ---p 00015000 08:12 3278985                    /home/eric/program/jdk/lib/amd64/jli/libjli.so
7feb869af000-7feb869b0000 rw-p 00015000 08:12 3278985                    /home/eric/program/jdk/lib/amd64/jli/libjli.so
7feb869b0000-7feb869c8000 r-xp 00000000 08:12 5378697                    /lib/x86_64-linux-gnu/libpthread-2.23.so
7feb869c8000-7feb86bc7000 ---p 00018000 08:12 5378697                    /lib/x86_64-linux-gnu/libpthread-2.23.so
7feb86bc7000-7feb86bc8000 r--p 00017000 08:12 5378697                    /lib/x86_64-linux-gnu/libpthread-2.23.so
7feb86bc8000-7feb86bc9000 rw-p 00018000 08:12 5378697                    /lib/x86_64-linux-gnu/libpthread-2.23.so
7feb86bc9000-7feb86bcd000 rw-p 00000000 00:00 0 
7feb86bcd000-7feb86bf3000 r-xp 00000000 08:12 5378526                    /lib/x86_64-linux-gnu/ld-2.23.so
7feb86bf3000-7feb86bf8000 r--s 00035000 08:12 3290011                    /home/eric/program/jdk/jre/lib/ext/commons-beanutils-1.9.2.jar
7feb86bf8000-7feb86cd1000 rw-p 00000000 00:00 0 
7feb86cd1000-7feb86cd4000 ---p 00000000 00:00 0 
7feb86cd4000-7feb86dd6000 rw-p 00000000 00:00 0 
7feb86dda000-7feb86de4000 r--s 000e8000 08:12 3289072                    /home/eric/program/jdk/jre/lib/ext/mysql-connector-java-5.1.39-bin.jar
7feb86de4000-7feb86de6000 r--s 0000d000 08:12 3290171                    /home/eric/program/jdk/jre/lib/ext/commons-logging-1.1.1.jar
7feb86de6000-7feb86dee000 rw-s 00000000 08:12 2756408                    /tmp/hsperfdata_eric/13875
7feb86dee000-7feb86def000 rw-p 00000000 00:00 0 
7feb86def000-7feb86df0000 ---p 00000000 00:00 0 
7feb86df0000-7feb86df2000 rw-p 00000000 00:00 0 
7feb86df2000-7feb86df3000 r--p 00025000 08:12 5378526                    /lib/x86_64-linux-gnu/ld-2.23.so
7feb86df3000-7feb86df4000 rw-p 00026000 08:12 5378526                    /lib/x86_64-linux-gnu/ld-2.23.so
7feb86df4000-7feb86df5000 rw-p 00000000 00:00 0 
7fffb778a000-7fffb77ab000 rw-p 00000000 00:00 0                          [stack]
7fffb77e3000-7fffb77e5000 r--p 00000000 00:00 0                          [vvar]
7fffb77e5000-7fffb77e7000 r-xp 00000000 00:00 0                          [vdso]
ffffffffff600000-ffffffffff601000 r-xp 00000000 00:00 0                  [vsyscall]

VM Arguments:
jvm_args: -Djava.awt.headless=true -Xmx1024M -Dfile.encoding=UTF-8 -Duser.country=CN -Duser.language=zh -Duser.variant 
java_command: com.android.dx.command.Main --dex --num-threads=4 --output /home/eric/project/AndroidStudioProjects/TimeTable/app/build/intermediates/pre-dexed/debug/com.android.support-support-v4-24.1.1_5b40b28784c7974af428cf177625ab2c74a3ed4b.jar /home/eric/project/AndroidStudioProjects/TimeTable/app/build/intermediates/exploded-aar/com.android.support/support-v4/24.1.1/jars/classes.jar
java_class_path (initial): /home/eric/Android/Sdk/build-tools/24.0.0/lib/dx.jar
Launcher Type: SUN_STANDARD

Environment Variables:
JAVA_HOME=/home/eric/program/jdk
PATH=/usr/local/sbin:/usr/local/bin:/usr/sbin:/usr/bin:/sbin:/bin:/usr/games:/usr/local/games:/snap/bin
USERNAME=eric
LD_LIBRARY_PATH=/home/eric/program/android-studio/bin:
SHELL=/bin/bash
DISPLAY=:1

Signal Handlers:
SIGSEGV: [libjvm.so+0xac4790], sa_mask[0]=11111111011111111101111111111110, sa_flags=SA_RESTART|SA_SIGINFO
SIGBUS: [libjvm.so+0xac4790], sa_mask[0]=11111111011111111101111111111110, sa_flags=SA_RESTART|SA_SIGINFO
SIGFPE: [libjvm.so+0x91f140], sa_mask[0]=11111111011111111101111111111110, sa_flags=SA_RESTART|SA_SIGINFO
SIGPIPE: [libjvm.so+0x91f140], sa_mask[0]=11111111011111111101111111111110, sa_flags=SA_RESTART|SA_SIGINFO
SIGXFSZ: [libjvm.so+0x91f140], sa_mask[0]=11111111011111111101111111111110, sa_flags=SA_RESTART|SA_SIGINFO
SIGILL: [libjvm.so+0x91f140], sa_mask[0]=11111111011111111101111111111110, sa_flags=SA_RESTART|SA_SIGINFO
SIGUSR1: SIG_DFL, sa_mask[0]=00000000000000000000000000000000, sa_flags=none
SIGUSR2: [libjvm.so+0x920770], sa_mask[0]=00100000000000000000000000000000, sa_flags=SA_RESTART|SA_SIGINFO
SIGHUP: [libjvm.so+0x921b70], sa_mask[0]=11111111011111111101111111111110, sa_flags=SA_RESTART|SA_SIGINFO
SIGINT: [libjvm.so+0x921b70], sa_mask[0]=11111111011111111101111111111110, sa_flags=SA_RESTART|SA_SIGINFO
SIGTERM: [libjvm.so+0x921b70], sa_mask[0]=11111111011111111101111111111110, sa_flags=SA_RESTART|SA_SIGINFO
SIGQUIT: [libjvm.so+0x921b70], sa_mask[0]=11111111011111111101111111111110, sa_flags=SA_RESTART|SA_SIGINFO


---------------  S Y S T E M  ---------------

OS:DISTRIB_ID=Ubuntu
DISTRIB_RELEASE=16.04
DISTRIB_CODENAME=xenial
DISTRIB_DESCRIPTION="Ubuntu 16.04.1 LTS"

uname:Linux 4.4.0-21-generic #37-Ubuntu SMP Mon Apr 18 18:33:37 UTC 2016 x86_64
libc:glibc 2.23 NPTL 2.23 
rlimit: STACK 8192k, CORE 0k, NPROC 31488, NOFILE 65536, AS infinity
load average:6.08 3.21 1.95

/proc/meminfo:
MemTotal:        8099688 kB
MemFree:           59876 kB
MemAvailable:     161528 kB
Buffers:            6740 kB
Cached:          1796264 kB
SwapCached:            0 kB
Active:          6133912 kB
Inactive:        1671676 kB
Active(anon):    6086488 kB
Inactive(anon):  1626048 kB
Active(file):      47424 kB
Inactive(file):    45628 kB
Unevictable:          32 kB
Mlocked:              32 kB
SwapTotal:             0 kB
SwapFree:              0 kB
Dirty:              2444 kB
Writeback:             0 kB
AnonPages:       6003932 kB
Mapped:           761628 kB
Shmem:           1708572 kB
Slab:              98416 kB
SReclaimable:      50960 kB
SUnreclaim:        47456 kB
KernelStack:       15472 kB
PageTables:        61060 kB
NFS_Unstable:          0 kB
Bounce:                0 kB
WritebackTmp:          0 kB
CommitLimit:     4049844 kB
Committed_AS:   14813592 kB
VmallocTotal:   34359738367 kB
VmallocUsed:           0 kB
VmallocChunk:          0 kB
HardwareCorrupted:     0 kB
AnonHugePages:   3627008 kB
CmaTotal:              0 kB
CmaFree:               0 kB
HugePages_Total:       0
HugePages_Free:        0
HugePages_Rsvd:        0
HugePages_Surp:        0
Hugepagesize:       2048 kB
DirectMap4k:      182976 kB
DirectMap2M:     7081984 kB
DirectMap1G:     2097152 kB


CPU:total 4 (2 cores per cpu, 2 threads per core) family 6 model 60 stepping 3, cmov, cx8, fxsr, mmx, sse, sse2, sse3, ssse3, sse4.1, sse4.2, popcnt, avx, avx2, clmul, erms, lzcnt, ht, tsc, tscinvbit, bmi1, bmi2

/proc/cpuinfo:
processor	: 0
vendor_id	: GenuineIntel
cpu family	: 6
model		: 60
model name	: Intel(R) Core(TM) i3-4000M CPU @ 2.40GHz
stepping	: 3
microcode	: 0x17
cpu MHz		: 2399.906
cache size	: 3072 KB
physical id	: 0
siblings	: 4
core id		: 0
cpu cores	: 2
apicid		: 0
initial apicid	: 0
fpu		: yes
fpu_exception	: yes
cpuid level	: 13
wp		: yes
flags		: fpu vme de pse tsc msr pae mce cx8 apic sep mtrr pge mca cmov pat pse36 clflush dts acpi mmx fxsr sse sse2 ss ht tm pbe syscall nx pdpe1gb rdtscp lm constant_tsc arch_perfmon pebs bts rep_good nopl xtopology nonstop_tsc aperfmperf eagerfpu pni pclmulqdq dtes64 monitor ds_cpl vmx est tm2 ssse3 sdbg fma cx16 xtpr pdcm pcid sse4_1 sse4_2 movbe popcnt tsc_deadline_timer xsave avx f16c rdrand lahf_lm abm epb tpr_shadow vnmi flexpriority ept vpid fsgsbase tsc_adjust bmi1 avx2 smep bmi2 erms invpcid xsaveopt dtherm arat pln pts
bugs		:
bogomips	: 4788.93
clflush size	: 64
cache_alignment	: 64
address sizes	: 39 bits physical, 48 bits virtual
power management:

processor	: 1
vendor_id	: GenuineIntel
cpu family	: 6
model		: 60
model name	: Intel(R) Core(TM) i3-4000M CPU @ 2.40GHz
stepping	: 3
microcode	: 0x17
cpu MHz		: 2400.000
cache size	: 3072 KB
physical id	: 0
siblings	: 4
core id		: 0
cpu cores	: 2
apicid		: 1
initial apicid	: 1
fpu		: yes
fpu_exception	: yes
cpuid level	: 13
wp		: yes
flags		: fpu vme de pse tsc msr pae mce cx8 apic sep mtrr pge mca cmov pat pse36 clflush dts acpi mmx fxsr sse sse2 ss ht tm pbe syscall nx pdpe1gb rdtscp lm constant_tsc arch_perfmon pebs bts rep_good nopl xtopology nonstop_tsc aperfmperf eagerfpu pni pclmulqdq dtes64 monitor ds_cpl vmx est tm2 ssse3 sdbg fma cx16 xtpr pdcm pcid sse4_1 sse4_2 movbe popcnt tsc_deadline_timer xsave avx f16c rdrand lahf_lm abm epb tpr_shadow vnmi flexpriority ept vpid fsgsbase tsc_adjust bmi1 avx2 smep bmi2 erms invpcid xsaveopt dtherm arat pln pts
bugs		:
bogomips	: 4788.93
clflush size	: 64
cache_alignment	: 64
address sizes	: 39 bits physical, 48 bits virtual
power management:

processor	: 2
vendor_id	: GenuineIntel
cpu family	: 6
model		: 60
model name	: Intel(R) Core(TM) i3-4000M CPU @ 2.40GHz
stepping	: 3
microcode	: 0x17
cpu MHz		: 2399.906
cache size	: 3072 KB
physical id	: 0
siblings	: 4
core id		: 1
cpu cores	: 2
apicid		: 2
initial apicid	: 2
fpu		: yes
fpu_exception	: yes
cpuid level	: 13
wp		: yes
flags		: fpu vme de pse tsc msr pae mce cx8 apic sep mtrr pge mca cmov pat pse36 clflush dts acpi mmx fxsr sse sse2 ss ht tm pbe syscall nx pdpe1gb rdtscp lm constant_tsc arch_perfmon pebs bts rep_good nopl xtopology nonstop_tsc aperfmperf eagerfpu pni pclmulqdq dtes64 monitor ds_cpl vmx est tm2 ssse3 sdbg fma cx16 xtpr pdcm pcid sse4_1 sse4_2 movbe popcnt tsc_deadline_timer xsave avx f16c rdrand lahf_lm abm epb tpr_shadow vnmi flexpriority ept vpid fsgsbase tsc_adjust bmi1 avx2 smep bmi2 erms invpcid xsaveopt dtherm arat pln pts
bugs		:
bogomips	: 4788.93
clflush size	: 64
cache_alignment	: 64
address sizes	: 39 bits physical, 48 bits virtual
power management:

processor	: 3
vendor_id	: GenuineIntel
cpu family	: 6
model		: 60
model name	: Intel(R) Core(TM) i3-4000M CPU @ 2.40GHz
stepping	: 3
microcode	: 0x17
cpu MHz		: 2400.000
cache size	: 3072 KB
physical id	: 0
siblings	: 4
core id		: 1
cpu cores	: 2
apicid		: 3
initial apicid	: 3
fpu		: yes
fpu_exception	: yes
cpuid level	: 13
wp		: yes
flags		: fpu vme de pse tsc msr pae mce cx8 apic sep mtrr pge mca cmov pat pse36 clflush dts acpi mmx fxsr sse sse2 ss ht tm pbe syscall nx pdpe1gb rdtscp lm constant_tsc arch_perfmon pebs bts rep_good nopl xtopology nonstop_tsc aperfmperf eagerfpu pni pclmulqdq dtes64 monitor ds_cpl vmx est tm2 ssse3 sdbg fma cx16 xtpr pdcm pcid sse4_1 sse4_2 movbe popcnt tsc_deadline_timer xsave avx f16c rdrand lahf_lm abm epb tpr_shadow vnmi flexpriority ept vpid fsgsbase tsc_adjust bmi1 avx2 smep bmi2 erms invpcid xsaveopt dtherm arat pln pts
bugs		:
bogomips	: 4788.93
clflush size	: 64
cache_alignment	: 64
address sizes	: 39 bits physical, 48 bits virtual
power management:



Memory: 4k page, physical 8099688k(60872k free), swap 0k(0k free)

vm_info: Java HotSpot(TM) 64-Bit Server VM (25.101-b13) for linux-amd64 JRE (1.8.0_101-b13), built on Jun 22 2016 02:59:44 by "java_re" with gcc 4.3.0 20080428 (Red Hat 4.3.0-8)

time: Thu Sep  8 03:22:00 2016
elapsed time: 8 seconds (0d 0h 0m 8s)

