#
# There is insufficient memory for the Java Runtime Environment to continue.
# Native memory allocation (mmap) failed to map 174063616 bytes for committing reserved memory.
# Possible reasons:
#   The system is out of physical RAM or swap space
#   In 32 bit mode, the process size limit was hit
# Possible solutions:
#   Reduce memory load on the system
#   Increase physical memory or swap space
#   Check if swap backing store is full
#   Use 64 bit Java on a 64 bit OS
#   Decrease Java heap size (-Xmx/-Xms)
#   Decrease number of Java threads
#   Decrease Java thread stack sizes (-Xss)
#   Set larger code cache with -XX:ReservedCodeCacheSize=
# This output file may be truncated or incomplete.
#
#  Out of Memory Error (os_linux.cpp:2627), pid=22820, tid=0x00007f69e97f7700
#
# JRE version: Java(TM) SE Runtime Environment (8.0_101-b13) (build 1.8.0_101-b13)
# Java VM: Java HotSpot(TM) 64-Bit Server VM (25.101-b13 mixed mode linux-amd64 compressed oops)
# Failed to write core dump. Core dumps have been disabled. To enable core dumping, try "ulimit -c unlimited" before starting Java again
#

---------------  T H R E A D  ---------------

Current thread (0x00007f69fc078000):  VMThread [stack: 0x00007f69e96f7000,0x00007f69e97f8000] [id=22834]

Stack: [0x00007f69e96f7000,0x00007f69e97f8000],  sp=0x00007f69e97f6320,  free space=1020k
Native frames: (J=compiled Java code, j=interpreted, Vv=VM code, C=native code)
V  [libjvm.so+0xac3f0a]  VMError::report_and_die()+0x2ba
V  [libjvm.so+0x4fbf9b]  report_vm_out_of_memory(char const*, int, unsigned long, VMErrorType, char const*)+0x8b
V  [libjvm.so+0x9222d3]  os::Linux::commit_memory_impl(char*, unsigned long, bool)+0x103
V  [libjvm.so+0x922829]  os::pd_commit_memory(char*, unsigned long, unsigned long, bool)+0x29
V  [libjvm.so+0x91cb2a]  os::commit_memory(char*, unsigned long, unsigned long, bool)+0x2a
V  [libjvm.so+0x991053]  PSVirtualSpace::expand_by(unsigned long)+0x53
V  [libjvm.so+0x992458]  PSYoungGen::resize_generation(unsigned long, unsigned long)+0xf8
V  [libjvm.so+0x9915b2]  PSYoungGen::resize(unsigned long, unsigned long)+0x22
V  [libjvm.so+0x98e88b]  PSScavenge::invoke_no_policy()+0xf3b
V  [libjvm.so+0x98f011]  PSScavenge::invoke()+0x41
V  [libjvm.so+0x945fc0]  ParallelScavengeHeap::failed_mem_allocate(unsigned long)+0x70
V  [libjvm.so+0xac5927]  VM_ParallelGCFailedAllocation::doit()+0x97
V  [libjvm.so+0xacd405]  VM_Operation::evaluate()+0x55
V  [libjvm.so+0xacb7da]  VMThread::evaluate_operation(VM_Operation*)+0xba
V  [libjvm.so+0xacbb5e]  VMThread::loop()+0x1ce
V  [libjvm.so+0xacbfd0]  VMThread::run()+0x70
V  [libjvm.so+0x924698]  java_start(Thread*)+0x108

VM_Operation (0x00007f69e87c7dc0): ParallelGCFailedAllocation, mode: safepoint, requested by thread 0x00007f69fc163000


---------------  P R O C E S S  ---------------

Java Threads: ( => current thread )
  0x00007f69fc16a000 JavaThread "pool-2-thread-4" [_thread_blocked, id=22882, stack(0x00007f69e82c5000,0x00007f69e83c6000)]
  0x00007f69fc168800 JavaThread "pool-2-thread-3" [_thread_blocked, id=22881, stack(0x00007f69e83c6000,0x00007f69e84c7000)]
  0x00007f69fc167800 JavaThread "pool-2-thread-2" [_thread_blocked, id=22880, stack(0x00007f69e84c7000,0x00007f69e85c8000)]
  0x00007f69fc165800 JavaThread "pool-3-thread-1" [_thread_blocked, id=22878, stack(0x00007f69e85c8000,0x00007f69e86c9000)]
  0x00007f69fc163000 JavaThread "pool-2-thread-1" [_thread_blocked, id=22876, stack(0x00007f69e86c9000,0x00007f69e87ca000)]
  0x00007f69fc0c0000 JavaThread "Service Thread" daemon [_thread_blocked, id=22848, stack(0x00007f69e88f0000,0x00007f69e89f1000)]
  0x00007f69fc0bd000 JavaThread "C1 CompilerThread2" daemon [_thread_blocked, id=22847, stack(0x00007f69e89f1000,0x00007f69e8af2000)]
  0x00007f69fc0bb000 JavaThread "C2 CompilerThread1" daemon [_thread_in_native, id=22846, stack(0x00007f69e8af2000,0x00007f69e8bf3000)]
  0x00007f69fc0b8800 JavaThread "C2 CompilerThread0" daemon [_thread_blocked, id=22845, stack(0x00007f69e8bf3000,0x00007f69e8cf4000)]
  0x00007f69fc0b7000 JavaThread "Signal Dispatcher" daemon [_thread_blocked, id=22844, stack(0x00007f69e8cf4000,0x00007f69e8df5000)]
  0x00007f69fc084000 JavaThread "Finalizer" daemon [_thread_blocked, id=22836, stack(0x00007f69e94f5000,0x00007f69e95f6000)]
  0x00007f69fc07f800 JavaThread "Reference Handler" daemon [_thread_blocked, id=22835, stack(0x00007f69e95f6000,0x00007f69e96f7000)]
  0x00007f69fc00a000 JavaThread "main" [_thread_blocked, id=22823, stack(0x00007f6a03dd1000,0x00007f6a03ed2000)]

Other Threads:
=>0x00007f69fc078000 VMThread [stack: 0x00007f69e96f7000,0x00007f69e97f8000] [id=22834]
  0x00007f69fc0c3000 WatcherThread [stack: 0x00007f69e87ef000,0x00007f69e88f0000] [id=22849]

VM state:at safepoint (normal execution)

VM Mutex/Monitor currently owned by a thread:  ([mutex/lock_event])
[0x00007f69fc0064f0] Threads_lock - owner thread: 0x00007f69fc078000
[0x00007f69fc0069f0] Heap_lock - owner thread: 0x00007f69fc163000

Heap:
 PSYoungGen      total 132096K, used 5114K [0x00000000eab00000, 0x00000000f3100000, 0x0000000100000000)
  eden space 126976K, 0% used [0x00000000eab00000,0x00000000eab00000,0x00000000f2700000)
  from space 5120K, 99% used [0x00000000f2700000,0x00000000f2bfeb30,0x00000000f2c00000)
  to   space 5120K, 0% used [0x00000000f2c00000,0x00000000f2c00000,0x00000000f3100000)
 ParOldGen       total 84992K, used 40134K [0x00000000c0000000, 0x00000000c5300000, 0x00000000eab00000)
  object space 84992K, 47% used [0x00000000c0000000,0x00000000c2731950,0x00000000c5300000)
 Metaspace       used 6274K, capacity 7128K, committed 7424K, reserved 1056768K
  class space    used 617K, capacity 656K, committed 768K, reserved 1048576K

Card table byte_map: [0x00007f6a00977000,0x00007f6a00b78000] byte_map_base: 0x00007f6a00377000

Marking Bits: (ParMarkBitMap*) 0x00007f6a032a0120
 Begin Bits: [0x00007f69eb000000, 0x00007f69ec000000)
 End Bits:   [0x00007f69ec000000, 0x00007f69ed000000)

Polling page: 0x00007f6a03eef000

CodeCache: size=245760Kb used=6532Kb max_used=6532Kb free=239227Kb
 bounds [0x00007f69ed000000, 0x00007f69ed670000, 0x00007f69fc000000]
 total_blobs=1980 nmethods=1712 adapters=182
 compilation: enabled

Compilation events (10 events):
Event: 6.872 Thread 0x00007f69fc0bd000 nmethod 2027 0x00007f69ed663e90 code [0x00007f69ed664020, 0x00007f69ed6643d8]
Event: 6.872 Thread 0x00007f69fc0bd000 2008       2       com.android.dx.command.dexer.Main::access$1300 (4 bytes)
Event: 6.872 Thread 0x00007f69fc0bd000 nmethod 2008 0x00007f69ed6646d0 code [0x00007f69ed664820, 0x00007f69ed664950]
Event: 6.872 Thread 0x00007f69fc0bd000 2014       2       com.android.dx.cf.attrib.RawAttribute::byteLength (11 bytes)
Event: 6.872 Thread 0x00007f69fc0bd000 nmethod 2014 0x00007f69ed6649d0 code [0x00007f69ed664b20, 0x00007f69ed664c70]
Event: 6.872 Thread 0x00007f69fc0bd000 2026       2       java.util.concurrent.locks.AbstractQueuedSynchronizer::acquire (27 bytes)
Event: 6.873 Thread 0x00007f69fc0bd000 nmethod 2026 0x00007f69ed664d10 code [0x00007f69ed664ea0, 0x00007f69ed6650b8]
Event: 6.873 Thread 0x00007f69fc0bd000 1994       2       com.android.dx.rop.code.Rops::opPutField (97 bytes)
Event: 6.894 Thread 0x00007f69fc0bd000 nmethod 1994 0x00007f69ed665550 code [0x00007f69ed665740, 0x00007f69ed665cb8]
Event: 6.894 Thread 0x00007f69fc0bd000 2028       3       com.android.dx.ssa.SsaMethod::removeFromUseList (57 bytes)

GC Heap History (9 events):
Event: 1.825 GC heap before
{Heap before GC invocations=1 (full 0):
 PSYoungGen      total 36864K, used 31744K [0x00000000eab00000, 0x00000000ed400000, 0x0000000100000000)
  eden space 31744K, 100% used [0x00000000eab00000,0x00000000eca00000,0x00000000eca00000)
  from space 5120K, 0% used [0x00000000ecf00000,0x00000000ecf00000,0x00000000ed400000)
  to   space 5120K, 0% used [0x00000000eca00000,0x00000000eca00000,0x00000000ecf00000)
 ParOldGen       total 84992K, used 0K [0x00000000c0000000, 0x00000000c5300000, 0x00000000eab00000)
  object space 84992K, 0% used [0x00000000c0000000,0x00000000c0000000,0x00000000c5300000)
 Metaspace       used 5665K, capacity 6640K, committed 6784K, reserved 1056768K
  class space    used 594K, capacity 616K, committed 640K, reserved 1048576K
Event: 1.844 GC heap after
Heap after GC invocations=1 (full 0):
 PSYoungGen      total 36864K, used 4621K [0x00000000eab00000, 0x00000000ef300000, 0x0000000100000000)
  eden space 31744K, 0% used [0x00000000eab00000,0x00000000eab00000,0x00000000eca00000)
  from space 5120K, 90% used [0x00000000eca00000,0x00000000ece835a0,0x00000000ecf00000)
  to   space 5120K, 0% used [0x00000000eee00000,0x00000000eee00000,0x00000000ef300000)
 ParOldGen       total 84992K, used 8K [0x00000000c0000000, 0x00000000c5300000, 0x00000000eab00000)
  object space 84992K, 0% used [0x00000000c0000000,0x00000000c0002000,0x00000000c5300000)
 Metaspace       used 5665K, capacity 6640K, committed 6784K, reserved 1056768K
  class space    used 594K, capacity 616K, committed 640K, reserved 1048576K
}
Event: 3.316 GC heap before
{Heap before GC invocations=2 (full 0):
 PSYoungGen      total 36864K, used 36365K [0x00000000eab00000, 0x00000000ef300000, 0x0000000100000000)
  eden space 31744K, 100% used [0x00000000eab00000,0x00000000eca00000,0x00000000eca00000)
  from space 5120K, 90% used [0x00000000eca00000,0x00000000ece835a0,0x00000000ecf00000)
  to   space 5120K, 0% used [0x00000000eee00000,0x00000000eee00000,0x00000000ef300000)
 ParOldGen       total 84992K, used 8K [0x00000000c0000000, 0x00000000c5300000, 0x00000000eab00000)
  object space 84992K, 0% used [0x00000000c0000000,0x00000000c0002000,0x00000000c5300000)
 Metaspace       used 5848K, capacity 6832K, committed 7040K, reserved 1056768K
  class space    used 596K, capacity 616K, committed 640K, reserved 1048576K
Event: 3.437 GC heap after
Heap after GC invocations=2 (full 0):
 PSYoungGen      total 68608K, used 5104K [0x00000000eab00000, 0x00000000ef300000, 0x0000000100000000)
  eden space 63488K, 0% used [0x00000000eab00000,0x00000000eab00000,0x00000000ee900000)
  from space 5120K, 99% used [0x00000000eee00000,0x00000000ef2fc178,0x00000000ef300000)
  to   space 5120K, 0% used [0x00000000ee900000,0x00000000ee900000,0x00000000eee00000)
 ParOldGen       total 84992K, used 3267K [0x00000000c0000000, 0x00000000c5300000, 0x00000000eab00000)
  object space 84992K, 3% used [0x00000000c0000000,0x00000000c0330ee0,0x00000000c5300000)
 Metaspace       used 5848K, capacity 6832K, committed 7040K, reserved 1056768K
  class space    used 596K, capacity 616K, committed 640K, reserved 1048576K
}
Event: 4.524 GC heap before
{Heap before GC invocations=3 (full 0):
 PSYoungGen      total 68608K, used 68592K [0x00000000eab00000, 0x00000000ef300000, 0x0000000100000000)
  eden space 63488K, 100% used [0x00000000eab00000,0x00000000ee900000,0x00000000ee900000)
  from space 5120K, 99% used [0x00000000eee00000,0x00000000ef2fc178,0x00000000ef300000)
  to   space 5120K, 0% used [0x00000000ee900000,0x00000000ee900000,0x00000000eee00000)
 ParOldGen       total 84992K, used 3267K [0x00000000c0000000, 0x00000000c5300000, 0x00000000eab00000)
  object space 84992K, 3% used [0x00000000c0000000,0x00000000c0330ee0,0x00000000c5300000)
 Metaspace       used 5920K, capacity 6896K, committed 7040K, reserved 1056768K
  class space    used 597K, capacity 616K, committed 640K, reserved 1048576K
Event: 4.630 GC heap after
Heap after GC invocations=3 (full 0):
 PSYoungGen      total 68608K, used 5096K [0x00000000eab00000, 0x00000000f3100000, 0x0000000100000000)
  eden space 63488K, 0% used [0x00000000eab00000,0x00000000eab00000,0x00000000ee900000)
  from space 5120K, 99% used [0x00000000ee900000,0x00000000eedfa298,0x00000000eee00000)
  to   space 5120K, 0% used [0x00000000f2c00000,0x00000000f2c00000,0x00000000f3100000)
 ParOldGen       total 84992K, used 11775K [0x00000000c0000000, 0x00000000c5300000, 0x00000000eab00000)
  object space 84992K, 13% used [0x00000000c0000000,0x00000000c0b7fc70,0x00000000c5300000)
 Metaspace       used 5920K, capacity 6896K, committed 7040K, reserved 1056768K
  class space    used 597K, capacity 616K, committed 640K, reserved 1048576K
}
Event: 5.422 GC heap before
{Heap before GC invocations=4 (full 0):
 PSYoungGen      total 68608K, used 68584K [0x00000000eab00000, 0x00000000f3100000, 0x0000000100000000)
  eden space 63488K, 100% used [0x00000000eab00000,0x00000000ee900000,0x00000000ee900000)
  from space 5120K, 99% used [0x00000000ee900000,0x00000000eedfa298,0x00000000eee00000)
  to   space 5120K, 0% used [0x00000000f2c00000,0x00000000f2c00000,0x00000000f3100000)
 ParOldGen       total 84992K, used 11775K [0x00000000c0000000, 0x00000000c5300000, 0x00000000eab00000)
  object space 84992K, 13% used [0x00000000c0000000,0x00000000c0b7fc70,0x00000000c5300000)
 Metaspace       used 6007K, capacity 6960K, committed 7040K, reserved 1056768K
  class space    used 597K, capacity 616K, committed 640K, reserved 1048576K
Event: 5.505 GC heap after
Heap after GC invocations=4 (full 0):
 PSYoungGen      total 132096K, used 5090K [0x00000000eab00000, 0x00000000f3100000, 0x0000000100000000)
  eden space 126976K, 0% used [0x00000000eab00000,0x00000000eab00000,0x00000000f2700000)
  from space 5120K, 99% used [0x00000000f2c00000,0x00000000f30f88d8,0x00000000f3100000)
  to   space 5120K, 0% used [0x00000000f2700000,0x00000000f2700000,0x00000000f2c00000)
 ParOldGen       total 84992K, used 20346K [0x00000000c0000000, 0x00000000c5300000, 0x00000000eab00000)
  object space 84992K, 23% used [0x00000000c0000000,0x00000000c13dea40,0x00000000c5300000)
 Metaspace       used 6007K, capacity 6960K, committed 7040K, reserved 1056768K
  class space    used 597K, capacity 616K, committed 640K, reserved 1048576K
}
Event: 6.897 GC heap before
{Heap before GC invocations=5 (full 0):
 PSYoungGen      total 132096K, used 132066K [0x00000000eab00000, 0x00000000f3100000, 0x0000000100000000)
  eden space 126976K, 100% used [0x00000000eab00000,0x00000000f2700000,0x00000000f2700000)
  from space 5120K, 99% used [0x00000000f2c00000,0x00000000f30f88d8,0x00000000f3100000)
  to   space 5120K, 0% used [0x00000000f2700000,0x00000000f2700000,0x00000000f2c00000)
 ParOldGen       total 84992K, used 20346K [0x00000000c0000000, 0x00000000c5300000, 0x00000000eab00000)
  object space 84992K, 23% used [0x00000000c0000000,0x00000000c13dea40,0x00000000c5300000)
 Metaspace       used 6274K, capacity 7128K, committed 7424K, reserved 1056768K
  class space    used 617K, capacity 656K, committed 768K, reserved 1048576K

Deoptimization events (10 events):
Event: 5.642 Thread 0x00007f69fc167800 Uncommon trap: reason=unstable_if action=reinterpret pc=0x00007f69ed507df8 method=com.android.dx.ssa.SCCP.simulateStmt(Lcom/android/dx/ssa/SsaInsn;)V @ 53
Event: 5.671 Thread 0x00007f69fc167800 Uncommon trap: reason=bimorphic action=maybe_recompile pc=0x00007f69ed4909cc method=java.util.HashMap.putVal(ILjava/lang/Object;Ljava/lang/Object;ZZ)Ljava/lang/Object; @ 203
Event: 6.227 Thread 0x00007f69fc168800 Uncommon trap: reason=unstable_if action=reinterpret pc=0x00007f69ed551f70 method=com.android.dx.rop.code.LocalItem.compareHandlesNulls(Lcom/android/dx/rop/cst/CstString;Lcom/android/dx/rop/cst/CstString;)I @ 14
Event: 6.594 Thread 0x00007f69fc00a000 Uncommon trap: reason=unstable_if action=reinterpret pc=0x00007f69ed30749c method=java.util.HashMap.putVal(ILjava/lang/Object;Ljava/lang/Object;ZZ)Ljava/lang/Object; @ 162
Event: 6.598 Thread 0x00007f69fc00a000 Uncommon trap: reason=unstable_if action=reinterpret pc=0x00007f69ed4134f4 method=java.util.HashMap.getNode(ILjava/lang/Object;)Ljava/util/HashMap$Node; @ 84
Event: 6.622 Thread 0x00007f69fc168800 Uncommon trap: reason=unstable_if action=reinterpret pc=0x00007f69ed490980 method=java.util.HashMap.putVal(ILjava/lang/Object;Ljava/lang/Object;ZZ)Ljava/lang/Object; @ 94
Event: 6.641 Thread 0x00007f69fc168800 Uncommon trap: reason=bimorphic action=maybe_recompile pc=0x00007f69ed5cb2a0 method=com.android.dx.ssa.NormalSsaInsn.accept(Lcom/android/dx/ssa/SsaInsn$Visitor;)V @ 9
Event: 6.641 Thread 0x00007f69fc168800 Uncommon trap: reason=bimorphic action=maybe_recompile pc=0x00007f69ed5cb2a0 method=com.android.dx.ssa.NormalSsaInsn.accept(Lcom/android/dx/ssa/SsaInsn$Visitor;)V @ 9
Event: 6.642 Thread 0x00007f69fc168800 Uncommon trap: reason=bimorphic action=maybe_recompile pc=0x00007f69ed5cb2a0 method=com.android.dx.ssa.NormalSsaInsn.accept(Lcom/android/dx/ssa/SsaInsn$Visitor;)V @ 9
Event: 6.642 Thread 0x00007f69fc168800 Uncommon trap: reason=bimorphic action=maybe_recompile pc=0x00007f69ed5cb2a0 method=com.android.dx.ssa.NormalSsaInsn.accept(Lcom/android/dx/ssa/SsaInsn$Visitor;)V @ 9

Internal exceptions (7 events):
Event: 0.104 Thread 0x00007f69fc00a000 Exception <a 'java/lang/NoSuchMethodError': Method sun.misc.Unsafe.defineClass(Ljava/lang/String;[BII)Ljava/lang/Class; name or signature does not match> (0x00000000eab07cc0) thrown at [/HUDSON3/workspace/8-2-build-linux-amd64/jdk8u101/7261/hotspot/src/sh
Event: 0.104 Thread 0x00007f69fc00a000 Exception <a 'java/lang/NoSuchMethodError': Method sun.misc.Unsafe.prefetchRead(Ljava/lang/Object;J)V name or signature does not match> (0x00000000eab07fa8) thrown at [/HUDSON3/workspace/8-2-build-linux-amd64/jdk8u101/7261/hotspot/src/share/vm/prims/jni.c
Event: 3.816 Thread 0x00007f69fc167800 Implicit null exception at 0x00007f69ed2d50fd to 0x00007f69ed2d8491
Event: 6.227 Thread 0x00007f69fc168800 Implicit null exception at 0x00007f69ed550b52 to 0x00007f69ed551f39
Event: 6.596 Thread 0x00007f69fc00a000 Exception <a 'java/lang/ArrayIndexOutOfBoundsException': 18> (0x00000000f091b808) thrown at [/HUDSON3/workspace/8-2-build-linux-amd64/jdk8u101/7261/hotspot/src/share/vm/interpreter/interpreterRuntime.cpp, line 366]
Event: 6.596 Thread 0x00007f69fc00a000 Exception <a 'java/lang/ArrayIndexOutOfBoundsException': 145> (0x00000000f091d388) thrown at [/HUDSON3/workspace/8-2-build-linux-amd64/jdk8u101/7261/hotspot/src/share/vm/interpreter/interpreterRuntime.cpp, line 366]
Event: 6.598 Thread 0x00007f69fc00a000 Exception <a 'java/lang/ArrayIndexOutOfBoundsException': 40> (0x00000000f091e670) thrown at [/HUDSON3/workspace/8-2-build-linux-amd64/jdk8u101/7261/hotspot/src/share/vm/interpreter/interpreterRuntime.cpp, line 366]

Events (10 events):
Event: 6.641 Thread 0x00007f69fc168800 DEOPT UNPACKING pc=0x00007f69ed005229 sp=0x00007f69e84c4ab0 mode 2
Event: 6.642 Thread 0x00007f69fc168800 Uncommon trap: trap_request=0xffffffc6 fr.pc=0x00007f69ed5cb2a0
Event: 6.642 Thread 0x00007f69fc168800 DEOPT PACKING pc=0x00007f69ed5cb2a0 sp=0x00007f69e84c4e50
Event: 6.642 Thread 0x00007f69fc168800 DEOPT UNPACKING pc=0x00007f69ed005229 sp=0x00007f69e84c4de0 mode 2
Event: 6.642 Thread 0x00007f69fc168800 Uncommon trap: trap_request=0xffffffc6 fr.pc=0x00007f69ed5cb2a0
Event: 6.642 Thread 0x00007f69fc168800 DEOPT PACKING pc=0x00007f69ed5cb2a0 sp=0x00007f69e84c4f50
Event: 6.642 Thread 0x00007f69fc168800 DEOPT UNPACKING pc=0x00007f69ed005229 sp=0x00007f69e84c4ee0 mode 2
Event: 6.730 Thread 0x00007f69fc163000 DEOPT PACKING pc=0x00007f69ed39666c sp=0x00007f69e87c80b0
Event: 6.730 Thread 0x00007f69fc163000 DEOPT UNPACKING pc=0x00007f69ed047633 sp=0x00007f69e87c7db0 mode 0
Event: 6.895 Executing VM operation: ParallelGCFailedAllocation


Dynamic libraries:
00400000-00401000 r-xp 00000000 08:12 3279766                            /home/eric/program/jdk/bin/java
00600000-00601000 rw-p 00000000 08:12 3279766                            /home/eric/program/jdk/bin/java
01084000-010a5000 rw-p 00000000 00:00 0                                  [heap]
c0000000-c5300000 rw-p 00000000 00:00 0 
c5300000-eab00000 ---p 00000000 00:00 0 
eab00000-f3100000 rw-p 00000000 00:00 0 
fd700000-100000000 ---p 00000000 00:00 0 
100000000-1000c0000 rw-p 00000000 00:00 0 
1000c0000-140000000 ---p 00000000 00:00 0 
7f699c000000-7f699c021000 rw-p 00000000 00:00 0 
7f699c021000-7f69a0000000 ---p 00000000 00:00 0 
7f69a4000000-7f69a4025000 rw-p 00000000 00:00 0 
7f69a4025000-7f69a8000000 ---p 00000000 00:00 0 
7f69a8000000-7f69a8026000 rw-p 00000000 00:00 0 
7f69a8026000-7f69ac000000 ---p 00000000 00:00 0 
7f69ac000000-7f69ac032000 rw-p 00000000 00:00 0 
7f69ac032000-7f69b0000000 ---p 00000000 00:00 0 
7f69b0000000-7f69b0021000 rw-p 00000000 00:00 0 
7f69b0021000-7f69b4000000 ---p 00000000 00:00 0 
7f69b4000000-7f69b4021000 rw-p 00000000 00:00 0 
7f69b4021000-7f69b8000000 ---p 00000000 00:00 0 
7f69b8000000-7f69b8021000 rw-p 00000000 00:00 0 
7f69b8021000-7f69bc000000 ---p 00000000 00:00 0 
7f69bc000000-7f69bc6ea000 rw-p 00000000 00:00 0 
7f69bc6ea000-7f69c0000000 ---p 00000000 00:00 0 
7f69c0000000-7f69c0857000 rw-p 00000000 00:00 0 
7f69c0857000-7f69c4000000 ---p 00000000 00:00 0 
7f69c4000000-7f69c4021000 rw-p 00000000 00:00 0 
7f69c4021000-7f69c8000000 ---p 00000000 00:00 0 
7f69c8000000-7f69c850b000 rw-p 00000000 00:00 0 
7f69c850b000-7f69cc000000 ---p 00000000 00:00 0 
7f69cc000000-7f69cc021000 rw-p 00000000 00:00 0 
7f69cc021000-7f69d0000000 ---p 00000000 00:00 0 
7f69d0000000-7f69d0021000 rw-p 00000000 00:00 0 
7f69d0021000-7f69d4000000 ---p 00000000 00:00 0 
7f69d4000000-7f69d4021000 rw-p 00000000 00:00 0 
7f69d4021000-7f69d8000000 ---p 00000000 00:00 0 
7f69d8000000-7f69d8291000 rw-p 00000000 00:00 0 
7f69d8291000-7f69dc000000 ---p 00000000 00:00 0 
7f69dc000000-7f69dc021000 rw-p 00000000 00:00 0 
7f69dc021000-7f69e0000000 ---p 00000000 00:00 0 
7f69e0000000-7f69e0021000 rw-p 00000000 00:00 0 
7f69e0021000-7f69e4000000 ---p 00000000 00:00 0 
7f69e4000000-7f69e4021000 rw-p 00000000 00:00 0 
7f69e4021000-7f69e8000000 ---p 00000000 00:00 0 
7f69e82a4000-7f69e82c5000 r--p 00000000 08:12 1707293                    /usr/share/locale-langpack/zh_CN/LC_MESSAGES/libc.mo
7f69e82c5000-7f69e82c8000 ---p 00000000 00:00 0 
7f69e82c8000-7f69e83c6000 rw-p 00000000 00:00 0 
7f69e83c6000-7f69e83c9000 ---p 00000000 00:00 0 
7f69e83c9000-7f69e84c7000 rw-p 00000000 00:00 0 
7f69e84c7000-7f69e84ca000 ---p 00000000 00:00 0 
7f69e84ca000-7f69e85c8000 rw-p 00000000 00:00 0 
7f69e85c8000-7f69e85cb000 ---p 00000000 00:00 0 
7f69e85cb000-7f69e86c9000 rw-p 00000000 00:00 0 
7f69e86c9000-7f69e86cc000 ---p 00000000 00:00 0 
7f69e86cc000-7f69e87ca000 rw-p 00000000 00:00 0 
7f69e87ca000-7f69e87e1000 r--s 00101000 08:12 4334800                    /home/eric/project/AndroidStudioProjects/TimeTable/app/build/intermediates/exploded-aar/com.android.support/support-v4/24.1.1/jars/classes.jar
7f69e87e1000-7f69e87ef000 r--s 000e0000 08:12 3809999                    /home/eric/Android/Sdk/build-tools/24.0.0/lib/dx.jar
7f69e87ef000-7f69e87f0000 ---p 00000000 00:00 0 
7f69e87f0000-7f69e88f0000 rw-p 00000000 00:00 0 
7f69e88f0000-7f69e88f3000 ---p 00000000 00:00 0 
7f69e88f3000-7f69e89f1000 rw-p 00000000 00:00 0 
7f69e89f1000-7f69e89f4000 ---p 00000000 00:00 0 
7f69e89f4000-7f69e8af2000 rw-p 00000000 00:00 0 
7f69e8af2000-7f69e8af5000 ---p 00000000 00:00 0 
7f69e8af5000-7f69e8bf3000 rw-p 00000000 00:00 0 
7f69e8bf3000-7f69e8bf6000 ---p 00000000 00:00 0 
7f69e8bf6000-7f69e8cf4000 rw-p 00000000 00:00 0 
7f69e8cf4000-7f69e8cf7000 ---p 00000000 00:00 0 
7f69e8cf7000-7f69e8df5000 rw-p 00000000 00:00 0 
7f69e8df5000-7f69e94f5000 r--p 00000000 08:12 925954                     /usr/lib/locale/locale-archive
7f69e94f5000-7f69e94f8000 ---p 00000000 00:00 0 
7f69e94f8000-7f69e95f6000 rw-p 00000000 00:00 0 
7f69e95f6000-7f69e95f9000 ---p 00000000 00:00 0 
7f69e95f9000-7f69e96f7000 rw-p 00000000 00:00 0 
7f69e96f7000-7f69e96f8000 ---p 00000000 00:00 0 
7f69e96f8000-7f69ea627000 rw-p 00000000 00:00 0 
7f69ea627000-7f69ea800000 r--s 03d29000 08:12 3279842                    /home/eric/program/jdk/jre/lib/rt.jar
7f69ea800000-7f69eae80000 rw-p 00000000 00:00 0 
7f69eae80000-7f69eb000000 ---p 00000000 00:00 0 
7f69eb000000-7f69ed000000 rw-p 00000000 00:00 0 
7f69ed000000-7f69ed670000 rwxp 00000000 00:00 0 
7f69ed670000-7f69fc000000 ---p 00000000 00:00 0 
7f69fc000000-7f69fc3bc000 rw-p 00000000 00:00 0 
7f69fc3bc000-7f6a00000000 ---p 00000000 00:00 0 
7f6a00000000-7f6a00007000 r--s 00000000 08:12 1181748                    /usr/lib/x86_64-linux-gnu/gconv/gconv-modules.cache
7f6a00007000-7f6a00015000 r--s 0007f000 08:12 3289987                    /home/eric/program/jdk/jre/lib/ext/commons-collections-3.2.1.jar
7f6a00015000-7f6a0041d000 rw-p 00000000 00:00 0 
7f6a0041d000-7f6a0041e000 ---p 00000000 00:00 0 
7f6a0041e000-7f6a0051e000 rw-p 00000000 00:00 0 
7f6a0051e000-7f6a0051f000 ---p 00000000 00:00 0 
7f6a0051f000-7f6a0061f000 rw-p 00000000 00:00 0 
7f6a0061f000-7f6a00620000 ---p 00000000 00:00 0 
7f6a00620000-7f6a00720000 rw-p 00000000 00:00 0 
7f6a00720000-7f6a00721000 ---p 00000000 00:00 0 
7f6a00721000-7f6a0084b000 rw-p 00000000 00:00 0 
7f6a0084b000-7f6a00977000 ---p 00000000 00:00 0 
7f6a00977000-7f6a009a1000 rw-p 00000000 00:00 0 
7f6a009a1000-7f6a00acc000 ---p 00000000 00:00 0 
7f6a00acc000-7f6a00b10000 rw-p 00000000 00:00 0 
7f6a00b10000-7f6a00b77000 ---p 00000000 00:00 0 
7f6a00b77000-7f6a00b92000 rw-p 00000000 00:00 0 
7f6a00b92000-7f6a00f38000 ---p 00000000 00:00 0 
7f6a00f38000-7f6a00f52000 r-xp 00000000 08:12 3279871                    /home/eric/program/jdk/jre/lib/amd64/libzip.so
7f6a00f52000-7f6a01152000 ---p 0001a000 08:12 3279871                    /home/eric/program/jdk/jre/lib/amd64/libzip.so
7f6a01152000-7f6a01153000 rw-p 0001a000 08:12 3279871                    /home/eric/program/jdk/jre/lib/amd64/libzip.so
7f6a01153000-7f6a0115e000 r-xp 00000000 08:12 5378649                    /lib/x86_64-linux-gnu/libnss_files-2.23.so
7f6a0115e000-7f6a0135d000 ---p 0000b000 08:12 5378649                    /lib/x86_64-linux-gnu/libnss_files-2.23.so
7f6a0135d000-7f6a0135e000 r--p 0000a000 08:12 5378649                    /lib/x86_64-linux-gnu/libnss_files-2.23.so
7f6a0135e000-7f6a0135f000 rw-p 0000b000 08:12 5378649                    /lib/x86_64-linux-gnu/libnss_files-2.23.so
7f6a0135f000-7f6a01365000 rw-p 00000000 00:00 0 
7f6a01365000-7f6a01370000 r-xp 00000000 08:12 5378660                    /lib/x86_64-linux-gnu/libnss_nis-2.23.so
7f6a01370000-7f6a0156f000 ---p 0000b000 08:12 5378660                    /lib/x86_64-linux-gnu/libnss_nis-2.23.so
7f6a0156f000-7f6a01570000 r--p 0000a000 08:12 5378660                    /lib/x86_64-linux-gnu/libnss_nis-2.23.so
7f6a01570000-7f6a01571000 rw-p 0000b000 08:12 5378660                    /lib/x86_64-linux-gnu/libnss_nis-2.23.so
7f6a01571000-7f6a01587000 r-xp 00000000 08:12 5378643                    /lib/x86_64-linux-gnu/libnsl-2.23.so
7f6a01587000-7f6a01786000 ---p 00016000 08:12 5378643                    /lib/x86_64-linux-gnu/libnsl-2.23.so
7f6a01786000-7f6a01787000 r--p 00015000 08:12 5378643                    /lib/x86_64-linux-gnu/libnsl-2.23.so
7f6a01787000-7f6a01788000 rw-p 00016000 08:12 5378643                    /lib/x86_64-linux-gnu/libnsl-2.23.so
7f6a01788000-7f6a0178a000 rw-p 00000000 00:00 0 
7f6a0178a000-7f6a01792000 r-xp 00000000 08:12 5378645                    /lib/x86_64-linux-gnu/libnss_compat-2.23.so
7f6a01792000-7f6a01991000 ---p 00008000 08:12 5378645                    /lib/x86_64-linux-gnu/libnss_compat-2.23.so
7f6a01991000-7f6a01992000 r--p 00007000 08:12 5378645                    /lib/x86_64-linux-gnu/libnss_compat-2.23.so
7f6a01992000-7f6a01993000 rw-p 00008000 08:12 5378645                    /lib/x86_64-linux-gnu/libnss_compat-2.23.so
7f6a01993000-7f6a019bd000 r-xp 00000000 08:12 3279897                    /home/eric/program/jdk/jre/lib/amd64/libjava.so
7f6a019bd000-7f6a01bbd000 ---p 0002a000 08:12 3279897                    /home/eric/program/jdk/jre/lib/amd64/libjava.so
7f6a01bbd000-7f6a01bbf000 rw-p 0002a000 08:12 3279897                    /home/eric/program/jdk/jre/lib/amd64/libjava.so
7f6a01bbf000-7f6a01bcc000 r-xp 00000000 08:12 3279851                    /home/eric/program/jdk/jre/lib/amd64/libverify.so
7f6a01bcc000-7f6a01dcc000 ---p 0000d000 08:12 3279851                    /home/eric/program/jdk/jre/lib/amd64/libverify.so
7f6a01dcc000-7f6a01dce000 rw-p 0000d000 08:12 3279851                    /home/eric/program/jdk/jre/lib/amd64/libverify.so
7f6a01dce000-7f6a01dd5000 r-xp 00000000 08:12 5378705                    /lib/x86_64-linux-gnu/librt-2.23.so
7f6a01dd5000-7f6a01fd4000 ---p 00007000 08:12 5378705                    /lib/x86_64-linux-gnu/librt-2.23.so
7f6a01fd4000-7f6a01fd5000 r--p 00006000 08:12 5378705                    /lib/x86_64-linux-gnu/librt-2.23.so
7f6a01fd5000-7f6a01fd6000 rw-p 00007000 08:12 5378705                    /lib/x86_64-linux-gnu/librt-2.23.so
7f6a01fd6000-7f6a020de000 r-xp 00000000 08:12 5378622                    /lib/x86_64-linux-gnu/libm-2.23.so
7f6a020de000-7f6a022dd000 ---p 00108000 08:12 5378622                    /lib/x86_64-linux-gnu/libm-2.23.so
7f6a022dd000-7f6a022de000 r--p 00107000 08:12 5378622                    /lib/x86_64-linux-gnu/libm-2.23.so
7f6a022de000-7f6a022df000 rw-p 00108000 08:12 5378622                    /lib/x86_64-linux-gnu/libm-2.23.so
7f6a022df000-7f6a02faa000 r-xp 00000000 08:12 3279901                    /home/eric/program/jdk/jre/lib/amd64/server/libjvm.so
7f6a02faa000-7f6a031a9000 ---p 00ccb000 08:12 3279901                    /home/eric/program/jdk/jre/lib/amd64/server/libjvm.so
7f6a031a9000-7f6a03282000 rw-p 00cca000 08:12 3279901                    /home/eric/program/jdk/jre/lib/amd64/server/libjvm.so
7f6a03282000-7f6a032cd000 rw-p 00000000 00:00 0 
7f6a032cd000-7f6a0348d000 r-xp 00000000 08:12 5378554                    /lib/x86_64-linux-gnu/libc-2.23.so
7f6a0348d000-7f6a0368c000 ---p 001c0000 08:12 5378554                    /lib/x86_64-linux-gnu/libc-2.23.so
7f6a0368c000-7f6a03690000 r--p 001bf000 08:12 5378554                    /lib/x86_64-linux-gnu/libc-2.23.so
7f6a03690000-7f6a03692000 rw-p 001c3000 08:12 5378554                    /lib/x86_64-linux-gnu/libc-2.23.so
7f6a03692000-7f6a03696000 rw-p 00000000 00:00 0 
7f6a03696000-7f6a03699000 r-xp 00000000 08:12 5378576                    /lib/x86_64-linux-gnu/libdl-2.23.so
7f6a03699000-7f6a03898000 ---p 00003000 08:12 5378576                    /lib/x86_64-linux-gnu/libdl-2.23.so
7f6a03898000-7f6a03899000 r--p 00002000 08:12 5378576                    /lib/x86_64-linux-gnu/libdl-2.23.so
7f6a03899000-7f6a0389a000 rw-p 00003000 08:12 5378576                    /lib/x86_64-linux-gnu/libdl-2.23.so
7f6a0389a000-7f6a038af000 r-xp 00000000 08:12 3278985                    /home/eric/program/jdk/lib/amd64/jli/libjli.so
7f6a038af000-7f6a03aaf000 ---p 00015000 08:12 3278985                    /home/eric/program/jdk/lib/amd64/jli/libjli.so
7f6a03aaf000-7f6a03ab0000 rw-p 00015000 08:12 3278985                    /home/eric/program/jdk/lib/amd64/jli/libjli.so
7f6a03ab0000-7f6a03ac8000 r-xp 00000000 08:12 5378697                    /lib/x86_64-linux-gnu/libpthread-2.23.so
7f6a03ac8000-7f6a03cc7000 ---p 00018000 08:12 5378697                    /lib/x86_64-linux-gnu/libpthread-2.23.so
7f6a03cc7000-7f6a03cc8000 r--p 00017000 08:12 5378697                    /lib/x86_64-linux-gnu/libpthread-2.23.so
7f6a03cc8000-7f6a03cc9000 rw-p 00018000 08:12 5378697                    /lib/x86_64-linux-gnu/libpthread-2.23.so
7f6a03cc9000-7f6a03ccd000 rw-p 00000000 00:00 0 
7f6a03ccd000-7f6a03cf3000 r-xp 00000000 08:12 5378526                    /lib/x86_64-linux-gnu/ld-2.23.so
7f6a03cf3000-7f6a03cf8000 r--s 00035000 08:12 3290011                    /home/eric/program/jdk/jre/lib/ext/commons-beanutils-1.9.2.jar
7f6a03cf8000-7f6a03dd1000 rw-p 00000000 00:00 0 
7f6a03dd1000-7f6a03dd4000 ---p 00000000 00:00 0 
7f6a03dd4000-7f6a03ed6000 rw-p 00000000 00:00 0 
7f6a03eda000-7f6a03ee4000 r--s 000e8000 08:12 3289072                    /home/eric/program/jdk/jre/lib/ext/mysql-connector-java-5.1.39-bin.jar
7f6a03ee4000-7f6a03ee6000 r--s 0000d000 08:12 3290171                    /home/eric/program/jdk/jre/lib/ext/commons-logging-1.1.1.jar
7f6a03ee6000-7f6a03eee000 rw-s 00000000 08:12 2756344                    /tmp/hsperfdata_eric/22820
7f6a03eee000-7f6a03eef000 rw-p 00000000 00:00 0 
7f6a03eef000-7f6a03ef0000 ---p 00000000 00:00 0 
7f6a03ef0000-7f6a03ef2000 rw-p 00000000 00:00 0 
7f6a03ef2000-7f6a03ef3000 r--p 00025000 08:12 5378526                    /lib/x86_64-linux-gnu/ld-2.23.so
7f6a03ef3000-7f6a03ef4000 rw-p 00026000 08:12 5378526                    /lib/x86_64-linux-gnu/ld-2.23.so
7f6a03ef4000-7f6a03ef5000 rw-p 00000000 00:00 0 
7ffd5208e000-7ffd520af000 rw-p 00000000 00:00 0                          [stack]
7ffd520e4000-7ffd520e6000 r--p 00000000 00:00 0                          [vvar]
7ffd520e6000-7ffd520e8000 r-xp 00000000 00:00 0                          [vdso]
ffffffffff600000-ffffffffff601000 r-xp 00000000 00:00 0                  [vsyscall]

VM Arguments:
jvm_args: -Djava.awt.headless=true -Xmx1024M -Dfile.encoding=UTF-8 -Duser.country=CN -Duser.language=zh -Duser.variant 
java_command: com.android.dx.command.Main --dex --force-jumbo --num-threads=4 --multi-dex --output /home/eric/project/AndroidStudioProjects/TimeTable/app/build/intermediates/transforms/dex/debug/folders/1000/10/com.android.support-support-v4-24.1.1_5b40b28784c7974af428cf177625ab2c74a3ed4b /home/eric/project/AndroidStudioProjects/TimeTable/app/build/intermediates/exploded-aar/com.android.support/support-v4/24.1.1/jars/classes.jar
java_class_path (initial): /home/eric/Android/Sdk/build-tools/24.0.0/lib/dx.jar
Launcher Type: SUN_STANDARD

Environment Variables:
JAVA_HOME=/home/eric/program/jdk
PATH=/usr/local/sbin:/usr/local/bin:/usr/sbin:/usr/bin:/sbin:/bin:/usr/games:/usr/local/games:/snap/bin
USERNAME=eric
LD_LIBRARY_PATH=/home/eric/program/android-studio/bin:
SHELL=/bin/bash
DISPLAY=:1

Signal Handlers:
SIGSEGV: [libjvm.so+0xac4790], sa_mask[0]=11111111011111111101111111111110, sa_flags=SA_RESTART|SA_SIGINFO
SIGBUS: [libjvm.so+0xac4790], sa_mask[0]=11111111011111111101111111111110, sa_flags=SA_RESTART|SA_SIGINFO
SIGFPE: [libjvm.so+0x91f140], sa_mask[0]=11111111011111111101111111111110, sa_flags=SA_RESTART|SA_SIGINFO
SIGPIPE: [libjvm.so+0x91f140], sa_mask[0]=11111111011111111101111111111110, sa_flags=SA_RESTART|SA_SIGINFO
SIGXFSZ: [libjvm.so+0x91f140], sa_mask[0]=11111111011111111101111111111110, sa_flags=SA_RESTART|SA_SIGINFO
SIGILL: [libjvm.so+0x91f140], sa_mask[0]=11111111011111111101111111111110, sa_flags=SA_RESTART|SA_SIGINFO
SIGUSR1: SIG_DFL, sa_mask[0]=00000000000000000000000000000000, sa_flags=none
SIGUSR2: [libjvm.so+0x920770], sa_mask[0]=00100000000000000000000000000000, sa_flags=SA_RESTART|SA_SIGINFO
SIGHUP: [libjvm.so+0x921b70], sa_mask[0]=11111111011111111101111111111110, sa_flags=SA_RESTART|SA_SIGINFO
SIGINT: [libjvm.so+0x921b70], sa_mask[0]=11111111011111111101111111111110, sa_flags=SA_RESTART|SA_SIGINFO
SIGTERM: [libjvm.so+0x921b70], sa_mask[0]=11111111011111111101111111111110, sa_flags=SA_RESTART|SA_SIGINFO
SIGQUIT: [libjvm.so+0x921b70], sa_mask[0]=11111111011111111101111111111110, sa_flags=SA_RESTART|SA_SIGINFO


---------------  S Y S T E M  ---------------

OS:DISTRIB_ID=Ubuntu
DISTRIB_RELEASE=16.04
DISTRIB_CODENAME=xenial
DISTRIB_DESCRIPTION="Ubuntu 16.04.1 LTS"

uname:Linux 4.4.0-21-generic #37-Ubuntu SMP Mon Apr 18 18:33:37 UTC 2016 x86_64
libc:glibc 2.23 NPTL 2.23 
rlimit: STACK 8192k, CORE 0k, NPROC 31488, NOFILE 65536, AS infinity
load average:11.01 6.50 3.86

/proc/meminfo:
MemTotal:        8099688 kB
MemFree:           59956 kB
MemAvailable:     172756 kB
Buffers:            3176 kB
Cached:          2154216 kB
SwapCached:            0 kB
Active:          5835460 kB
Inactive:        1973716 kB
Active(anon):    5776172 kB
Inactive(anon):  1927768 kB
Active(file):      59288 kB
Inactive(file):    45948 kB
Unevictable:          48 kB
Mlocked:              48 kB
SwapTotal:             0 kB
SwapFree:              0 kB
Dirty:              2648 kB
Writeback:             0 kB
AnonPages:       5652072 kB
Mapped:           924188 kB
Shmem:           2051832 kB
Slab:              97532 kB
SReclaimable:      49924 kB
SUnreclaim:        47608 kB
KernelStack:       15584 kB
PageTables:        59640 kB
NFS_Unstable:          0 kB
Bounce:                0 kB
WritebackTmp:          0 kB
CommitLimit:     4049844 kB
Committed_AS:   14787268 kB
VmallocTotal:   34359738367 kB
VmallocUsed:           0 kB
VmallocChunk:          0 kB
HardwareCorrupted:     0 kB
AnonHugePages:   3321856 kB
CmaTotal:              0 kB
CmaFree:               0 kB
HugePages_Total:       0
HugePages_Free:        0
HugePages_Rsvd:        0
HugePages_Surp:        0
Hugepagesize:       2048 kB
DirectMap4k:      201408 kB
DirectMap2M:     7063552 kB
DirectMap1G:     2097152 kB


CPU:total 4 (2 cores per cpu, 2 threads per core) family 6 model 60 stepping 3, cmov, cx8, fxsr, mmx, sse, sse2, sse3, ssse3, sse4.1, sse4.2, popcnt, avx, avx2, clmul, erms, lzcnt, ht, tsc, tscinvbit, bmi1, bmi2

/proc/cpuinfo:
processor	: 0
vendor_id	: GenuineIntel
cpu family	: 6
model		: 60
model name	: Intel(R) Core(TM) i3-4000M CPU @ 2.40GHz
stepping	: 3
microcode	: 0x17
cpu MHz		: 2400.000
cache size	: 3072 KB
physical id	: 0
siblings	: 4
core id		: 0
cpu cores	: 2
apicid		: 0
initial apicid	: 0
fpu		: yes
fpu_exception	: yes
cpuid level	: 13
wp		: yes
flags		: fpu vme de pse tsc msr pae mce cx8 apic sep mtrr pge mca cmov pat pse36 clflush dts acpi mmx fxsr sse sse2 ss ht tm pbe syscall nx pdpe1gb rdtscp lm constant_tsc arch_perfmon pebs bts rep_good nopl xtopology nonstop_tsc aperfmperf eagerfpu pni pclmulqdq dtes64 monitor ds_cpl vmx est tm2 ssse3 sdbg fma cx16 xtpr pdcm pcid sse4_1 sse4_2 movbe popcnt tsc_deadline_timer xsave avx f16c rdrand lahf_lm abm epb tpr_shadow vnmi flexpriority ept vpid fsgsbase tsc_adjust bmi1 avx2 smep bmi2 erms invpcid xsaveopt dtherm arat pln pts
bugs		:
bogomips	: 4788.37
clflush size	: 64
cache_alignment	: 64
address sizes	: 39 bits physical, 48 bits virtual
power management:

processor	: 1
vendor_id	: GenuineIntel
cpu family	: 6
model		: 60
model name	: Intel(R) Core(TM) i3-4000M CPU @ 2.40GHz
stepping	: 3
microcode	: 0x17
cpu MHz		: 2400.000
cache size	: 3072 KB
physical id	: 0
siblings	: 4
core id		: 0
cpu cores	: 2
apicid		: 1
initial apicid	: 1
fpu		: yes
fpu_exception	: yes
cpuid level	: 13
wp		: yes
flags		: fpu vme de pse tsc msr pae mce cx8 apic sep mtrr pge mca cmov pat pse36 clflush dts acpi mmx fxsr sse sse2 ss ht tm pbe syscall nx pdpe1gb rdtscp lm constant_tsc arch_perfmon pebs bts rep_good nopl xtopology nonstop_tsc aperfmperf eagerfpu pni pclmulqdq dtes64 monitor ds_cpl vmx est tm2 ssse3 sdbg fma cx16 xtpr pdcm pcid sse4_1 sse4_2 movbe popcnt tsc_deadline_timer xsave avx f16c rdrand lahf_lm abm epb tpr_shadow vnmi flexpriority ept vpid fsgsbase tsc_adjust bmi1 avx2 smep bmi2 erms invpcid xsaveopt dtherm arat pln pts
bugs		:
bogomips	: 4788.37
clflush size	: 64
cache_alignment	: 64
address sizes	: 39 bits physical, 48 bits virtual
power management:

processor	: 2
vendor_id	: GenuineIntel
cpu family	: 6
model		: 60
model name	: Intel(R) Core(TM) i3-4000M CPU @ 2.40GHz
stepping	: 3
microcode	: 0x17
cpu MHz		: 2400.000
cache size	: 3072 KB
physical id	: 0
siblings	: 4
core id		: 1
cpu cores	: 2
apicid		: 2
initial apicid	: 2
fpu		: yes
fpu_exception	: yes
cpuid level	: 13
wp		: yes
flags		: fpu vme de pse tsc msr pae mce cx8 apic sep mtrr pge mca cmov pat pse36 clflush dts acpi mmx fxsr sse sse2 ss ht tm pbe syscall nx pdpe1gb rdtscp lm constant_tsc arch_perfmon pebs bts rep_good nopl xtopology nonstop_tsc aperfmperf eagerfpu pni pclmulqdq dtes64 monitor ds_cpl vmx est tm2 ssse3 sdbg fma cx16 xtpr pdcm pcid sse4_1 sse4_2 movbe popcnt tsc_deadline_timer xsave avx f16c rdrand lahf_lm abm epb tpr_shadow vnmi flexpriority ept vpid fsgsbase tsc_adjust bmi1 avx2 smep bmi2 erms invpcid xsaveopt dtherm arat pln pts
bugs		:
bogomips	: 4788.37
clflush size	: 64
cache_alignment	: 64
address sizes	: 39 bits physical, 48 bits virtual
power management:

processor	: 3
vendor_id	: GenuineIntel
cpu family	: 6
model		: 60
model name	: Intel(R) Core(TM) i3-4000M CPU @ 2.40GHz
stepping	: 3
microcode	: 0x17
cpu MHz		: 2400.000
cache size	: 3072 KB
physical id	: 0
siblings	: 4
core id		: 1
cpu cores	: 2
apicid		: 3
initial apicid	: 3
fpu		: yes
fpu_exception	: yes
cpuid level	: 13
wp		: yes
flags		: fpu vme de pse tsc msr pae mce cx8 apic sep mtrr pge mca cmov pat pse36 clflush dts acpi mmx fxsr sse sse2 ss ht tm pbe syscall nx pdpe1gb rdtscp lm constant_tsc arch_perfmon pebs bts rep_good nopl xtopology nonstop_tsc aperfmperf eagerfpu pni pclmulqdq dtes64 monitor ds_cpl vmx est tm2 ssse3 sdbg fma cx16 xtpr pdcm pcid sse4_1 sse4_2 movbe popcnt tsc_deadline_timer xsave avx f16c rdrand lahf_lm abm epb tpr_shadow vnmi flexpriority ept vpid fsgsbase tsc_adjust bmi1 avx2 smep bmi2 erms invpcid xsaveopt dtherm arat pln pts
bugs		:
bogomips	: 4788.37
clflush size	: 64
cache_alignment	: 64
address sizes	: 39 bits physical, 48 bits virtual
power management:



Memory: 4k page, physical 8099688k(59956k free), swap 0k(0k free)

vm_info: Java HotSpot(TM) 64-Bit Server VM (25.101-b13) for linux-amd64 JRE (1.8.0_101-b13), built on Jun 22 2016 02:59:44 by "java_re" with gcc 4.3.0 20080428 (Red Hat 4.3.0-8)

time: Fri Sep  9 03:00:40 2016
elapsed time: 7 seconds (0d 0h 0m 7s)

