#
# There is insufficient memory for the Java Runtime Environment to continue.
# Native memory allocation (mmap) failed to map 170917888 bytes for committing reserved memory.
# Possible reasons:
#   The system is out of physical RAM or swap space
#   In 32 bit mode, the process size limit was hit
# Possible solutions:
#   Reduce memory load on the system
#   Increase physical memory or swap space
#   Check if swap backing store is full
#   Use 64 bit Java on a 64 bit OS
#   Decrease Java heap size (-Xmx/-Xms)
#   Decrease number of Java threads
#   Decrease Java thread stack sizes (-Xss)
#   Set larger code cache with -XX:ReservedCodeCacheSize=
# This output file may be truncated or incomplete.
#
#  Out of Memory Error (os_linux.cpp:2627), pid=21600, tid=0x00007f7f159f1700
#
# JRE version: Java(TM) SE Runtime Environment (8.0_101-b13) (build 1.8.0_101-b13)
# Java VM: Java HotSpot(TM) 64-Bit Server VM (25.101-b13 mixed mode linux-amd64 compressed oops)
# Failed to write core dump. Core dumps have been disabled. To enable core dumping, try "ulimit -c unlimited" before starting Java again
#

---------------  T H R E A D  ---------------

Current thread (0x00007f7f28078000):  VMThread [stack: 0x00007f7f158f1000,0x00007f7f159f2000] [id=21609]

Stack: [0x00007f7f158f1000,0x00007f7f159f2000],  sp=0x00007f7f159f0120,  free space=1020k
Native frames: (J=compiled Java code, j=interpreted, Vv=VM code, C=native code)
V  [libjvm.so+0xac3f0a]  VMError::report_and_die()+0x2ba
V  [libjvm.so+0x4fbf9b]  report_vm_out_of_memory(char const*, int, unsigned long, VMErrorType, char const*)+0x8b
V  [libjvm.so+0x9222d3]  os::Linux::commit_memory_impl(char*, unsigned long, bool)+0x103
V  [libjvm.so+0x922829]  os::pd_commit_memory(char*, unsigned long, unsigned long, bool)+0x29
V  [libjvm.so+0x91cb2a]  os::commit_memory(char*, unsigned long, unsigned long, bool)+0x2a
V  [libjvm.so+0x991053]  PSVirtualSpace::expand_by(unsigned long)+0x53
V  [libjvm.so+0x992458]  PSYoungGen::resize_generation(unsigned long, unsigned long)+0xf8
V  [libjvm.so+0x9915b2]  PSYoungGen::resize(unsigned long, unsigned long)+0x22
V  [libjvm.so+0x98e88b]  PSScavenge::invoke_no_policy()+0xf3b
V  [libjvm.so+0x98f011]  PSScavenge::invoke()+0x41
V  [libjvm.so+0x945fc0]  ParallelScavengeHeap::failed_mem_allocate(unsigned long)+0x70
V  [libjvm.so+0xac5927]  VM_ParallelGCFailedAllocation::doit()+0x97
V  [libjvm.so+0xacd405]  VM_Operation::evaluate()+0x55
V  [libjvm.so+0xacb7da]  VMThread::evaluate_operation(VM_Operation*)+0xba
V  [libjvm.so+0xacbb5e]  VMThread::loop()+0x1ce
V  [libjvm.so+0xacbfd0]  VMThread::run()+0x70
V  [libjvm.so+0x924698]  java_start(Thread*)+0x108

VM_Operation (0x00007f7f147e4b80): ParallelGCFailedAllocation, mode: safepoint, requested by thread 0x00007f7f28199800


---------------  P R O C E S S  ---------------

Java Threads: ( => current thread )
  0x00007f7f2819c000 JavaThread "pool-1-thread-4" [_thread_blocked, id=21644, stack(0x00007f7f144e4000,0x00007f7f145e5000)]
  0x00007f7f2819a800 JavaThread "pool-1-thread-3" [_thread_blocked, id=21643, stack(0x00007f7f145e5000,0x00007f7f146e6000)]
  0x00007f7f28199800 JavaThread "pool-1-thread-2" [_thread_blocked, id=21641, stack(0x00007f7f146e6000,0x00007f7f147e7000)]
  0x00007f7f28197800 JavaThread "pool-2-thread-1" [_thread_blocked, id=21639, stack(0x00007f7f147e7000,0x00007f7f148e8000)]
  0x00007f7f28195800 JavaThread "pool-1-thread-1" [_thread_blocked, id=21637, stack(0x00007f7f148e8000,0x00007f7f149e9000)]
  0x00007f7f280c0000 JavaThread "Service Thread" daemon [_thread_blocked, id=21616, stack(0x00007f7f14aea000,0x00007f7f14beb000)]
  0x00007f7f280bd000 JavaThread "C1 CompilerThread2" daemon [_thread_blocked, id=21615, stack(0x00007f7f14beb000,0x00007f7f14cec000)]
  0x00007f7f280bb000 JavaThread "C2 CompilerThread1" daemon [_thread_in_native, id=21614, stack(0x00007f7f14cec000,0x00007f7f14ded000)]
  0x00007f7f280b8800 JavaThread "C2 CompilerThread0" daemon [_thread_blocked, id=21613, stack(0x00007f7f14ded000,0x00007f7f14eee000)]
  0x00007f7f280b7000 JavaThread "Signal Dispatcher" daemon [_thread_blocked, id=21612, stack(0x00007f7f14eee000,0x00007f7f14fef000)]
  0x00007f7f28084000 JavaThread "Finalizer" daemon [_thread_blocked, id=21611, stack(0x00007f7f156ef000,0x00007f7f157f0000)]
  0x00007f7f2807f800 JavaThread "Reference Handler" daemon [_thread_blocked, id=21610, stack(0x00007f7f157f0000,0x00007f7f158f1000)]
  0x00007f7f2800a000 JavaThread "main" [_thread_blocked, id=21602, stack(0x00007f7f3004d000,0x00007f7f3014e000)]

Other Threads:
=>0x00007f7f28078000 VMThread [stack: 0x00007f7f158f1000,0x00007f7f159f2000] [id=21609]
  0x00007f7f280c3000 WatcherThread [stack: 0x00007f7f149e9000,0x00007f7f14aea000] [id=21617]

VM state:at safepoint (normal execution)

VM Mutex/Monitor currently owned by a thread:  ([mutex/lock_event])
[0x00007f7f280064b0] Threads_lock - owner thread: 0x00007f7f28078000
[0x00007f7f280069b0] Heap_lock - owner thread: 0x00007f7f28199800

Heap:
 PSYoungGen      total 132096K, used 5091K [0x00000000eab00000, 0x00000000f3100000, 0x0000000100000000)
  eden space 126976K, 0% used [0x00000000eab00000,0x00000000eab00000,0x00000000f2700000)
  from space 5120K, 99% used [0x00000000f2700000,0x00000000f2bf8da0,0x00000000f2c00000)
  to   space 5120K, 0% used [0x00000000f2c00000,0x00000000f2c00000,0x00000000f3100000)
 ParOldGen       total 84992K, used 40291K [0x00000000c0000000, 0x00000000c5300000, 0x00000000eab00000)
  object space 84992K, 47% used [0x00000000c0000000,0x00000000c2758d30,0x00000000c5300000)
 Metaspace       used 6222K, capacity 7128K, committed 7424K, reserved 1056768K
  class space    used 617K, capacity 656K, committed 768K, reserved 1048576K

Card table byte_map: [0x00007f7f2cbf4000,0x00007f7f2cdf5000] byte_map_base: 0x00007f7f2c5f4000

Marking Bits: (ParMarkBitMap*) 0x00007f7f2f51d120
 Begin Bits: [0x00007f7f17000000, 0x00007f7f18000000)
 End Bits:   [0x00007f7f18000000, 0x00007f7f19000000)

Polling page: 0x00007f7f3016c000

CodeCache: size=245760Kb used=6194Kb max_used=6194Kb free=239566Kb
 bounds [0x00007f7f19000000, 0x00007f7f19620000, 0x00007f7f28000000]
 total_blobs=1811 nmethods=1543 adapters=182
 compilation: enabled

Compilation events (10 events):
Event: 7.445 Thread 0x00007f7f280bd000 nmethod 1832 0x00007f7f1960a890 code [0x00007f7f1960ac40, 0x00007f7f1960c198]
Event: 7.445 Thread 0x00007f7f280bd000 1785       2       com.android.dx.cf.iface.StdMember::getName (8 bytes)
Event: 7.446 Thread 0x00007f7f280bd000 nmethod 1785 0x00007f7f1960e450 code [0x00007f7f1960e5a0, 0x00007f7f1960e6f0]
Event: 7.446 Thread 0x00007f7f280bd000 1788       2       java.util.EnumSet::getUniverse (10 bytes)
Event: 7.446 Thread 0x00007f7f280bd000 nmethod 1788 0x00007f7f1960e790 code [0x00007f7f1960e900, 0x00007f7f1960eac8]
Event: 7.446 Thread 0x00007f7f280bd000 1790       2       java.util.EnumSet::noneOf (63 bytes)
Event: 7.447 Thread 0x00007f7f280bd000 nmethod 1790 0x00007f7f1960ec10 code [0x00007f7f1960ee00, 0x00007f7f1960f3e8]
Event: 7.447 Thread 0x00007f7f280bd000 1792       2       java.util.ArrayList::sort (48 bytes)
Event: 7.447 Thread 0x00007f7f280bd000 nmethod 1792 0x00007f7f1960f850 code [0x00007f7f1960f9c0, 0x00007f7f1960fbb8]
Event: 7.447 Thread 0x00007f7f280bd000 1799       2       java.util.Arrays::sort (47 bytes)

GC Heap History (9 events):
Event: 1.673 GC heap before
{Heap before GC invocations=1 (full 0):
 PSYoungGen      total 36864K, used 31744K [0x00000000eab00000, 0x00000000ed400000, 0x0000000100000000)
  eden space 31744K, 100% used [0x00000000eab00000,0x00000000eca00000,0x00000000eca00000)
  from space 5120K, 0% used [0x00000000ecf00000,0x00000000ecf00000,0x00000000ed400000)
  to   space 5120K, 0% used [0x00000000eca00000,0x00000000eca00000,0x00000000ecf00000)
 ParOldGen       total 84992K, used 0K [0x00000000c0000000, 0x00000000c5300000, 0x00000000eab00000)
  object space 84992K, 0% used [0x00000000c0000000,0x00000000c0000000,0x00000000c5300000)
 Metaspace       used 5776K, capacity 6704K, committed 6784K, reserved 1056768K
  class space    used 596K, capacity 616K, committed 640K, reserved 1048576K
Event: 1.714 GC heap after
Heap after GC invocations=1 (full 0):
 PSYoungGen      total 36864K, used 5117K [0x00000000eab00000, 0x00000000ef300000, 0x0000000100000000)
  eden space 31744K, 0% used [0x00000000eab00000,0x00000000eab00000,0x00000000eca00000)
  from space 5120K, 99% used [0x00000000eca00000,0x00000000eceff6b0,0x00000000ecf00000)
  to   space 5120K, 0% used [0x00000000eee00000,0x00000000eee00000,0x00000000ef300000)
 ParOldGen       total 84992K, used 461K [0x00000000c0000000, 0x00000000c5300000, 0x00000000eab00000)
  object space 84992K, 0% used [0x00000000c0000000,0x00000000c0073668,0x00000000c5300000)
 Metaspace       used 5776K, capacity 6704K, committed 6784K, reserved 1056768K
  class space    used 596K, capacity 616K, committed 640K, reserved 1048576K
}
Event: 2.996 GC heap before
{Heap before GC invocations=2 (full 0):
 PSYoungGen      total 36864K, used 36861K [0x00000000eab00000, 0x00000000ef300000, 0x0000000100000000)
  eden space 31744K, 100% used [0x00000000eab00000,0x00000000eca00000,0x00000000eca00000)
  from space 5120K, 99% used [0x00000000eca00000,0x00000000eceff6b0,0x00000000ecf00000)
  to   space 5120K, 0% used [0x00000000eee00000,0x00000000eee00000,0x00000000ef300000)
 ParOldGen       total 84992K, used 461K [0x00000000c0000000, 0x00000000c5300000, 0x00000000eab00000)
  object space 84992K, 0% used [0x00000000c0000000,0x00000000c0073668,0x00000000c5300000)
 Metaspace       used 5853K, capacity 6832K, committed 7040K, reserved 1056768K
  class space    used 597K, capacity 616K, committed 640K, reserved 1048576K
Event: 3.072 GC heap after
Heap after GC invocations=2 (full 0):
 PSYoungGen      total 68608K, used 5097K [0x00000000eab00000, 0x00000000ef300000, 0x0000000100000000)
  eden space 63488K, 0% used [0x00000000eab00000,0x00000000eab00000,0x00000000ee900000)
  from space 5120K, 99% used [0x00000000eee00000,0x00000000ef2fa630,0x00000000ef300000)
  to   space 5120K, 0% used [0x00000000ee900000,0x00000000ee900000,0x00000000eee00000)
 ParOldGen       total 84992K, used 4696K [0x00000000c0000000, 0x00000000c5300000, 0x00000000eab00000)
  object space 84992K, 5% used [0x00000000c0000000,0x00000000c04960b8,0x00000000c5300000)
 Metaspace       used 5853K, capacity 6832K, committed 7040K, reserved 1056768K
  class space    used 597K, capacity 616K, committed 640K, reserved 1048576K
}
Event: 4.524 GC heap before
{Heap before GC invocations=3 (full 0):
 PSYoungGen      total 68608K, used 68585K [0x00000000eab00000, 0x00000000ef300000, 0x0000000100000000)
  eden space 63488K, 100% used [0x00000000eab00000,0x00000000ee900000,0x00000000ee900000)
  from space 5120K, 99% used [0x00000000eee00000,0x00000000ef2fa630,0x00000000ef300000)
  to   space 5120K, 0% used [0x00000000ee900000,0x00000000ee900000,0x00000000eee00000)
 ParOldGen       total 84992K, used 4696K [0x00000000c0000000, 0x00000000c5300000, 0x00000000eab00000)
  object space 84992K, 5% used [0x00000000c0000000,0x00000000c04960b8,0x00000000c5300000)
 Metaspace       used 5933K, capacity 6896K, committed 7040K, reserved 1056768K
  class space    used 597K, capacity 616K, committed 640K, reserved 1048576K
Event: 4.681 GC heap after
Heap after GC invocations=3 (full 0):
 PSYoungGen      total 68608K, used 5110K [0x00000000eab00000, 0x00000000f3100000, 0x0000000100000000)
  eden space 63488K, 0% used [0x00000000eab00000,0x00000000eab00000,0x00000000ee900000)
  from space 5120K, 99% used [0x00000000ee900000,0x00000000eedfdb50,0x00000000eee00000)
  to   space 5120K, 0% used [0x00000000f2c00000,0x00000000f2c00000,0x00000000f3100000)
 ParOldGen       total 84992K, used 13437K [0x00000000c0000000, 0x00000000c5300000, 0x00000000eab00000)
  object space 84992K, 15% used [0x00000000c0000000,0x00000000c0d1f7d8,0x00000000c5300000)
 Metaspace       used 5933K, capacity 6896K, committed 7040K, reserved 1056768K
  class space    used 597K, capacity 616K, committed 640K, reserved 1048576K
}
Event: 5.716 GC heap before
{Heap before GC invocations=4 (full 0):
 PSYoungGen      total 68608K, used 68598K [0x00000000eab00000, 0x00000000f3100000, 0x0000000100000000)
  eden space 63488K, 100% used [0x00000000eab00000,0x00000000ee900000,0x00000000ee900000)
  from space 5120K, 99% used [0x00000000ee900000,0x00000000eedfdb50,0x00000000eee00000)
  to   space 5120K, 0% used [0x00000000f2c00000,0x00000000f2c00000,0x00000000f3100000)
 ParOldGen       total 84992K, used 13437K [0x00000000c0000000, 0x00000000c5300000, 0x00000000eab00000)
  object space 84992K, 15% used [0x00000000c0000000,0x00000000c0d1f7d8,0x00000000c5300000)
 Metaspace       used 5957K, capacity 6896K, committed 7040K, reserved 1056768K
  class space    used 597K, capacity 616K, committed 640K, reserved 1048576K
Event: 5.866 GC heap after
Heap after GC invocations=4 (full 0):
 PSYoungGen      total 132096K, used 5098K [0x00000000eab00000, 0x00000000f3100000, 0x0000000100000000)
  eden space 126976K, 0% used [0x00000000eab00000,0x00000000eab00000,0x00000000f2700000)
  from space 5120K, 99% used [0x00000000f2c00000,0x00000000f30fab20,0x00000000f3100000)
  to   space 5120K, 0% used [0x00000000f2700000,0x00000000f2700000,0x00000000f2c00000)
 ParOldGen       total 84992K, used 22611K [0x00000000c0000000, 0x00000000c5300000, 0x00000000eab00000)
  object space 84992K, 26% used [0x00000000c0000000,0x00000000c1614ec0,0x00000000c5300000)
 Metaspace       used 5957K, capacity 6896K, committed 7040K, reserved 1056768K
  class space    used 597K, capacity 616K, committed 640K, reserved 1048576K
}
Event: 7.468 GC heap before
{Heap before GC invocations=5 (full 0):
 PSYoungGen      total 132096K, used 132074K [0x00000000eab00000, 0x00000000f3100000, 0x0000000100000000)
  eden space 126976K, 100% used [0x00000000eab00000,0x00000000f2700000,0x00000000f2700000)
  from space 5120K, 99% used [0x00000000f2c00000,0x00000000f30fab20,0x00000000f3100000)
  to   space 5120K, 0% used [0x00000000f2700000,0x00000000f2700000,0x00000000f2c00000)
 ParOldGen       total 84992K, used 22611K [0x00000000c0000000, 0x00000000c5300000, 0x00000000eab00000)
  object space 84992K, 26% used [0x00000000c0000000,0x00000000c1614ec0,0x00000000c5300000)
 Metaspace       used 6222K, capacity 7128K, committed 7424K, reserved 1056768K
  class space    used 617K, capacity 656K, committed 768K, reserved 1048576K

Deoptimization events (10 events):
Event: 2.869 Thread 0x00007f7f2819c000 Uncommon trap: reason=unstable_if action=reinterpret pc=0x00007f7f192285dc method=com.android.dx.rop.cst.Constant.compareTo(Lcom/android/dx/rop/cst/Constant;)I @ 12
Event: 3.191 Thread 0x00007f7f2800a000 Uncommon trap: reason=unstable_if action=reinterpret pc=0x00007f7f191cf3a8 method=java.lang.String.<init>([CII)V @ 18
Event: 4.022 Thread 0x00007f7f28199800 Uncommon trap: reason=unstable_if action=reinterpret pc=0x00007f7f193a9144 method=com.android.dx.util.IntList.binarysearch(I)I @ 105
Event: 4.050 Thread 0x00007f7f2800a000 Uncommon trap: reason=unstable_if action=reinterpret pc=0x00007f7f19329cfc method=com.android.dx.ssa.SsaMethod.updateOneDefinition(Lcom/android/dx/ssa/SsaInsn;Lcom/android/dx/rop/code/RegisterSpec;)V @ 4
Event: 5.503 Thread 0x00007f7f2800a000 Uncommon trap: reason=unstable_if action=reinterpret pc=0x00007f7f194bd174 method=com.android.dx.ssa.SCCP.simulateStmt(Lcom/android/dx/ssa/SsaInsn;)V @ 59
Event: 5.875 Thread 0x00007f7f28199800 Uncommon trap: reason=unstable_if action=reinterpret pc=0x00007f7f19323c58 method=java.util.HashMap.putVal(ILjava/lang/Object;Ljava/lang/Object;ZZ)Ljava/lang/Object; @ 162
Event: 5.916 Thread 0x00007f7f28195800 Uncommon trap: reason=unstable_if action=reinterpret pc=0x00007f7f19446af4 method=java.util.HashMap.putVal(ILjava/lang/Object;Ljava/lang/Object;ZZ)Ljava/lang/Object; @ 162
Event: 5.993 Thread 0x00007f7f2819c000 Uncommon trap: reason=unstable_if action=reinterpret pc=0x00007f7f19237134 method=java.util.HashMap.getNode(ILjava/lang/Object;)Ljava/util/HashMap$Node; @ 84
Event: 6.250 Thread 0x00007f7f2819c000 Uncommon trap: reason=bimorphic action=maybe_recompile pc=0x00007f7f194f560c method=com.android.dx.ssa.LiteralOpUpgrader.tryReplacingWithConstant(Lcom/android/dx/ssa/NormalSsaInsn;)Z @ 62
Event: 6.358 Thread 0x00007f7f28199800 Uncommon trap: reason=unstable_if action=reinterpret pc=0x00007f7f194a3f80 method=com.android.dx.ssa.MoveParamCombiner$1.visitNonMoveInsn(Lcom/android/dx/ssa/NormalSsaInsn;)V @ 27

Internal exceptions (6 events):
Event: 0.100 Thread 0x00007f7f2800a000 Exception <a 'java/lang/NoSuchMethodError': Method sun.misc.Unsafe.defineClass(Ljava/lang/String;[BII)Ljava/lang/Class; name or signature does not match> (0x00000000eab07cc0) thrown at [/HUDSON3/workspace/8-2-build-linux-amd64/jdk8u101/7261/hotspot/src/sh
Event: 0.100 Thread 0x00007f7f2800a000 Exception <a 'java/lang/NoSuchMethodError': Method sun.misc.Unsafe.prefetchRead(Ljava/lang/Object;J)V name or signature does not match> (0x00000000eab07fa8) thrown at [/HUDSON3/workspace/8-2-build-linux-amd64/jdk8u101/7261/hotspot/src/share/vm/prims/jni.c
Event: 2.353 Thread 0x00007f7f28195800 Implicit null exception at 0x00007f7f1929ebdc to 0x00007f7f192a1b69
Event: 5.880 Thread 0x00007f7f28199800 Exception <a 'java/lang/ArrayIndexOutOfBoundsException': 18> (0x00000000eabfce80) thrown at [/HUDSON3/workspace/8-2-build-linux-amd64/jdk8u101/7261/hotspot/src/share/vm/interpreter/interpreterRuntime.cpp, line 366]
Event: 5.884 Thread 0x00007f7f28199800 Exception <a 'java/lang/ArrayIndexOutOfBoundsException': 145> (0x00000000eabfea00) thrown at [/HUDSON3/workspace/8-2-build-linux-amd64/jdk8u101/7261/hotspot/src/share/vm/interpreter/interpreterRuntime.cpp, line 366]
Event: 5.885 Thread 0x00007f7f28199800 Exception <a 'java/lang/ArrayIndexOutOfBoundsException': 40> (0x00000000eabffce8) thrown at [/HUDSON3/workspace/8-2-build-linux-amd64/jdk8u101/7261/hotspot/src/share/vm/interpreter/interpreterRuntime.cpp, line 366]

Events (10 events):
Event: 7.098 Thread 0x00007f7f28195800 DEOPT UNPACKING pc=0x00007f7f19047633 sp=0x00007f7f149e6cc0 mode 0
Event: 7.333 Thread 0x00007f7f2819c000 DEOPT PACKING pc=0x00007f7f1946e189 sp=0x00007f7f145e3140
Event: 7.333 Thread 0x00007f7f2819c000 DEOPT UNPACKING pc=0x00007f7f19047633 sp=0x00007f7f145e2f20 mode 0
Event: 7.337 Thread 0x00007f7f28195800 DEOPT PACKING pc=0x00007f7f194fedc5 sp=0x00007f7f149e6cb0
Event: 7.337 Thread 0x00007f7f28195800 DEOPT UNPACKING pc=0x00007f7f19047633 sp=0x00007f7f149e6a80 mode 0
Event: 7.391 Thread 0x00007f7f2819a800 DEOPT PACKING pc=0x00007f7f1937c9ec sp=0x00007f7f146e42a0
Event: 7.391 Thread 0x00007f7f2819a800 DEOPT UNPACKING pc=0x00007f7f19047633 sp=0x00007f7f146e3fa0 mode 0
Event: 7.420 Thread 0x00007f7f28199800 DEOPT PACKING pc=0x00007f7f1920dfb9 sp=0x00007f7f147e4e00
Event: 7.420 Thread 0x00007f7f28199800 DEOPT UNPACKING pc=0x00007f7f19047633 sp=0x00007f7f147e4b50 mode 0
Event: 7.456 Executing VM operation: ParallelGCFailedAllocation


Dynamic libraries:
00400000-00401000 r-xp 00000000 08:12 3279766                            /home/eric/program/jdk/bin/java
00600000-00601000 rw-p 00000000 08:12 3279766                            /home/eric/program/jdk/bin/java
02308000-02329000 rw-p 00000000 00:00 0                                  [heap]
c0000000-c5300000 rw-p 00000000 00:00 0 
c5300000-eab00000 ---p 00000000 00:00 0 
eab00000-f3100000 rw-p 00000000 00:00 0 
fd400000-100000000 ---p 00000000 00:00 0 
100000000-1000c0000 rw-p 00000000 00:00 0 
1000c0000-140000000 ---p 00000000 00:00 0 
7f7ec8000000-7f7ec8021000 rw-p 00000000 00:00 0 
7f7ec8021000-7f7ecc000000 ---p 00000000 00:00 0 
7f7ed0000000-7f7ed0021000 rw-p 00000000 00:00 0 
7f7ed0021000-7f7ed4000000 ---p 00000000 00:00 0 
7f7ed4000000-7f7ed4034000 rw-p 00000000 00:00 0 
7f7ed4034000-7f7ed8000000 ---p 00000000 00:00 0 
7f7ed8000000-7f7ed802e000 rw-p 00000000 00:00 0 
7f7ed802e000-7f7edc000000 ---p 00000000 00:00 0 
7f7edc000000-7f7edc021000 rw-p 00000000 00:00 0 
7f7edc021000-7f7ee0000000 ---p 00000000 00:00 0 
7f7ee0000000-7f7ee0021000 rw-p 00000000 00:00 0 
7f7ee0021000-7f7ee4000000 ---p 00000000 00:00 0 
7f7ee4000000-7f7ee4021000 rw-p 00000000 00:00 0 
7f7ee4021000-7f7ee8000000 ---p 00000000 00:00 0 
7f7ee8000000-7f7ee86c0000 rw-p 00000000 00:00 0 
7f7ee86c0000-7f7eec000000 ---p 00000000 00:00 0 
7f7eec000000-7f7eec739000 rw-p 00000000 00:00 0 
7f7eec739000-7f7ef0000000 ---p 00000000 00:00 0 
7f7ef0000000-7f7ef0021000 rw-p 00000000 00:00 0 
7f7ef0021000-7f7ef4000000 ---p 00000000 00:00 0 
7f7ef4000000-7f7ef4539000 rw-p 00000000 00:00 0 
7f7ef4539000-7f7ef8000000 ---p 00000000 00:00 0 
7f7ef8000000-7f7ef8021000 rw-p 00000000 00:00 0 
7f7ef8021000-7f7efc000000 ---p 00000000 00:00 0 
7f7efc000000-7f7efc021000 rw-p 00000000 00:00 0 
7f7efc021000-7f7f00000000 ---p 00000000 00:00 0 
7f7f00000000-7f7f00021000 rw-p 00000000 00:00 0 
7f7f00021000-7f7f04000000 ---p 00000000 00:00 0 
7f7f04000000-7f7f04291000 rw-p 00000000 00:00 0 
7f7f04291000-7f7f08000000 ---p 00000000 00:00 0 
7f7f08000000-7f7f08021000 rw-p 00000000 00:00 0 
7f7f08021000-7f7f0c000000 ---p 00000000 00:00 0 
7f7f0c000000-7f7f0c021000 rw-p 00000000 00:00 0 
7f7f0c021000-7f7f10000000 ---p 00000000 00:00 0 
7f7f10000000-7f7f10021000 rw-p 00000000 00:00 0 
7f7f10021000-7f7f14000000 ---p 00000000 00:00 0 
7f7f144e4000-7f7f144e7000 ---p 00000000 00:00 0 
7f7f144e7000-7f7f145e5000 rw-p 00000000 00:00 0 
7f7f145e5000-7f7f145e8000 ---p 00000000 00:00 0 
7f7f145e8000-7f7f146e6000 rw-p 00000000 00:00 0 
7f7f146e6000-7f7f146e9000 ---p 00000000 00:00 0 
7f7f146e9000-7f7f147e7000 rw-p 00000000 00:00 0 
7f7f147e7000-7f7f147ea000 ---p 00000000 00:00 0 
7f7f147ea000-7f7f148e8000 rw-p 00000000 00:00 0 
7f7f148e8000-7f7f148eb000 ---p 00000000 00:00 0 
7f7f148eb000-7f7f149e9000 rw-p 00000000 00:00 0 
7f7f149e9000-7f7f149ea000 ---p 00000000 00:00 0 
7f7f149ea000-7f7f14aea000 rw-p 00000000 00:00 0 
7f7f14aea000-7f7f14aed000 ---p 00000000 00:00 0 
7f7f14aed000-7f7f14beb000 rw-p 00000000 00:00 0 
7f7f14beb000-7f7f14bee000 ---p 00000000 00:00 0 
7f7f14bee000-7f7f14cec000 rw-p 00000000 00:00 0 
7f7f14cec000-7f7f14cef000 ---p 00000000 00:00 0 
7f7f14cef000-7f7f14ded000 rw-p 00000000 00:00 0 
7f7f14ded000-7f7f14df0000 ---p 00000000 00:00 0 
7f7f14df0000-7f7f14eee000 rw-p 00000000 00:00 0 
7f7f14eee000-7f7f14ef1000 ---p 00000000 00:00 0 
7f7f14ef1000-7f7f14fef000 rw-p 00000000 00:00 0 
7f7f14fef000-7f7f156ef000 r--p 00000000 08:12 925954                     /usr/lib/locale/locale-archive
7f7f156ef000-7f7f156f2000 ---p 00000000 00:00 0 
7f7f156f2000-7f7f157f0000 rw-p 00000000 00:00 0 
7f7f157f0000-7f7f157f3000 ---p 00000000 00:00 0 
7f7f157f3000-7f7f158f1000 rw-p 00000000 00:00 0 
7f7f158f1000-7f7f158f2000 ---p 00000000 00:00 0 
7f7f158f2000-7f7f16e80000 rw-p 00000000 00:00 0 
7f7f16e80000-7f7f17000000 ---p 00000000 00:00 0 
7f7f17000000-7f7f19000000 rw-p 00000000 00:00 0 
7f7f19000000-7f7f19620000 rwxp 00000000 00:00 0 
7f7f19620000-7f7f28000000 ---p 00000000 00:00 0 
7f7f28000000-7f7f283df000 rw-p 00000000 00:00 0 
7f7f283df000-7f7f2c000000 ---p 00000000 00:00 0 
7f7f2c04a000-7f7f2c051000 r--s 00000000 08:12 1181748                    /usr/lib/x86_64-linux-gnu/gconv/gconv-modules.cache
7f7f2c051000-7f7f2c072000 r--p 00000000 08:12 1707293                    /usr/share/locale-langpack/zh_CN/LC_MESSAGES/libc.mo
7f7f2c072000-7f7f2c07c000 r--s 00097000 08:12 4200597                    /home/eric/project/AndroidStudioProjects/TimeTable/app/build/intermediates/exploded-aar/com.android.support/appcompat-v7/24.1.1/jars/classes.jar
7f7f2c07c000-7f7f2c08a000 r--s 000e0000 08:12 3809999                    /home/eric/Android/Sdk/build-tools/24.0.0/lib/dx.jar
7f7f2c08a000-7f7f2c098000 r--s 0007f000 08:12 3289987                    /home/eric/program/jdk/jre/lib/ext/commons-collections-3.2.1.jar
7f7f2c098000-7f7f2c24b000 rw-p 00000000 00:00 0 
7f7f2c24b000-7f7f2c424000 r--s 03d29000 08:12 3279842                    /home/eric/program/jdk/jre/lib/rt.jar
7f7f2c424000-7f7f2c69a000 rw-p 00000000 00:00 0 
7f7f2c69a000-7f7f2c69b000 ---p 00000000 00:00 0 
7f7f2c69b000-7f7f2c79b000 rw-p 00000000 00:00 0 
7f7f2c79b000-7f7f2c79c000 ---p 00000000 00:00 0 
7f7f2c79c000-7f7f2c89c000 rw-p 00000000 00:00 0 
7f7f2c89c000-7f7f2c89d000 ---p 00000000 00:00 0 
7f7f2c89d000-7f7f2c99d000 rw-p 00000000 00:00 0 
7f7f2c99d000-7f7f2c99e000 ---p 00000000 00:00 0 
7f7f2c99e000-7f7f2cac8000 rw-p 00000000 00:00 0 
7f7f2cac8000-7f7f2cbf4000 ---p 00000000 00:00 0 
7f7f2cbf4000-7f7f2cc1e000 rw-p 00000000 00:00 0 
7f7f2cc1e000-7f7f2cd49000 ---p 00000000 00:00 0 
7f7f2cd49000-7f7f2cd8d000 rw-p 00000000 00:00 0 
7f7f2cd8d000-7f7f2cdf4000 ---p 00000000 00:00 0 
7f7f2cdf4000-7f7f2ce0e000 rw-p 00000000 00:00 0 
7f7f2ce0e000-7f7f2d1b5000 ---p 00000000 00:00 0 
7f7f2d1b5000-7f7f2d1cf000 r-xp 00000000 08:12 3279871                    /home/eric/program/jdk/jre/lib/amd64/libzip.so
7f7f2d1cf000-7f7f2d3cf000 ---p 0001a000 08:12 3279871                    /home/eric/program/jdk/jre/lib/amd64/libzip.so
7f7f2d3cf000-7f7f2d3d0000 rw-p 0001a000 08:12 3279871                    /home/eric/program/jdk/jre/lib/amd64/libzip.so
7f7f2d3d0000-7f7f2d3db000 r-xp 00000000 08:12 5378649                    /lib/x86_64-linux-gnu/libnss_files-2.23.so
7f7f2d3db000-7f7f2d5da000 ---p 0000b000 08:12 5378649                    /lib/x86_64-linux-gnu/libnss_files-2.23.so
7f7f2d5da000-7f7f2d5db000 r--p 0000a000 08:12 5378649                    /lib/x86_64-linux-gnu/libnss_files-2.23.so
7f7f2d5db000-7f7f2d5dc000 rw-p 0000b000 08:12 5378649                    /lib/x86_64-linux-gnu/libnss_files-2.23.so
7f7f2d5dc000-7f7f2d5e2000 rw-p 00000000 00:00 0 
7f7f2d5e2000-7f7f2d5ed000 r-xp 00000000 08:12 5378660                    /lib/x86_64-linux-gnu/libnss_nis-2.23.so
7f7f2d5ed000-7f7f2d7ec000 ---p 0000b000 08:12 5378660                    /lib/x86_64-linux-gnu/libnss_nis-2.23.so
7f7f2d7ec000-7f7f2d7ed000 r--p 0000a000 08:12 5378660                    /lib/x86_64-linux-gnu/libnss_nis-2.23.so
7f7f2d7ed000-7f7f2d7ee000 rw-p 0000b000 08:12 5378660                    /lib/x86_64-linux-gnu/libnss_nis-2.23.so
7f7f2d7ee000-7f7f2d804000 r-xp 00000000 08:12 5378643                    /lib/x86_64-linux-gnu/libnsl-2.23.so
7f7f2d804000-7f7f2da03000 ---p 00016000 08:12 5378643                    /lib/x86_64-linux-gnu/libnsl-2.23.so
7f7f2da03000-7f7f2da04000 r--p 00015000 08:12 5378643                    /lib/x86_64-linux-gnu/libnsl-2.23.so
7f7f2da04000-7f7f2da05000 rw-p 00016000 08:12 5378643                    /lib/x86_64-linux-gnu/libnsl-2.23.so
7f7f2da05000-7f7f2da07000 rw-p 00000000 00:00 0 
7f7f2da07000-7f7f2da0f000 r-xp 00000000 08:12 5378645                    /lib/x86_64-linux-gnu/libnss_compat-2.23.so
7f7f2da0f000-7f7f2dc0e000 ---p 00008000 08:12 5378645                    /lib/x86_64-linux-gnu/libnss_compat-2.23.so
7f7f2dc0e000-7f7f2dc0f000 r--p 00007000 08:12 5378645                    /lib/x86_64-linux-gnu/libnss_compat-2.23.so
7f7f2dc0f000-7f7f2dc10000 rw-p 00008000 08:12 5378645                    /lib/x86_64-linux-gnu/libnss_compat-2.23.so
7f7f2dc10000-7f7f2dc3a000 r-xp 00000000 08:12 3279897                    /home/eric/program/jdk/jre/lib/amd64/libjava.so
7f7f2dc3a000-7f7f2de3a000 ---p 0002a000 08:12 3279897                    /home/eric/program/jdk/jre/lib/amd64/libjava.so
7f7f2de3a000-7f7f2de3c000 rw-p 0002a000 08:12 3279897                    /home/eric/program/jdk/jre/lib/amd64/libjava.so
7f7f2de3c000-7f7f2de49000 r-xp 00000000 08:12 3279851                    /home/eric/program/jdk/jre/lib/amd64/libverify.so
7f7f2de49000-7f7f2e049000 ---p 0000d000 08:12 3279851                    /home/eric/program/jdk/jre/lib/amd64/libverify.so
7f7f2e049000-7f7f2e04b000 rw-p 0000d000 08:12 3279851                    /home/eric/program/jdk/jre/lib/amd64/libverify.so
7f7f2e04b000-7f7f2e052000 r-xp 00000000 08:12 5378705                    /lib/x86_64-linux-gnu/librt-2.23.so
7f7f2e052000-7f7f2e251000 ---p 00007000 08:12 5378705                    /lib/x86_64-linux-gnu/librt-2.23.so
7f7f2e251000-7f7f2e252000 r--p 00006000 08:12 5378705                    /lib/x86_64-linux-gnu/librt-2.23.so
7f7f2e252000-7f7f2e253000 rw-p 00007000 08:12 5378705                    /lib/x86_64-linux-gnu/librt-2.23.so
7f7f2e253000-7f7f2e35b000 r-xp 00000000 08:12 5378622                    /lib/x86_64-linux-gnu/libm-2.23.so
7f7f2e35b000-7f7f2e55a000 ---p 00108000 08:12 5378622                    /lib/x86_64-linux-gnu/libm-2.23.so
7f7f2e55a000-7f7f2e55b000 r--p 00107000 08:12 5378622                    /lib/x86_64-linux-gnu/libm-2.23.so
7f7f2e55b000-7f7f2e55c000 rw-p 00108000 08:12 5378622                    /lib/x86_64-linux-gnu/libm-2.23.so
7f7f2e55c000-7f7f2f227000 r-xp 00000000 08:12 3279901                    /home/eric/program/jdk/jre/lib/amd64/server/libjvm.so
7f7f2f227000-7f7f2f426000 ---p 00ccb000 08:12 3279901                    /home/eric/program/jdk/jre/lib/amd64/server/libjvm.so
7f7f2f426000-7f7f2f4ff000 rw-p 00cca000 08:12 3279901                    /home/eric/program/jdk/jre/lib/amd64/server/libjvm.so
7f7f2f4ff000-7f7f2f54a000 rw-p 00000000 00:00 0 
7f7f2f54a000-7f7f2f70a000 r-xp 00000000 08:12 5378554                    /lib/x86_64-linux-gnu/libc-2.23.so
7f7f2f70a000-7f7f2f909000 ---p 001c0000 08:12 5378554                    /lib/x86_64-linux-gnu/libc-2.23.so
7f7f2f909000-7f7f2f90d000 r--p 001bf000 08:12 5378554                    /lib/x86_64-linux-gnu/libc-2.23.so
7f7f2f90d000-7f7f2f90f000 rw-p 001c3000 08:12 5378554                    /lib/x86_64-linux-gnu/libc-2.23.so
7f7f2f90f000-7f7f2f913000 rw-p 00000000 00:00 0 
7f7f2f913000-7f7f2f916000 r-xp 00000000 08:12 5378576                    /lib/x86_64-linux-gnu/libdl-2.23.so
7f7f2f916000-7f7f2fb15000 ---p 00003000 08:12 5378576                    /lib/x86_64-linux-gnu/libdl-2.23.so
7f7f2fb15000-7f7f2fb16000 r--p 00002000 08:12 5378576                    /lib/x86_64-linux-gnu/libdl-2.23.so
7f7f2fb16000-7f7f2fb17000 rw-p 00003000 08:12 5378576                    /lib/x86_64-linux-gnu/libdl-2.23.so
7f7f2fb17000-7f7f2fb2c000 r-xp 00000000 08:12 3278985                    /home/eric/program/jdk/lib/amd64/jli/libjli.so
7f7f2fb2c000-7f7f2fd2c000 ---p 00015000 08:12 3278985                    /home/eric/program/jdk/lib/amd64/jli/libjli.so
7f7f2fd2c000-7f7f2fd2d000 rw-p 00015000 08:12 3278985                    /home/eric/program/jdk/lib/amd64/jli/libjli.so
7f7f2fd2d000-7f7f2fd45000 r-xp 00000000 08:12 5378697                    /lib/x86_64-linux-gnu/libpthread-2.23.so
7f7f2fd45000-7f7f2ff44000 ---p 00018000 08:12 5378697                    /lib/x86_64-linux-gnu/libpthread-2.23.so
7f7f2ff44000-7f7f2ff45000 r--p 00017000 08:12 5378697                    /lib/x86_64-linux-gnu/libpthread-2.23.so
7f7f2ff45000-7f7f2ff46000 rw-p 00018000 08:12 5378697                    /lib/x86_64-linux-gnu/libpthread-2.23.so
7f7f2ff46000-7f7f2ff4a000 rw-p 00000000 00:00 0 
7f7f2ff4a000-7f7f2ff70000 r-xp 00000000 08:12 5378526                    /lib/x86_64-linux-gnu/ld-2.23.so
7f7f2ff74000-7f7f3004d000 rw-p 00000000 00:00 0 
7f7f3004d000-7f7f30050000 ---p 00000000 00:00 0 
7f7f30050000-7f7f30152000 rw-p 00000000 00:00 0 
7f7f30152000-7f7f30157000 r--s 00035000 08:12 3290011                    /home/eric/program/jdk/jre/lib/ext/commons-beanutils-1.9.2.jar
7f7f30157000-7f7f30161000 r--s 000e8000 08:12 3289072                    /home/eric/program/jdk/jre/lib/ext/mysql-connector-java-5.1.39-bin.jar
7f7f30161000-7f7f30163000 r--s 0000d000 08:12 3290171                    /home/eric/program/jdk/jre/lib/ext/commons-logging-1.1.1.jar
7f7f30163000-7f7f3016b000 rw-s 00000000 08:12 2756417                    /tmp/hsperfdata_eric/21600
7f7f3016b000-7f7f3016c000 rw-p 00000000 00:00 0 
7f7f3016c000-7f7f3016d000 ---p 00000000 00:00 0 
7f7f3016d000-7f7f3016f000 rw-p 00000000 00:00 0 
7f7f3016f000-7f7f30170000 r--p 00025000 08:12 5378526                    /lib/x86_64-linux-gnu/ld-2.23.so
7f7f30170000-7f7f30171000 rw-p 00026000 08:12 5378526                    /lib/x86_64-linux-gnu/ld-2.23.so
7f7f30171000-7f7f30172000 rw-p 00000000 00:00 0 
7ffd7d590000-7ffd7d5b1000 rw-p 00000000 00:00 0                          [stack]
7ffd7d5f0000-7ffd7d5f2000 r--p 00000000 00:00 0                          [vvar]
7ffd7d5f2000-7ffd7d5f4000 r-xp 00000000 00:00 0                          [vdso]
ffffffffff600000-ffffffffff601000 r-xp 00000000 00:00 0                  [vsyscall]

VM Arguments:
jvm_args: -Djava.awt.headless=true -Xmx1024M -Dfile.encoding=UTF-8 -Duser.country=CN -Duser.language=zh -Duser.variant 
java_command: com.android.dx.command.Main --dex --num-threads=4 --output /home/eric/project/AndroidStudioProjects/TimeTable/app/build/intermediates/pre-dexed/debug/com.android.support-appcompat-v7-24.1.1_c9c1c0164b37324f6d1386a85aa94a4be79903f4.jar /home/eric/project/AndroidStudioProjects/TimeTable/app/build/intermediates/exploded-aar/com.android.support/appcompat-v7/24.1.1/jars/classes.jar
java_class_path (initial): /home/eric/Android/Sdk/build-tools/24.0.0/lib/dx.jar
Launcher Type: SUN_STANDARD

Environment Variables:
JAVA_HOME=/home/eric/program/jdk
PATH=/usr/local/sbin:/usr/local/bin:/usr/sbin:/usr/bin:/sbin:/bin:/usr/games:/usr/local/games:/snap/bin
USERNAME=eric
LD_LIBRARY_PATH=/home/eric/program/android-studio/bin:
SHELL=/bin/bash
DISPLAY=:1

Signal Handlers:
SIGSEGV: [libjvm.so+0xac4790], sa_mask[0]=11111111011111111101111111111110, sa_flags=SA_RESTART|SA_SIGINFO
SIGBUS: [libjvm.so+0xac4790], sa_mask[0]=11111111011111111101111111111110, sa_flags=SA_RESTART|SA_SIGINFO
SIGFPE: [libjvm.so+0x91f140], sa_mask[0]=11111111011111111101111111111110, sa_flags=SA_RESTART|SA_SIGINFO
SIGPIPE: [libjvm.so+0x91f140], sa_mask[0]=11111111011111111101111111111110, sa_flags=SA_RESTART|SA_SIGINFO
SIGXFSZ: [libjvm.so+0x91f140], sa_mask[0]=11111111011111111101111111111110, sa_flags=SA_RESTART|SA_SIGINFO
SIGILL: [libjvm.so+0x91f140], sa_mask[0]=11111111011111111101111111111110, sa_flags=SA_RESTART|SA_SIGINFO
SIGUSR1: SIG_DFL, sa_mask[0]=00000000000000000000000000000000, sa_flags=none
SIGUSR2: [libjvm.so+0x920770], sa_mask[0]=00100000000000000000000000000000, sa_flags=SA_RESTART|SA_SIGINFO
SIGHUP: [libjvm.so+0x921b70], sa_mask[0]=11111111011111111101111111111110, sa_flags=SA_RESTART|SA_SIGINFO
SIGINT: [libjvm.so+0x921b70], sa_mask[0]=11111111011111111101111111111110, sa_flags=SA_RESTART|SA_SIGINFO
SIGTERM: [libjvm.so+0x921b70], sa_mask[0]=11111111011111111101111111111110, sa_flags=SA_RESTART|SA_SIGINFO
SIGQUIT: [libjvm.so+0x921b70], sa_mask[0]=11111111011111111101111111111110, sa_flags=SA_RESTART|SA_SIGINFO


---------------  S Y S T E M  ---------------

OS:DISTRIB_ID=Ubuntu
DISTRIB_RELEASE=16.04
DISTRIB_CODENAME=xenial
DISTRIB_DESCRIPTION="Ubuntu 16.04.1 LTS"

uname:Linux 4.4.0-21-generic #37-Ubuntu SMP Mon Apr 18 18:33:37 UTC 2016 x86_64
libc:glibc 2.23 NPTL 2.23 
rlimit: STACK 8192k, CORE 0k, NPROC 31488, NOFILE 65536, AS infinity
load average:6.76 3.03 2.63

/proc/meminfo:
MemTotal:        8099688 kB
MemFree:           58332 kB
MemAvailable:     133400 kB
Buffers:            1476 kB
Cached:          2065132 kB
SwapCached:            0 kB
Active:          5962012 kB
Inactive:        1847160 kB
Active(anon):    5920756 kB
Inactive(anon):  1822752 kB
Active(file):      41256 kB
Inactive(file):    24408 kB
Unevictable:          96 kB
Mlocked:              96 kB
SwapTotal:             0 kB
SwapFree:              0 kB
Dirty:              1428 kB
Writeback:             0 kB
AnonPages:       5742664 kB
Mapped:           699460 kB
Shmem:           2000992 kB
Slab:              99744 kB
SReclaimable:      51764 kB
SUnreclaim:        47980 kB
KernelStack:       15536 kB
PageTables:        59464 kB
NFS_Unstable:          0 kB
Bounce:                0 kB
WritebackTmp:          0 kB
CommitLimit:     4049844 kB
Committed_AS:   15031568 kB
VmallocTotal:   34359738367 kB
VmallocUsed:           0 kB
VmallocChunk:          0 kB
HardwareCorrupted:     0 kB
AnonHugePages:   2543616 kB
CmaTotal:              0 kB
CmaFree:               0 kB
HugePages_Total:       0
HugePages_Free:        0
HugePages_Rsvd:        0
HugePages_Surp:        0
Hugepagesize:       2048 kB
DirectMap4k:      205504 kB
DirectMap2M:     8108032 kB
DirectMap1G:     1048576 kB


CPU:total 4 (2 cores per cpu, 2 threads per core) family 6 model 60 stepping 3, cmov, cx8, fxsr, mmx, sse, sse2, sse3, ssse3, sse4.1, sse4.2, popcnt, avx, avx2, clmul, erms, lzcnt, ht, tsc, tscinvbit, bmi1, bmi2

/proc/cpuinfo:
processor	: 0
vendor_id	: GenuineIntel
cpu family	: 6
model		: 60
model name	: Intel(R) Core(TM) i3-4000M CPU @ 2.40GHz
stepping	: 3
microcode	: 0x17
cpu MHz		: 2400.000
cache size	: 3072 KB
physical id	: 0
siblings	: 4
core id		: 0
cpu cores	: 2
apicid		: 0
initial apicid	: 0
fpu		: yes
fpu_exception	: yes
cpuid level	: 13
wp		: yes
flags		: fpu vme de pse tsc msr pae mce cx8 apic sep mtrr pge mca cmov pat pse36 clflush dts acpi mmx fxsr sse sse2 ss ht tm pbe syscall nx pdpe1gb rdtscp lm constant_tsc arch_perfmon pebs bts rep_good nopl xtopology nonstop_tsc aperfmperf eagerfpu pni pclmulqdq dtes64 monitor ds_cpl vmx est tm2 ssse3 sdbg fma cx16 xtpr pdcm pcid sse4_1 sse4_2 movbe popcnt tsc_deadline_timer xsave avx f16c rdrand lahf_lm abm epb tpr_shadow vnmi flexpriority ept vpid fsgsbase tsc_adjust bmi1 avx2 smep bmi2 erms invpcid xsaveopt dtherm arat pln pts
bugs		:
bogomips	: 4789.14
clflush size	: 64
cache_alignment	: 64
address sizes	: 39 bits physical, 48 bits virtual
power management:

processor	: 1
vendor_id	: GenuineIntel
cpu family	: 6
model		: 60
model name	: Intel(R) Core(TM) i3-4000M CPU @ 2.40GHz
stepping	: 3
microcode	: 0x17
cpu MHz		: 2400.000
cache size	: 3072 KB
physical id	: 0
siblings	: 4
core id		: 0
cpu cores	: 2
apicid		: 1
initial apicid	: 1
fpu		: yes
fpu_exception	: yes
cpuid level	: 13
wp		: yes
flags		: fpu vme de pse tsc msr pae mce cx8 apic sep mtrr pge mca cmov pat pse36 clflush dts acpi mmx fxsr sse sse2 ss ht tm pbe syscall nx pdpe1gb rdtscp lm constant_tsc arch_perfmon pebs bts rep_good nopl xtopology nonstop_tsc aperfmperf eagerfpu pni pclmulqdq dtes64 monitor ds_cpl vmx est tm2 ssse3 sdbg fma cx16 xtpr pdcm pcid sse4_1 sse4_2 movbe popcnt tsc_deadline_timer xsave avx f16c rdrand lahf_lm abm epb tpr_shadow vnmi flexpriority ept vpid fsgsbase tsc_adjust bmi1 avx2 smep bmi2 erms invpcid xsaveopt dtherm arat pln pts
bugs		:
bogomips	: 4789.14
clflush size	: 64
cache_alignment	: 64
address sizes	: 39 bits physical, 48 bits virtual
power management:

processor	: 2
vendor_id	: GenuineIntel
cpu family	: 6
model		: 60
model name	: Intel(R) Core(TM) i3-4000M CPU @ 2.40GHz
stepping	: 3
microcode	: 0x17
cpu MHz		: 2400.000
cache size	: 3072 KB
physical id	: 0
siblings	: 4
core id		: 1
cpu cores	: 2
apicid		: 2
initial apicid	: 2
fpu		: yes
fpu_exception	: yes
cpuid level	: 13
wp		: yes
flags		: fpu vme de pse tsc msr pae mce cx8 apic sep mtrr pge mca cmov pat pse36 clflush dts acpi mmx fxsr sse sse2 ss ht tm pbe syscall nx pdpe1gb rdtscp lm constant_tsc arch_perfmon pebs bts rep_good nopl xtopology nonstop_tsc aperfmperf eagerfpu pni pclmulqdq dtes64 monitor ds_cpl vmx est tm2 ssse3 sdbg fma cx16 xtpr pdcm pcid sse4_1 sse4_2 movbe popcnt tsc_deadline_timer xsave avx f16c rdrand lahf_lm abm epb tpr_shadow vnmi flexpriority ept vpid fsgsbase tsc_adjust bmi1 avx2 smep bmi2 erms invpcid xsaveopt dtherm arat pln pts
bugs		:
bogomips	: 4789.14
clflush size	: 64
cache_alignment	: 64
address sizes	: 39 bits physical, 48 bits virtual
power management:

processor	: 3
vendor_id	: GenuineIntel
cpu family	: 6
model		: 60
model name	: Intel(R) Core(TM) i3-4000M CPU @ 2.40GHz
stepping	: 3
microcode	: 0x17
cpu MHz		: 2400.000
cache size	: 3072 KB
physical id	: 0
siblings	: 4
core id		: 1
cpu cores	: 2
apicid		: 3
initial apicid	: 3
fpu		: yes
fpu_exception	: yes
cpuid level	: 13
wp		: yes
flags		: fpu vme de pse tsc msr pae mce cx8 apic sep mtrr pge mca cmov pat pse36 clflush dts acpi mmx fxsr sse sse2 ss ht tm pbe syscall nx pdpe1gb rdtscp lm constant_tsc arch_perfmon pebs bts rep_good nopl xtopology nonstop_tsc aperfmperf eagerfpu pni pclmulqdq dtes64 monitor ds_cpl vmx est tm2 ssse3 sdbg fma cx16 xtpr pdcm pcid sse4_1 sse4_2 movbe popcnt tsc_deadline_timer xsave avx f16c rdrand lahf_lm abm epb tpr_shadow vnmi flexpriority ept vpid fsgsbase tsc_adjust bmi1 avx2 smep bmi2 erms invpcid xsaveopt dtherm arat pln pts
bugs		:
bogomips	: 4789.14
clflush size	: 64
cache_alignment	: 64
address sizes	: 39 bits physical, 48 bits virtual
power management:



Memory: 4k page, physical 8099688k(58332k free), swap 0k(0k free)

vm_info: Java HotSpot(TM) 64-Bit Server VM (25.101-b13) for linux-amd64 JRE (1.8.0_101-b13), built on Jun 22 2016 02:59:44 by "java_re" with gcc 4.3.0 20080428 (Red Hat 4.3.0-8)

time: Thu Sep 15 17:43:28 2016
elapsed time: 7 seconds (0d 0h 0m 7s)

