#
# There is insufficient memory for the Java Runtime Environment to continue.
# Native memory allocation (mmap) failed to map 170917888 bytes for committing reserved memory.
# Possible reasons:
#   The system is out of physical RAM or swap space
#   In 32 bit mode, the process size limit was hit
# Possible solutions:
#   Reduce memory load on the system
#   Increase physical memory or swap space
#   Check if swap backing store is full
#   Use 64 bit Java on a 64 bit OS
#   Decrease Java heap size (-Xmx/-Xms)
#   Decrease number of Java threads
#   Decrease Java thread stack sizes (-Xss)
#   Set larger code cache with -XX:ReservedCodeCacheSize=
# This output file may be truncated or incomplete.
#
#  Out of Memory Error (os_linux.cpp:2627), pid=21170, tid=0x00007f54e4113700
#
# JRE version: Java(TM) SE Runtime Environment (8.0_101-b13) (build 1.8.0_101-b13)
# Java VM: Java HotSpot(TM) 64-Bit Server VM (25.101-b13 mixed mode linux-amd64 compressed oops)
# Failed to write core dump. Core dumps have been disabled. To enable core dumping, try "ulimit -c unlimited" before starting Java again
#

---------------  T H R E A D  ---------------

Current thread (0x00007f54e0078000):  VMThread [stack: 0x00007f54e4013000,0x00007f54e4114000] [id=21179]

Stack: [0x00007f54e4013000,0x00007f54e4114000],  sp=0x00007f54e4112020,  free space=1020k
Native frames: (J=compiled Java code, j=interpreted, Vv=VM code, C=native code)
V  [libjvm.so+0xac3f0a]  VMError::report_and_die()+0x2ba
V  [libjvm.so+0x4fbf9b]  report_vm_out_of_memory(char const*, int, unsigned long, VMErrorType, char const*)+0x8b
V  [libjvm.so+0x9222d3]  os::Linux::commit_memory_impl(char*, unsigned long, bool)+0x103
V  [libjvm.so+0x922829]  os::pd_commit_memory(char*, unsigned long, unsigned long, bool)+0x29
V  [libjvm.so+0x91cb2a]  os::commit_memory(char*, unsigned long, unsigned long, bool)+0x2a
V  [libjvm.so+0x991053]  PSVirtualSpace::expand_by(unsigned long)+0x53
V  [libjvm.so+0x992458]  PSYoungGen::resize_generation(unsigned long, unsigned long)+0xf8
V  [libjvm.so+0x9915b2]  PSYoungGen::resize(unsigned long, unsigned long)+0x22
V  [libjvm.so+0x98e88b]  PSScavenge::invoke_no_policy()+0xf3b
V  [libjvm.so+0x98f011]  PSScavenge::invoke()+0x41
V  [libjvm.so+0x945fc0]  ParallelScavengeHeap::failed_mem_allocate(unsigned long)+0x70
V  [libjvm.so+0xac5927]  VM_ParallelGCFailedAllocation::doit()+0x97
V  [libjvm.so+0xacd405]  VM_Operation::evaluate()+0x55
V  [libjvm.so+0xacb7da]  VMThread::evaluate_operation(VM_Operation*)+0xba
V  [libjvm.so+0xacbb5e]  VMThread::loop()+0x1ce
V  [libjvm.so+0xacbfd0]  VMThread::run()+0x70
V  [libjvm.so+0x924698]  java_start(Thread*)+0x108

VM_Operation (0x00007f54ce0dd8f0): ParallelGCFailedAllocation, mode: safepoint, requested by thread 0x00007f54e0186800


---------------  P R O C E S S  ---------------

Java Threads: ( => current thread )
  0x00007f54e018f800 JavaThread "pool-1-thread-4" [_thread_blocked, id=21229, stack(0x00007f54cdbdb000,0x00007f54cdcdc000)]
  0x00007f54e018e000 JavaThread "pool-1-thread-3" [_thread_blocked, id=21226, stack(0x00007f54cdcdc000,0x00007f54cdddd000)]
  0x00007f54e018c800 JavaThread "pool-1-thread-2" [_thread_blocked, id=21224, stack(0x00007f54cdddd000,0x00007f54cdede000)]
  0x00007f54e018b000 JavaThread "pool-2-thread-1" [_thread_blocked, id=21223, stack(0x00007f54cdede000,0x00007f54cdfdf000)]
  0x00007f54e0186800 JavaThread "pool-1-thread-1" [_thread_blocked, id=21222, stack(0x00007f54cdfdf000,0x00007f54ce0e0000)]
  0x00007f54e00c0000 JavaThread "Service Thread" daemon [_thread_blocked, id=21193, stack(0x00007f54ce1f9000,0x00007f54ce2fa000)]
  0x00007f54e00bd000 JavaThread "C1 CompilerThread2" daemon [_thread_blocked, id=21191, stack(0x00007f54ce2fa000,0x00007f54ce3fb000)]
  0x00007f54e00bb000 JavaThread "C2 CompilerThread1" daemon [_thread_blocked, id=21190, stack(0x00007f54ce3fb000,0x00007f54ce4fc000)]
  0x00007f54e00b8800 JavaThread "C2 CompilerThread0" daemon [_thread_blocked, id=21189, stack(0x00007f54ce4fc000,0x00007f54ce5fd000)]
  0x00007f54e00b7000 JavaThread "Signal Dispatcher" daemon [_thread_blocked, id=21188, stack(0x00007f54ce5fd000,0x00007f54ce6fe000)]
  0x00007f54e0084000 JavaThread "Finalizer" daemon [_thread_blocked, id=21181, stack(0x00007f54cedfe000,0x00007f54ceeff000)]
  0x00007f54e007f800 JavaThread "Reference Handler" daemon [_thread_blocked, id=21180, stack(0x00007f54ceeff000,0x00007f54cf000000)]
  0x00007f54e000a000 JavaThread "main" [_thread_blocked, id=21173, stack(0x00007f54e96d7000,0x00007f54e97d8000)]

Other Threads:
=>0x00007f54e0078000 VMThread [stack: 0x00007f54e4013000,0x00007f54e4114000] [id=21179]
  0x00007f54e00c3800 WatcherThread [stack: 0x00007f54ce0f8000,0x00007f54ce1f9000] [id=21195]

VM state:at safepoint (normal execution)

VM Mutex/Monitor currently owned by a thread:  ([mutex/lock_event])
[0x00007f54e00064b0] Threads_lock - owner thread: 0x00007f54e0078000
[0x00007f54e00069b0] Heap_lock - owner thread: 0x00007f54e0186800

Heap:
 PSYoungGen      total 132096K, used 5094K [0x00000000eab00000, 0x00000000f3100000, 0x0000000100000000)
  eden space 126976K, 0% used [0x00000000eab00000,0x00000000eab00000,0x00000000f2700000)
  from space 5120K, 99% used [0x00000000f2700000,0x00000000f2bf9808,0x00000000f2c00000)
  to   space 5120K, 0% used [0x00000000f2c00000,0x00000000f2c00000,0x00000000f3100000)
 ParOldGen       total 84992K, used 41416K [0x00000000c0000000, 0x00000000c5300000, 0x00000000eab00000)
  object space 84992K, 48% used [0x00000000c0000000,0x00000000c2872290,0x00000000c5300000)
 Metaspace       used 6247K, capacity 7128K, committed 7424K, reserved 1056768K
  class space    used 617K, capacity 656K, committed 768K, reserved 1048576K

Card table byte_map: [0x00007f54e627e000,0x00007f54e647f000] byte_map_base: 0x00007f54e5c7e000

Marking Bits: (ParMarkBitMap*) 0x00007f54e8ba7120
 Begin Bits: [0x00007f54cf000000, 0x00007f54d0000000)
 End Bits:   [0x00007f54d0000000, 0x00007f54d1000000)

Polling page: 0x00007f54e97f6000

CodeCache: size=245760Kb used=6431Kb max_used=6431Kb free=239328Kb
 bounds [0x00007f54d1000000, 0x00007f54d1650000, 0x00007f54e0000000]
 total_blobs=1900 nmethods=1631 adapters=182
 compilation: enabled

Compilation events (10 events):
Event: 7.369 Thread 0x00007f54e00bd000 nmethod 1957 0x00007f54d1645750 code [0x00007f54d1645a20, 0x00007f54d1646638]
Event: 7.369 Thread 0x00007f54e00bd000 1954       2       com.android.dx.dex.cf.CfTranslator::translate0 (259 bytes)
Event: 7.393 Thread 0x00007f54e00bd000 nmethod 1954 0x00007f54d1647510 code [0x00007f54d1647800, 0x00007f54d16485b8]
Event: 7.393 Thread 0x00007f54e00bd000 1967       2       com.android.dx.ssa.PhiInsn::updateSourcesToDefinitions (68 bytes)
Event: 7.402 Thread 0x00007f54e00bd000 nmethod 1967 0x00007f54d16499d0 code [0x00007f54d1649b80, 0x00007f54d1649f58]
Event: 7.402 Thread 0x00007f54e00bd000 1969       2       com.android.dx.ssa.back.FirstFitLocalCombiningAllocator::getLocalItemForReg (97 bytes)
Event: 7.403 Thread 0x00007f54e00bd000 nmethod 1969 0x00007f54d164a310 code [0x00007f54d164a500, 0x00007f54d164aa18]
Event: 7.403 Thread 0x00007f54e00bd000 1959       2       com.android.dx.dex.code.RopTranslator::<init> (190 bytes)
Event: 7.405 Thread 0x00007f54e00bd000 nmethod 1959 0x00007f54d164ad90 code [0x00007f54d164af60, 0x00007f54d164b6d8]
Event: 7.405 Thread 0x00007f54e00bd000 1960   !   2       java.lang.Class::getEnumConstantsShared (73 bytes)

GC Heap History (9 events):
Event: 1.740 GC heap before
{Heap before GC invocations=1 (full 0):
 PSYoungGen      total 36864K, used 31744K [0x00000000eab00000, 0x00000000ed400000, 0x0000000100000000)
  eden space 31744K, 100% used [0x00000000eab00000,0x00000000eca00000,0x00000000eca00000)
  from space 5120K, 0% used [0x00000000ecf00000,0x00000000ecf00000,0x00000000ed400000)
  to   space 5120K, 0% used [0x00000000eca00000,0x00000000eca00000,0x00000000ecf00000)
 ParOldGen       total 84992K, used 0K [0x00000000c0000000, 0x00000000c5300000, 0x00000000eab00000)
  object space 84992K, 0% used [0x00000000c0000000,0x00000000c0000000,0x00000000c5300000)
 Metaspace       used 5790K, capacity 6768K, committed 7040K, reserved 1056768K
  class space    used 596K, capacity 616K, committed 640K, reserved 1048576K
Event: 1.796 GC heap after
Heap after GC invocations=1 (full 0):
 PSYoungGen      total 36864K, used 5091K [0x00000000eab00000, 0x00000000ef300000, 0x0000000100000000)
  eden space 31744K, 0% used [0x00000000eab00000,0x00000000eab00000,0x00000000eca00000)
  from space 5120K, 99% used [0x00000000eca00000,0x00000000ecef8d30,0x00000000ecf00000)
  to   space 5120K, 0% used [0x00000000eee00000,0x00000000eee00000,0x00000000ef300000)
 ParOldGen       total 84992K, used 910K [0x00000000c0000000, 0x00000000c5300000, 0x00000000eab00000)
  object space 84992K, 1% used [0x00000000c0000000,0x00000000c00e3828,0x00000000c5300000)
 Metaspace       used 5790K, capacity 6768K, committed 7040K, reserved 1056768K
  class space    used 596K, capacity 616K, committed 640K, reserved 1048576K
}
Event: 2.871 GC heap before
{Heap before GC invocations=2 (full 0):
 PSYoungGen      total 36864K, used 36835K [0x00000000eab00000, 0x00000000ef300000, 0x0000000100000000)
  eden space 31744K, 100% used [0x00000000eab00000,0x00000000eca00000,0x00000000eca00000)
  from space 5120K, 99% used [0x00000000eca00000,0x00000000ecef8d30,0x00000000ecf00000)
  to   space 5120K, 0% used [0x00000000eee00000,0x00000000eee00000,0x00000000ef300000)
 ParOldGen       total 84992K, used 910K [0x00000000c0000000, 0x00000000c5300000, 0x00000000eab00000)
  object space 84992K, 1% used [0x00000000c0000000,0x00000000c00e3828,0x00000000c5300000)
 Metaspace       used 5847K, capacity 6832K, committed 7040K, reserved 1056768K
  class space    used 597K, capacity 616K, committed 640K, reserved 1048576K
Event: 2.943 GC heap after
Heap after GC invocations=2 (full 0):
 PSYoungGen      total 68608K, used 5092K [0x00000000eab00000, 0x00000000ef300000, 0x0000000100000000)
  eden space 63488K, 0% used [0x00000000eab00000,0x00000000eab00000,0x00000000ee900000)
  from space 5120K, 99% used [0x00000000eee00000,0x00000000ef2f90d8,0x00000000ef300000)
  to   space 5120K, 0% used [0x00000000ee900000,0x00000000ee900000,0x00000000eee00000)
 ParOldGen       total 84992K, used 5443K [0x00000000c0000000, 0x00000000c5300000, 0x00000000eab00000)
  object space 84992K, 6% used [0x00000000c0000000,0x00000000c0550cf0,0x00000000c5300000)
 Metaspace       used 5847K, capacity 6832K, committed 7040K, reserved 1056768K
  class space    used 597K, capacity 616K, committed 640K, reserved 1048576K
}
Event: 4.473 GC heap before
{Heap before GC invocations=3 (full 0):
 PSYoungGen      total 68608K, used 68580K [0x00000000eab00000, 0x00000000ef300000, 0x0000000100000000)
  eden space 63488K, 100% used [0x00000000eab00000,0x00000000ee900000,0x00000000ee900000)
  from space 5120K, 99% used [0x00000000eee00000,0x00000000ef2f90d8,0x00000000ef300000)
  to   space 5120K, 0% used [0x00000000ee900000,0x00000000ee900000,0x00000000eee00000)
 ParOldGen       total 84992K, used 5443K [0x00000000c0000000, 0x00000000c5300000, 0x00000000eab00000)
  object space 84992K, 6% used [0x00000000c0000000,0x00000000c0550cf0,0x00000000c5300000)
 Metaspace       used 5921K, capacity 6896K, committed 7040K, reserved 1056768K
  class space    used 597K, capacity 616K, committed 640K, reserved 1048576K
Event: 4.634 GC heap after
Heap after GC invocations=3 (full 0):
 PSYoungGen      total 68608K, used 5110K [0x00000000eab00000, 0x00000000f3100000, 0x0000000100000000)
  eden space 63488K, 0% used [0x00000000eab00000,0x00000000eab00000,0x00000000ee900000)
  from space 5120K, 99% used [0x00000000ee900000,0x00000000eedfdbe0,0x00000000eee00000)
  to   space 5120K, 0% used [0x00000000f2c00000,0x00000000f2c00000,0x00000000f3100000)
 ParOldGen       total 84992K, used 13726K [0x00000000c0000000, 0x00000000c5300000, 0x00000000eab00000)
  object space 84992K, 16% used [0x00000000c0000000,0x00000000c0d67a78,0x00000000c5300000)
 Metaspace       used 5921K, capacity 6896K, committed 7040K, reserved 1056768K
  class space    used 597K, capacity 616K, committed 640K, reserved 1048576K
}
Event: 5.524 GC heap before
{Heap before GC invocations=4 (full 0):
 PSYoungGen      total 68608K, used 68598K [0x00000000eab00000, 0x00000000f3100000, 0x0000000100000000)
  eden space 63488K, 100% used [0x00000000eab00000,0x00000000ee900000,0x00000000ee900000)
  from space 5120K, 99% used [0x00000000ee900000,0x00000000eedfdbe0,0x00000000eee00000)
  to   space 5120K, 0% used [0x00000000f2c00000,0x00000000f2c00000,0x00000000f3100000)
 ParOldGen       total 84992K, used 13726K [0x00000000c0000000, 0x00000000c5300000, 0x00000000eab00000)
  object space 84992K, 16% used [0x00000000c0000000,0x00000000c0d67a78,0x00000000c5300000)
 Metaspace       used 5946K, capacity 6896K, committed 7040K, reserved 1056768K
  class space    used 597K, capacity 616K, committed 640K, reserved 1048576K
Event: 5.686 GC heap after
Heap after GC invocations=4 (full 0):
 PSYoungGen      total 132096K, used 5115K [0x00000000eab00000, 0x00000000f3100000, 0x0000000100000000)
  eden space 126976K, 0% used [0x00000000eab00000,0x00000000eab00000,0x00000000f2700000)
  from space 5120K, 99% used [0x00000000f2c00000,0x00000000f30fef08,0x00000000f3100000)
  to   space 5120K, 0% used [0x00000000f2700000,0x00000000f2700000,0x00000000f2c00000)
 ParOldGen       total 84992K, used 22707K [0x00000000c0000000, 0x00000000c5300000, 0x00000000eab00000)
  object space 84992K, 26% used [0x00000000c0000000,0x00000000c162ced8,0x00000000c5300000)
 Metaspace       used 5946K, capacity 6896K, committed 7040K, reserved 1056768K
  class space    used 597K, capacity 616K, committed 640K, reserved 1048576K
}
Event: 7.414 GC heap before
{Heap before GC invocations=5 (full 0):
 PSYoungGen      total 132096K, used 132091K [0x00000000eab00000, 0x00000000f3100000, 0x0000000100000000)
  eden space 126976K, 100% used [0x00000000eab00000,0x00000000f2700000,0x00000000f2700000)
  from space 5120K, 99% used [0x00000000f2c00000,0x00000000f30fef08,0x00000000f3100000)
  to   space 5120K, 0% used [0x00000000f2700000,0x00000000f2700000,0x00000000f2c00000)
 ParOldGen       total 84992K, used 22707K [0x00000000c0000000, 0x00000000c5300000, 0x00000000eab00000)
  object space 84992K, 26% used [0x00000000c0000000,0x00000000c162ced8,0x00000000c5300000)
 Metaspace       used 6247K, capacity 7128K, committed 7424K, reserved 1056768K
  class space    used 617K, capacity 656K, committed 768K, reserved 1048576K

Deoptimization events (10 events):
Event: 2.765 Thread 0x00007f54e0186800 Uncommon trap: reason=unstable_if action=reinterpret pc=0x00007f54d127c4dc method=com.android.dx.rop.cst.Constant.compareTo(Lcom/android/dx/rop/cst/Constant;)I @ 12
Event: 3.768 Thread 0x00007f54e000a000 Uncommon trap: reason=unstable_if action=reinterpret pc=0x00007f54d137c3c4 method=com.android.dx.util.IntList.binarysearch(I)I @ 105
Event: 4.170 Thread 0x00007f54e018e000 Uncommon trap: reason=unstable_if action=reinterpret pc=0x00007f54d1365b7c method=com.android.dx.ssa.SsaMethod.updateOneDefinition(Lcom/android/dx/ssa/SsaInsn;Lcom/android/dx/rop/code/RegisterSpec;)V @ 4
Event: 5.731 Thread 0x00007f54e0186800 Uncommon trap: reason=unstable_if action=reinterpret pc=0x00007f54d129b17c method=java.util.HashMap.putVal(ILjava/lang/Object;Ljava/lang/Object;ZZ)Ljava/lang/Object; @ 162
Event: 5.775 Thread 0x00007f54e018c800 Uncommon trap: reason=unstable_if action=reinterpret pc=0x00007f54d1359dac method=java.util.HashMap.getNode(ILjava/lang/Object;)Ljava/util/HashMap$Node; @ 84
Event: 5.775 Thread 0x00007f54e018c800 Uncommon trap: reason=unstable_if action=reinterpret pc=0x00007f54d13a8ce4 method=java.util.HashMap.putVal(ILjava/lang/Object;Ljava/lang/Object;ZZ)Ljava/lang/Object; @ 162
Event: 5.775 Thread 0x00007f54e018c800 Uncommon trap: reason=unstable_if action=reinterpret pc=0x00007f54d1233174 method=java.util.HashMap.getNode(ILjava/lang/Object;)Ljava/util/HashMap$Node; @ 84
Event: 5.805 Thread 0x00007f54e018c800 Uncommon trap: reason=unstable_if action=reinterpret pc=0x00007f54d150ac90 method=com.android.dx.ssa.SCCP.simulateStmt(Lcom/android/dx/ssa/SsaInsn;)V @ 59
Event: 6.722 Thread 0x00007f54e0186800 Uncommon trap: reason=unstable_if action=reinterpret pc=0x00007f54d1359108 method=com.android.dx.dex.code.OutputFinisher.hasLocalInfo(Lcom/android/dx/dex/code/DalvInsn;)Z @ 24
Event: 7.260 Thread 0x00007f54e0186800 Uncommon trap: reason=unstable_if action=reinterpret pc=0x00007f54d15dc1f4 method=com.android.dx.ssa.SCCP.simulateBranch(Lcom/android/dx/ssa/SsaInsn;)V @ 548

Internal exceptions (6 events):
Event: 0.039 Thread 0x00007f54e000a000 Exception <a 'java/lang/NoSuchMethodError': Method sun.misc.Unsafe.defineClass(Ljava/lang/String;[BII)Ljava/lang/Class; name or signature does not match> (0x00000000eab07cc0) thrown at [/HUDSON3/workspace/8-2-build-linux-amd64/jdk8u101/7261/hotspot/src/sh
Event: 0.039 Thread 0x00007f54e000a000 Exception <a 'java/lang/NoSuchMethodError': Method sun.misc.Unsafe.prefetchRead(Ljava/lang/Object;J)V name or signature does not match> (0x00000000eab07fa8) thrown at [/HUDSON3/workspace/8-2-build-linux-amd64/jdk8u101/7261/hotspot/src/share/vm/prims/jni.c
Event: 2.349 Thread 0x00007f54e018c800 Implicit null exception at 0x00007f54d12b48bd to 0x00007f54d12b793d
Event: 5.732 Thread 0x00007f54e0186800 Exception <a 'java/lang/ArrayIndexOutOfBoundsException': 18> (0x00000000eb00ec20) thrown at [/HUDSON3/workspace/8-2-build-linux-amd64/jdk8u101/7261/hotspot/src/share/vm/interpreter/interpreterRuntime.cpp, line 366]
Event: 5.733 Thread 0x00007f54e0186800 Exception <a 'java/lang/ArrayIndexOutOfBoundsException': 145> (0x00000000eb0107a0) thrown at [/HUDSON3/workspace/8-2-build-linux-amd64/jdk8u101/7261/hotspot/src/share/vm/interpreter/interpreterRuntime.cpp, line 366]
Event: 5.769 Thread 0x00007f54e0186800 Exception <a 'java/lang/ArrayIndexOutOfBoundsException': 40> (0x00000000eb011a88) thrown at [/HUDSON3/workspace/8-2-build-linux-amd64/jdk8u101/7261/hotspot/src/share/vm/interpreter/interpreterRuntime.cpp, line 366]

Events (10 events):
Event: 7.260 Thread 0x00007f54e0186800 Uncommon trap: trap_request=0xffffff65 fr.pc=0x00007f54d15dc1f4
Event: 7.260 Thread 0x00007f54e0186800 DEOPT PACKING pc=0x00007f54d15dc1f4 sp=0x00007f54ce0ddb90
Event: 7.260 Thread 0x00007f54e0186800 DEOPT UNPACKING pc=0x00007f54d1005229 sp=0x00007f54ce0ddb98 mode 2
Event: 7.266 Thread 0x00007f54e018e000 DEOPT PACKING pc=0x00007f54d1383c2c sp=0x00007f54cdddb140
Event: 7.266 Thread 0x00007f54e018e000 DEOPT UNPACKING pc=0x00007f54d1047633 sp=0x00007f54cdddae40 mode 0
Event: 7.361 Thread 0x00007f54e018f800 DEOPT PACKING pc=0x00007f54d1514d5f sp=0x00007f54cdcd9fe0
Event: 7.361 Thread 0x00007f54e018f800 DEOPT UNPACKING pc=0x00007f54d1047633 sp=0x00007f54cdcd9d78 mode 0
Event: 7.372 Thread 0x00007f54e018e000 DEOPT PACKING pc=0x00007f54d1235220 sp=0x00007f54cdddae80
Event: 7.372 Thread 0x00007f54e018e000 DEOPT UNPACKING pc=0x00007f54d1047633 sp=0x00007f54cdddac38 mode 0
Event: 7.408 Executing VM operation: ParallelGCFailedAllocation


Dynamic libraries:
00400000-00401000 r-xp 00000000 08:12 3279766                            /home/eric/program/jdk/bin/java
00600000-00601000 rw-p 00000000 08:12 3279766                            /home/eric/program/jdk/bin/java
020e7000-02108000 rw-p 00000000 00:00 0                                  [heap]
c0000000-c5300000 rw-p 00000000 00:00 0 
c5300000-eab00000 ---p 00000000 00:00 0 
eab00000-f3100000 rw-p 00000000 00:00 0 
fd400000-100000000 ---p 00000000 00:00 0 
100000000-1000c0000 rw-p 00000000 00:00 0 
1000c0000-140000000 ---p 00000000 00:00 0 
7f5480000000-7f5480030000 rw-p 00000000 00:00 0 
7f5480030000-7f5484000000 ---p 00000000 00:00 0 
7f5488000000-7f5488021000 rw-p 00000000 00:00 0 
7f5488021000-7f548c000000 ---p 00000000 00:00 0 
7f548c000000-7f548c021000 rw-p 00000000 00:00 0 
7f548c021000-7f5490000000 ---p 00000000 00:00 0 
7f5490000000-7f5490021000 rw-p 00000000 00:00 0 
7f5490021000-7f5494000000 ---p 00000000 00:00 0 
7f5494000000-7f5494021000 rw-p 00000000 00:00 0 
7f5494021000-7f5498000000 ---p 00000000 00:00 0 
7f5498000000-7f5498021000 rw-p 00000000 00:00 0 
7f5498021000-7f549c000000 ---p 00000000 00:00 0 
7f549c000000-7f549c021000 rw-p 00000000 00:00 0 
7f549c021000-7f54a0000000 ---p 00000000 00:00 0 
7f54a0000000-7f54a0582000 rw-p 00000000 00:00 0 
7f54a0582000-7f54a4000000 ---p 00000000 00:00 0 
7f54a4000000-7f54a4927000 rw-p 00000000 00:00 0 
7f54a4927000-7f54a8000000 ---p 00000000 00:00 0 
7f54a8000000-7f54a8021000 rw-p 00000000 00:00 0 
7f54a8021000-7f54ac000000 ---p 00000000 00:00 0 
7f54ac000000-7f54ac52f000 rw-p 00000000 00:00 0 
7f54ac52f000-7f54b0000000 ---p 00000000 00:00 0 
7f54b0000000-7f54b0021000 rw-p 00000000 00:00 0 
7f54b0021000-7f54b4000000 ---p 00000000 00:00 0 
7f54b4000000-7f54b4021000 rw-p 00000000 00:00 0 
7f54b4021000-7f54b8000000 ---p 00000000 00:00 0 
7f54b8000000-7f54b8021000 rw-p 00000000 00:00 0 
7f54b8021000-7f54bc000000 ---p 00000000 00:00 0 
7f54bc000000-7f54bc291000 rw-p 00000000 00:00 0 
7f54bc291000-7f54c0000000 ---p 00000000 00:00 0 
7f54c0000000-7f54c0021000 rw-p 00000000 00:00 0 
7f54c0021000-7f54c4000000 ---p 00000000 00:00 0 
7f54c4000000-7f54c4021000 rw-p 00000000 00:00 0 
7f54c4021000-7f54c8000000 ---p 00000000 00:00 0 
7f54c8000000-7f54c8021000 rw-p 00000000 00:00 0 
7f54c8021000-7f54cc000000 ---p 00000000 00:00 0 
7f54cdbb3000-7f54cdbba000 r--s 00000000 08:12 1181748                    /usr/lib/x86_64-linux-gnu/gconv/gconv-modules.cache
7f54cdbba000-7f54cdbdb000 r--p 00000000 08:12 1707293                    /usr/share/locale-langpack/zh_CN/LC_MESSAGES/libc.mo
7f54cdbdb000-7f54cdbde000 ---p 00000000 00:00 0 
7f54cdbde000-7f54cdcdc000 rw-p 00000000 00:00 0 
7f54cdcdc000-7f54cdcdf000 ---p 00000000 00:00 0 
7f54cdcdf000-7f54cdddd000 rw-p 00000000 00:00 0 
7f54cdddd000-7f54cdde0000 ---p 00000000 00:00 0 
7f54cdde0000-7f54cdede000 rw-p 00000000 00:00 0 
7f54cdede000-7f54cdee1000 ---p 00000000 00:00 0 
7f54cdee1000-7f54cdfdf000 rw-p 00000000 00:00 0 
7f54cdfdf000-7f54cdfe2000 ---p 00000000 00:00 0 
7f54cdfe2000-7f54ce0e0000 rw-p 00000000 00:00 0 
7f54ce0e0000-7f54ce0ea000 r--s 00097000 08:12 4200584                    /home/eric/project/AndroidStudioProjects/TimeTable/app/build/intermediates/exploded-aar/com.android.support/appcompat-v7/24.1.1/jars/classes.jar
7f54ce0ea000-7f54ce0f8000 r--s 000e0000 08:12 3809999                    /home/eric/Android/Sdk/build-tools/24.0.0/lib/dx.jar
7f54ce0f8000-7f54ce0f9000 ---p 00000000 00:00 0 
7f54ce0f9000-7f54ce1f9000 rw-p 00000000 00:00 0 
7f54ce1f9000-7f54ce1fc000 ---p 00000000 00:00 0 
7f54ce1fc000-7f54ce2fa000 rw-p 00000000 00:00 0 
7f54ce2fa000-7f54ce2fd000 ---p 00000000 00:00 0 
7f54ce2fd000-7f54ce3fb000 rw-p 00000000 00:00 0 
7f54ce3fb000-7f54ce3fe000 ---p 00000000 00:00 0 
7f54ce3fe000-7f54ce4fc000 rw-p 00000000 00:00 0 
7f54ce4fc000-7f54ce4ff000 ---p 00000000 00:00 0 
7f54ce4ff000-7f54ce5fd000 rw-p 00000000 00:00 0 
7f54ce5fd000-7f54ce600000 ---p 00000000 00:00 0 
7f54ce600000-7f54ce6fe000 rw-p 00000000 00:00 0 
7f54ce6fe000-7f54cedfe000 r--p 00000000 08:12 925954                     /usr/lib/locale/locale-archive
7f54cedfe000-7f54cee01000 ---p 00000000 00:00 0 
7f54cee01000-7f54ceeff000 rw-p 00000000 00:00 0 
7f54ceeff000-7f54cef02000 ---p 00000000 00:00 0 
7f54cef02000-7f54d1000000 rw-p 00000000 00:00 0 
7f54d1000000-7f54d1650000 rwxp 00000000 00:00 0 
7f54d1650000-7f54e0000000 ---p 00000000 00:00 0 
7f54e0000000-7f54e03ca000 rw-p 00000000 00:00 0 
7f54e03ca000-7f54e4000000 ---p 00000000 00:00 0 
7f54e4005000-7f54e4013000 r--s 0007f000 08:12 3289987                    /home/eric/program/jdk/jre/lib/ext/commons-collections-3.2.1.jar
7f54e4013000-7f54e4014000 ---p 00000000 00:00 0 
7f54e4014000-7f54e50d5000 rw-p 00000000 00:00 0 
7f54e50d5000-7f54e52ae000 r--s 03d29000 08:12 3279842                    /home/eric/program/jdk/jre/lib/rt.jar
7f54e52ae000-7f54e59a4000 rw-p 00000000 00:00 0 
7f54e59a4000-7f54e5b24000 ---p 00000000 00:00 0 
7f54e5b24000-7f54e5d24000 rw-p 00000000 00:00 0 
7f54e5d24000-7f54e5d25000 ---p 00000000 00:00 0 
7f54e5d25000-7f54e5e25000 rw-p 00000000 00:00 0 
7f54e5e25000-7f54e5e26000 ---p 00000000 00:00 0 
7f54e5e26000-7f54e5f26000 rw-p 00000000 00:00 0 
7f54e5f26000-7f54e5f27000 ---p 00000000 00:00 0 
7f54e5f27000-7f54e6027000 rw-p 00000000 00:00 0 
7f54e6027000-7f54e6028000 ---p 00000000 00:00 0 
7f54e6028000-7f54e6152000 rw-p 00000000 00:00 0 
7f54e6152000-7f54e627e000 ---p 00000000 00:00 0 
7f54e627e000-7f54e62a8000 rw-p 00000000 00:00 0 
7f54e62a8000-7f54e63d3000 ---p 00000000 00:00 0 
7f54e63d3000-7f54e6417000 rw-p 00000000 00:00 0 
7f54e6417000-7f54e647e000 ---p 00000000 00:00 0 
7f54e647e000-7f54e6499000 rw-p 00000000 00:00 0 
7f54e6499000-7f54e683f000 ---p 00000000 00:00 0 
7f54e683f000-7f54e6859000 r-xp 00000000 08:12 3279871                    /home/eric/program/jdk/jre/lib/amd64/libzip.so
7f54e6859000-7f54e6a59000 ---p 0001a000 08:12 3279871                    /home/eric/program/jdk/jre/lib/amd64/libzip.so
7f54e6a59000-7f54e6a5a000 rw-p 0001a000 08:12 3279871                    /home/eric/program/jdk/jre/lib/amd64/libzip.so
7f54e6a5a000-7f54e6a65000 r-xp 00000000 08:12 5378649                    /lib/x86_64-linux-gnu/libnss_files-2.23.so
7f54e6a65000-7f54e6c64000 ---p 0000b000 08:12 5378649                    /lib/x86_64-linux-gnu/libnss_files-2.23.so
7f54e6c64000-7f54e6c65000 r--p 0000a000 08:12 5378649                    /lib/x86_64-linux-gnu/libnss_files-2.23.so
7f54e6c65000-7f54e6c66000 rw-p 0000b000 08:12 5378649                    /lib/x86_64-linux-gnu/libnss_files-2.23.so
7f54e6c66000-7f54e6c6c000 rw-p 00000000 00:00 0 
7f54e6c6c000-7f54e6c77000 r-xp 00000000 08:12 5378660                    /lib/x86_64-linux-gnu/libnss_nis-2.23.so
7f54e6c77000-7f54e6e76000 ---p 0000b000 08:12 5378660                    /lib/x86_64-linux-gnu/libnss_nis-2.23.so
7f54e6e76000-7f54e6e77000 r--p 0000a000 08:12 5378660                    /lib/x86_64-linux-gnu/libnss_nis-2.23.so
7f54e6e77000-7f54e6e78000 rw-p 0000b000 08:12 5378660                    /lib/x86_64-linux-gnu/libnss_nis-2.23.so
7f54e6e78000-7f54e6e8e000 r-xp 00000000 08:12 5378643                    /lib/x86_64-linux-gnu/libnsl-2.23.so
7f54e6e8e000-7f54e708d000 ---p 00016000 08:12 5378643                    /lib/x86_64-linux-gnu/libnsl-2.23.so
7f54e708d000-7f54e708e000 r--p 00015000 08:12 5378643                    /lib/x86_64-linux-gnu/libnsl-2.23.so
7f54e708e000-7f54e708f000 rw-p 00016000 08:12 5378643                    /lib/x86_64-linux-gnu/libnsl-2.23.so
7f54e708f000-7f54e7091000 rw-p 00000000 00:00 0 
7f54e7091000-7f54e7099000 r-xp 00000000 08:12 5378645                    /lib/x86_64-linux-gnu/libnss_compat-2.23.so
7f54e7099000-7f54e7298000 ---p 00008000 08:12 5378645                    /lib/x86_64-linux-gnu/libnss_compat-2.23.so
7f54e7298000-7f54e7299000 r--p 00007000 08:12 5378645                    /lib/x86_64-linux-gnu/libnss_compat-2.23.so
7f54e7299000-7f54e729a000 rw-p 00008000 08:12 5378645                    /lib/x86_64-linux-gnu/libnss_compat-2.23.so
7f54e729a000-7f54e72c4000 r-xp 00000000 08:12 3279897                    /home/eric/program/jdk/jre/lib/amd64/libjava.so
7f54e72c4000-7f54e74c4000 ---p 0002a000 08:12 3279897                    /home/eric/program/jdk/jre/lib/amd64/libjava.so
7f54e74c4000-7f54e74c6000 rw-p 0002a000 08:12 3279897                    /home/eric/program/jdk/jre/lib/amd64/libjava.so
7f54e74c6000-7f54e74d3000 r-xp 00000000 08:12 3279851                    /home/eric/program/jdk/jre/lib/amd64/libverify.so
7f54e74d3000-7f54e76d3000 ---p 0000d000 08:12 3279851                    /home/eric/program/jdk/jre/lib/amd64/libverify.so
7f54e76d3000-7f54e76d5000 rw-p 0000d000 08:12 3279851                    /home/eric/program/jdk/jre/lib/amd64/libverify.so
7f54e76d5000-7f54e76dc000 r-xp 00000000 08:12 5378705                    /lib/x86_64-linux-gnu/librt-2.23.so
7f54e76dc000-7f54e78db000 ---p 00007000 08:12 5378705                    /lib/x86_64-linux-gnu/librt-2.23.so
7f54e78db000-7f54e78dc000 r--p 00006000 08:12 5378705                    /lib/x86_64-linux-gnu/librt-2.23.so
7f54e78dc000-7f54e78dd000 rw-p 00007000 08:12 5378705                    /lib/x86_64-linux-gnu/librt-2.23.so
7f54e78dd000-7f54e79e5000 r-xp 00000000 08:12 5378622                    /lib/x86_64-linux-gnu/libm-2.23.so
7f54e79e5000-7f54e7be4000 ---p 00108000 08:12 5378622                    /lib/x86_64-linux-gnu/libm-2.23.so
7f54e7be4000-7f54e7be5000 r--p 00107000 08:12 5378622                    /lib/x86_64-linux-gnu/libm-2.23.so
7f54e7be5000-7f54e7be6000 rw-p 00108000 08:12 5378622                    /lib/x86_64-linux-gnu/libm-2.23.so
7f54e7be6000-7f54e88b1000 r-xp 00000000 08:12 3279901                    /home/eric/program/jdk/jre/lib/amd64/server/libjvm.so
7f54e88b1000-7f54e8ab0000 ---p 00ccb000 08:12 3279901                    /home/eric/program/jdk/jre/lib/amd64/server/libjvm.so
7f54e8ab0000-7f54e8b89000 rw-p 00cca000 08:12 3279901                    /home/eric/program/jdk/jre/lib/amd64/server/libjvm.so
7f54e8b89000-7f54e8bd4000 rw-p 00000000 00:00 0 
7f54e8bd4000-7f54e8d94000 r-xp 00000000 08:12 5378554                    /lib/x86_64-linux-gnu/libc-2.23.so
7f54e8d94000-7f54e8f93000 ---p 001c0000 08:12 5378554                    /lib/x86_64-linux-gnu/libc-2.23.so
7f54e8f93000-7f54e8f97000 r--p 001bf000 08:12 5378554                    /lib/x86_64-linux-gnu/libc-2.23.so
7f54e8f97000-7f54e8f99000 rw-p 001c3000 08:12 5378554                    /lib/x86_64-linux-gnu/libc-2.23.so
7f54e8f99000-7f54e8f9d000 rw-p 00000000 00:00 0 
7f54e8f9d000-7f54e8fa0000 r-xp 00000000 08:12 5378576                    /lib/x86_64-linux-gnu/libdl-2.23.so
7f54e8fa0000-7f54e919f000 ---p 00003000 08:12 5378576                    /lib/x86_64-linux-gnu/libdl-2.23.so
7f54e919f000-7f54e91a0000 r--p 00002000 08:12 5378576                    /lib/x86_64-linux-gnu/libdl-2.23.so
7f54e91a0000-7f54e91a1000 rw-p 00003000 08:12 5378576                    /lib/x86_64-linux-gnu/libdl-2.23.so
7f54e91a1000-7f54e91b6000 r-xp 00000000 08:12 3278985                    /home/eric/program/jdk/lib/amd64/jli/libjli.so
7f54e91b6000-7f54e93b6000 ---p 00015000 08:12 3278985                    /home/eric/program/jdk/lib/amd64/jli/libjli.so
7f54e93b6000-7f54e93b7000 rw-p 00015000 08:12 3278985                    /home/eric/program/jdk/lib/amd64/jli/libjli.so
7f54e93b7000-7f54e93cf000 r-xp 00000000 08:12 5378697                    /lib/x86_64-linux-gnu/libpthread-2.23.so
7f54e93cf000-7f54e95ce000 ---p 00018000 08:12 5378697                    /lib/x86_64-linux-gnu/libpthread-2.23.so
7f54e95ce000-7f54e95cf000 r--p 00017000 08:12 5378697                    /lib/x86_64-linux-gnu/libpthread-2.23.so
7f54e95cf000-7f54e95d0000 rw-p 00018000 08:12 5378697                    /lib/x86_64-linux-gnu/libpthread-2.23.so
7f54e95d0000-7f54e95d4000 rw-p 00000000 00:00 0 
7f54e95d4000-7f54e95fa000 r-xp 00000000 08:12 5378526                    /lib/x86_64-linux-gnu/ld-2.23.so
7f54e95fe000-7f54e96d7000 rw-p 00000000 00:00 0 
7f54e96d7000-7f54e96da000 ---p 00000000 00:00 0 
7f54e96da000-7f54e97dc000 rw-p 00000000 00:00 0 
7f54e97dc000-7f54e97e1000 r--s 00035000 08:12 3290011                    /home/eric/program/jdk/jre/lib/ext/commons-beanutils-1.9.2.jar
7f54e97e1000-7f54e97eb000 r--s 000e8000 08:12 3289072                    /home/eric/program/jdk/jre/lib/ext/mysql-connector-java-5.1.39-bin.jar
7f54e97eb000-7f54e97ed000 r--s 0000d000 08:12 3290171                    /home/eric/program/jdk/jre/lib/ext/commons-logging-1.1.1.jar
7f54e97ed000-7f54e97f5000 rw-s 00000000 08:12 2756412                    /tmp/hsperfdata_eric/21170
7f54e97f5000-7f54e97f6000 rw-p 00000000 00:00 0 
7f54e97f6000-7f54e97f7000 ---p 00000000 00:00 0 
7f54e97f7000-7f54e97f9000 rw-p 00000000 00:00 0 
7f54e97f9000-7f54e97fa000 r--p 00025000 08:12 5378526                    /lib/x86_64-linux-gnu/ld-2.23.so
7f54e97fa000-7f54e97fb000 rw-p 00026000 08:12 5378526                    /lib/x86_64-linux-gnu/ld-2.23.so
7f54e97fb000-7f54e97fc000 rw-p 00000000 00:00 0 
7ffd1dac2000-7ffd1dae3000 rw-p 00000000 00:00 0                          [stack]
7ffd1db13000-7ffd1db15000 r--p 00000000 00:00 0                          [vvar]
7ffd1db15000-7ffd1db17000 r-xp 00000000 00:00 0                          [vdso]
ffffffffff600000-ffffffffff601000 r-xp 00000000 00:00 0                  [vsyscall]

VM Arguments:
jvm_args: -Djava.awt.headless=true -Xmx1024M -Dfile.encoding=UTF-8 -Duser.country=CN -Duser.language=zh -Duser.variant 
java_command: com.android.dx.command.Main --dex --num-threads=4 --output /home/eric/project/AndroidStudioProjects/TimeTable/app/build/intermediates/pre-dexed/debug/com.android.support-appcompat-v7-24.1.1_c9c1c0164b37324f6d1386a85aa94a4be79903f4.jar /home/eric/project/AndroidStudioProjects/TimeTable/app/build/intermediates/exploded-aar/com.android.support/appcompat-v7/24.1.1/jars/classes.jar
java_class_path (initial): /home/eric/Android/Sdk/build-tools/24.0.0/lib/dx.jar
Launcher Type: SUN_STANDARD

Environment Variables:
JAVA_HOME=/home/eric/program/jdk
PATH=/usr/local/sbin:/usr/local/bin:/usr/sbin:/usr/bin:/sbin:/bin:/usr/games:/usr/local/games:/snap/bin
USERNAME=eric
LD_LIBRARY_PATH=/home/eric/program/android-studio/bin:
SHELL=/bin/bash
DISPLAY=:1

Signal Handlers:
SIGSEGV: [libjvm.so+0xac4790], sa_mask[0]=11111111011111111101111111111110, sa_flags=SA_RESTART|SA_SIGINFO
SIGBUS: [libjvm.so+0xac4790], sa_mask[0]=11111111011111111101111111111110, sa_flags=SA_RESTART|SA_SIGINFO
SIGFPE: [libjvm.so+0x91f140], sa_mask[0]=11111111011111111101111111111110, sa_flags=SA_RESTART|SA_SIGINFO
SIGPIPE: [libjvm.so+0x91f140], sa_mask[0]=11111111011111111101111111111110, sa_flags=SA_RESTART|SA_SIGINFO
SIGXFSZ: [libjvm.so+0x91f140], sa_mask[0]=11111111011111111101111111111110, sa_flags=SA_RESTART|SA_SIGINFO
SIGILL: [libjvm.so+0x91f140], sa_mask[0]=11111111011111111101111111111110, sa_flags=SA_RESTART|SA_SIGINFO
SIGUSR1: SIG_DFL, sa_mask[0]=00000000000000000000000000000000, sa_flags=none
SIGUSR2: [libjvm.so+0x920770], sa_mask[0]=00100000000000000000000000000000, sa_flags=SA_RESTART|SA_SIGINFO
SIGHUP: [libjvm.so+0x921b70], sa_mask[0]=11111111011111111101111111111110, sa_flags=SA_RESTART|SA_SIGINFO
SIGINT: [libjvm.so+0x921b70], sa_mask[0]=11111111011111111101111111111110, sa_flags=SA_RESTART|SA_SIGINFO
SIGTERM: [libjvm.so+0x921b70], sa_mask[0]=11111111011111111101111111111110, sa_flags=SA_RESTART|SA_SIGINFO
SIGQUIT: [libjvm.so+0x921b70], sa_mask[0]=11111111011111111101111111111110, sa_flags=SA_RESTART|SA_SIGINFO


---------------  S Y S T E M  ---------------

OS:DISTRIB_ID=Ubuntu
DISTRIB_RELEASE=16.04
DISTRIB_CODENAME=xenial
DISTRIB_DESCRIPTION="Ubuntu 16.04.1 LTS"

uname:Linux 4.4.0-21-generic #37-Ubuntu SMP Mon Apr 18 18:33:37 UTC 2016 x86_64
libc:glibc 2.23 NPTL 2.23 
rlimit: STACK 8192k, CORE 0k, NPROC 31488, NOFILE 65536, AS infinity
load average:4.32 2.06 2.33

/proc/meminfo:
MemTotal:        8099688 kB
MemFree:           53852 kB
MemAvailable:     114608 kB
Buffers:            1256 kB
Cached:          2056252 kB
SwapCached:            0 kB
Active:          5958500 kB
Inactive:        1853944 kB
Active(anon):    5932192 kB
Inactive(anon):  1828620 kB
Active(file):      26308 kB
Inactive(file):    25324 kB
Unevictable:          96 kB
Mlocked:              96 kB
SwapTotal:             0 kB
SwapFree:              0 kB
Dirty:              4280 kB
Writeback:            16 kB
AnonPages:       5754452 kB
Mapped:           691264 kB
Shmem:           2006548 kB
Slab:             100144 kB
SReclaimable:      51484 kB
SUnreclaim:        48660 kB
KernelStack:       15328 kB
PageTables:        59540 kB
NFS_Unstable:          0 kB
Bounce:                0 kB
WritebackTmp:          0 kB
CommitLimit:     4049844 kB
Committed_AS:   15024208 kB
VmallocTotal:   34359738367 kB
VmallocUsed:           0 kB
VmallocChunk:          0 kB
HardwareCorrupted:     0 kB
AnonHugePages:   2545664 kB
CmaTotal:              0 kB
CmaFree:               0 kB
HugePages_Total:       0
HugePages_Free:        0
HugePages_Rsvd:        0
HugePages_Surp:        0
Hugepagesize:       2048 kB
DirectMap4k:      205504 kB
DirectMap2M:     8108032 kB
DirectMap1G:     1048576 kB


CPU:total 4 (2 cores per cpu, 2 threads per core) family 6 model 60 stepping 3, cmov, cx8, fxsr, mmx, sse, sse2, sse3, ssse3, sse4.1, sse4.2, popcnt, avx, avx2, clmul, erms, lzcnt, ht, tsc, tscinvbit, bmi1, bmi2

/proc/cpuinfo:
processor	: 0
vendor_id	: GenuineIntel
cpu family	: 6
model		: 60
model name	: Intel(R) Core(TM) i3-4000M CPU @ 2.40GHz
stepping	: 3
microcode	: 0x17
cpu MHz		: 2400.000
cache size	: 3072 KB
physical id	: 0
siblings	: 4
core id		: 0
cpu cores	: 2
apicid		: 0
initial apicid	: 0
fpu		: yes
fpu_exception	: yes
cpuid level	: 13
wp		: yes
flags		: fpu vme de pse tsc msr pae mce cx8 apic sep mtrr pge mca cmov pat pse36 clflush dts acpi mmx fxsr sse sse2 ss ht tm pbe syscall nx pdpe1gb rdtscp lm constant_tsc arch_perfmon pebs bts rep_good nopl xtopology nonstop_tsc aperfmperf eagerfpu pni pclmulqdq dtes64 monitor ds_cpl vmx est tm2 ssse3 sdbg fma cx16 xtpr pdcm pcid sse4_1 sse4_2 movbe popcnt tsc_deadline_timer xsave avx f16c rdrand lahf_lm abm epb tpr_shadow vnmi flexpriority ept vpid fsgsbase tsc_adjust bmi1 avx2 smep bmi2 erms invpcid xsaveopt dtherm arat pln pts
bugs		:
bogomips	: 4789.14
clflush size	: 64
cache_alignment	: 64
address sizes	: 39 bits physical, 48 bits virtual
power management:

processor	: 1
vendor_id	: GenuineIntel
cpu family	: 6
model		: 60
model name	: Intel(R) Core(TM) i3-4000M CPU @ 2.40GHz
stepping	: 3
microcode	: 0x17
cpu MHz		: 2400.000
cache size	: 3072 KB
physical id	: 0
siblings	: 4
core id		: 0
cpu cores	: 2
apicid		: 1
initial apicid	: 1
fpu		: yes
fpu_exception	: yes
cpuid level	: 13
wp		: yes
flags		: fpu vme de pse tsc msr pae mce cx8 apic sep mtrr pge mca cmov pat pse36 clflush dts acpi mmx fxsr sse sse2 ss ht tm pbe syscall nx pdpe1gb rdtscp lm constant_tsc arch_perfmon pebs bts rep_good nopl xtopology nonstop_tsc aperfmperf eagerfpu pni pclmulqdq dtes64 monitor ds_cpl vmx est tm2 ssse3 sdbg fma cx16 xtpr pdcm pcid sse4_1 sse4_2 movbe popcnt tsc_deadline_timer xsave avx f16c rdrand lahf_lm abm epb tpr_shadow vnmi flexpriority ept vpid fsgsbase tsc_adjust bmi1 avx2 smep bmi2 erms invpcid xsaveopt dtherm arat pln pts
bugs		:
bogomips	: 4789.14
clflush size	: 64
cache_alignment	: 64
address sizes	: 39 bits physical, 48 bits virtual
power management:

processor	: 2
vendor_id	: GenuineIntel
cpu family	: 6
model		: 60
model name	: Intel(R) Core(TM) i3-4000M CPU @ 2.40GHz
stepping	: 3
microcode	: 0x17
cpu MHz		: 2399.906
cache size	: 3072 KB
physical id	: 0
siblings	: 4
core id		: 1
cpu cores	: 2
apicid		: 2
initial apicid	: 2
fpu		: yes
fpu_exception	: yes
cpuid level	: 13
wp		: yes
flags		: fpu vme de pse tsc msr pae mce cx8 apic sep mtrr pge mca cmov pat pse36 clflush dts acpi mmx fxsr sse sse2 ss ht tm pbe syscall nx pdpe1gb rdtscp lm constant_tsc arch_perfmon pebs bts rep_good nopl xtopology nonstop_tsc aperfmperf eagerfpu pni pclmulqdq dtes64 monitor ds_cpl vmx est tm2 ssse3 sdbg fma cx16 xtpr pdcm pcid sse4_1 sse4_2 movbe popcnt tsc_deadline_timer xsave avx f16c rdrand lahf_lm abm epb tpr_shadow vnmi flexpriority ept vpid fsgsbase tsc_adjust bmi1 avx2 smep bmi2 erms invpcid xsaveopt dtherm arat pln pts
bugs		:
bogomips	: 4789.14
clflush size	: 64
cache_alignment	: 64
address sizes	: 39 bits physical, 48 bits virtual
power management:

processor	: 3
vendor_id	: GenuineIntel
cpu family	: 6
model		: 60
model name	: Intel(R) Core(TM) i3-4000M CPU @ 2.40GHz
stepping	: 3
microcode	: 0x17
cpu MHz		: 2400.000
cache size	: 3072 KB
physical id	: 0
siblings	: 4
core id		: 1
cpu cores	: 2
apicid		: 3
initial apicid	: 3
fpu		: yes
fpu_exception	: yes
cpuid level	: 13
wp		: yes
flags		: fpu vme de pse tsc msr pae mce cx8 apic sep mtrr pge mca cmov pat pse36 clflush dts acpi mmx fxsr sse sse2 ss ht tm pbe syscall nx pdpe1gb rdtscp lm constant_tsc arch_perfmon pebs bts rep_good nopl xtopology nonstop_tsc aperfmperf eagerfpu pni pclmulqdq dtes64 monitor ds_cpl vmx est tm2 ssse3 sdbg fma cx16 xtpr pdcm pcid sse4_1 sse4_2 movbe popcnt tsc_deadline_timer xsave avx f16c rdrand lahf_lm abm epb tpr_shadow vnmi flexpriority ept vpid fsgsbase tsc_adjust bmi1 avx2 smep bmi2 erms invpcid xsaveopt dtherm arat pln pts
bugs		:
bogomips	: 4789.14
clflush size	: 64
cache_alignment	: 64
address sizes	: 39 bits physical, 48 bits virtual
power management:



Memory: 4k page, physical 8099688k(54196k free), swap 0k(0k free)

vm_info: Java HotSpot(TM) 64-Bit Server VM (25.101-b13) for linux-amd64 JRE (1.8.0_101-b13), built on Jun 22 2016 02:59:44 by "java_re" with gcc 4.3.0 20080428 (Red Hat 4.3.0-8)

time: Thu Sep 15 17:42:07 2016
elapsed time: 7 seconds (0d 0h 0m 7s)

